    Finished release [optimized] target(s) in 0.00s
     Running `target/release/shortest-path-server`
7,9,11031,12,6
65536,32768,11472,5047,8716
5,4,11009,2,2
4,2,10928,2,2
7,9,10293,6,7
65536,32768,11371,4389,8347
5,4,10045,2,4
4,2,10291,2,2
7,9,10340,3,4
65536,32768,12385,3907,7313
5,4,10992,2,4
4,2,10316,2,2
7,9,10120,4,5
65536,32768,11402,4680,7278
5,4,10775,2,13
4,2,10355,2,2
7,9,11006,2,3
65536,32768,10567,4106,6828
5,4,10259,2,4
4,2,11144,2,2
7,9,10381,4,4
65536,32768,12471,3911,6713
5,4,10376,2,4
4,2,10274,2,2
7,9,10149,3,4
65536,32768,11455,3515,7529
5,4,10975,2,4
4,2,11193,2,2
7,9,10237,3,4
65536,32768,12479,4910,6854
5,4,10162,2,5
4,2,11243,3,3
7,9,11132,2,3
65536,32768,11534,3632,7164
5,4,11902,2,14
4,2,10095,3,3
7,9,11080,2,4
65536,32768,10558,3545,7265
5,4,10491,2,4
4,2,10314,2,2
7,9,10352,2,4
65536,32768,11511,4364,7011
5,4,10492,2,4
4,2,11244,2,2
7,9,11343,2,3
65536,32768,10571,3812,7149
5,4,11040,2,4
4,2,11392,2,2
7,9,10447,2,4
65536,32768,11614,4006,7222
5,4,11402,2,15
4,2,11452,2,12
7,9,10218,2,4
65536,32768,11702,3633,6732
5,4,10815,2,4
4,2,10343,2,2
7,9,11404,2,4
65536,32768,10720,4021,7296
5,4,11516,2,5
4,2,11395,2,2
7,9,10094,3,3
65536,32768,10560,4931,6653
5,4,10465,2,4
4,2,10450,2,2
7,9,10151,3,4
65536,32768,10584,3424,7190
5,4,10671,2,4
4,2,10095,2,2
7,9,11368,5,15
65536,32768,11279,3693,7411
5,4,10164,2,4
4,2,10331,2,2
7,9,10508,12,4
65536,32768,10619,3244,7303
5,4,10727,4,16
4,2,10430,2,2
7,9,10925,11,4
65536,32768,10606,3270,7544
5,4,10513,2,4
4,2,10237,3,3
7,9,10704,11,3
65536,32768,11006,3283,10869
5,4,10787,3,6
4,2,10337,4,3
7,9,10789,13,5
65536,32768,10689,3454,7421
5,4,11266,3,7
4,2,10183,4,4
7,9,10949,3,4
65536,32768,10548,3945,7524
5,4,10314,2,5
4,2,10180,3,4
7,9,10985,4,5
65536,32768,10590,3903,8001
5,4,10137,2,4
4,2,11088,2,2
7,9,11191,2,4
65536,32768,12129,6070,7084
5,4,11019,2,5
4,2,11426,2,2
7,9,10431,3,4
65536,32768,11354,3527,7015
5,4,11805,2,5
4,2,10371,2,2
7,9,11354,3,4
65536,32768,10770,3648,7274
5,4,11974,3,5
4,2,11472,11,2
7,9,10135,3,4
65536,32768,11071,3826,6775
5,4,10664,2,5
4,2,10331,2,2
7,9,10276,4,6
65536,32768,11353,3749,7047
5,4,10175,2,5
4,2,10230,2,2
7,9,10365,3,4
65536,32768,10654,3469,7651
5,4,10850,2,5
4,2,10363,12,3
7,9,10065,3,4
65536,32768,11297,3343,7380
5,4,10401,2,15
4,2,10443,2,2
7,9,10878,2,4
65536,32768,10675,3211,7790
5,4,10322,2,4
4,2,10864,3,3
7,9,11925,4,5
65536,32768,10625,3255,10389
5,4,10724,2,4
4,2,11325,2,2
7,9,11333,2,4
65536,32768,12403,5431,6790
5,4,10670,2,5
4,2,10403,2,2
7,9,10477,3,4
65536,32768,12413,3741,7307
5,4,10976,2,5
4,2,10298,2,2
7,9,12046,3,4
65536,32768,10721,3614,7042
5,4,10246,2,5
4,2,10340,2,2
7,9,10307,3,4
65536,32768,10753,3492,7262
5,4,10531,2,5
4,2,10156,2,2
7,9,11443,3,4
65536,32768,11447,6301,7187
5,4,10364,2,5
4,2,10762,2,2
7,9,10857,2,4
65536,32768,12454,3797,6995
5,4,10340,2,5
4,2,10332,11,2
7,9,11053,3,4
65536,32768,11264,3613,6670
5,4,10864,5,8
4,2,10424,2,2
7,9,10346,3,4
65536,32768,10646,3923,7417
5,4,10924,3,5
4,2,10152,2,2
7,9,10358,3,5
65536,32768,11393,3649,7701
5,4,10141,2,5
4,2,10125,2,3
7,9,10549,3,4
65536,32768,11165,3263,7380
5,4,10822,2,5
4,2,10246,2,2
7,9,10123,3,4
65536,32768,10720,3884,7910
5,4,11564,12,5
4,2,11098,2,2
7,9,10691,3,4
65536,32768,12400,3492,6467
5,4,10122,2,14
4,2,10922,2,2
7,9,11334,3,4
65536,32768,11382,3730,6770
5,4,10341,2,5
4,2,10348,2,2
7,9,10267,12,4
65536,32768,12667,3349,7229
5,4,10659,12,5
4,2,10169,2,2
7,9,11001,3,4
65536,32768,11660,3763,7334
5,4,10135,2,5
4,2,10423,2,2
7,9,10400,4,5
65536,32768,10566,3948,6840
5,4,11342,11,5
4,2,10289,2,2
7,9,11419,4,5
65536,32768,10707,3931,7213
5,4,10981,2,5
4,2,10446,2,2
7,9,10445,3,4
65536,32768,12041,3826,8032
5,4,10353,2,4
4,2,10306,2,2
7,9,11550,3,4
65536,32768,12249,3598,6710
5,4,10095,2,5
4,2,10388,3,3
7,9,11407,3,4
65536,32768,11246,3373,7685
5,4,10221,2,5
4,2,11465,2,3
7,9,10411,3,5
65536,32768,10830,3355,7442
5,4,10452,2,5
4,2,10326,2,2
7,9,11764,3,15
65536,32768,10911,3842,7283
5,4,10174,12,5
4,2,10334,2,3
7,9,11240,3,14
65536,32768,11558,3794,7720
5,4,10426,2,5
4,2,10228,2,2
7,9,10404,3,13
65536,32768,11219,3599,7976
5,4,10679,2,5
4,2,10350,10,2
7,9,11038,3,4
65536,32768,10897,3507,7531
5,4,10918,2,4
4,2,11027,4,4
7,9,11112,4,5
65536,32768,12024,3333,7261
5,4,10810,2,5
4,2,10298,2,2
7,9,10318,2,4
65536,32768,11898,3325,7485
5,4,11213,2,5
4,2,12012,2,2
7,9,11123,4,5
65536,32768,10589,3360,7249
5,4,10744,2,5
4,2,10207,2,2
7,9,10154,3,4
65536,32768,11278,3361,7418
5,4,11410,2,15
4,2,11404,2,2
7,9,11099,3,4
65536,32768,11139,3521,6988
5,4,10470,2,5
4,2,10313,2,2
7,9,11220,3,4
65536,32768,10922,3302,7539
5,4,10298,11,5
4,2,11089,2,2
7,9,10193,2,4
65536,32768,11404,3301,7618
5,4,10125,2,5
4,2,10434,2,2
7,9,10236,2,4
65536,32768,12410,3394,7906
5,4,11891,2,5
4,2,10930,2,2
7,9,10249,4,5
65536,32768,11017,4280,7378
5,4,10531,11,4
4,2,10227,2,2
7,9,10196,2,4
65536,32768,11071,3784,8136
5,4,10537,2,5
4,2,10421,2,2
7,9,10280,4,5
65536,32768,12344,3396,8220
5,4,10436,2,3
4,2,10412,2,2
7,9,10347,4,6
65536,32768,11189,3520,7945
5,4,11185,4,7
4,2,10610,2,2
7,9,11243,14,5
65536,32768,11352,3447,7418
5,4,10258,2,5
4,2,10393,11,2
7,9,10849,3,4
65536,32768,11378,3445,7498
5,4,10551,2,5
4,2,10366,2,2
7,9,11432,3,4
65536,32768,11377,3605,7512
5,4,10119,11,5
4,2,10453,3,3
7,9,10097,2,14
65536,32768,10756,6597,7805
5,4,10793,2,4
4,2,10357,2,2
7,9,11104,3,4
65536,32768,11362,3860,7780
5,4,11890,2,5
4,2,10230,2,2
7,9,11412,2,5
65536,32768,10749,3478,6910
5,4,12023,2,5
4,2,10122,2,2
7,9,10352,4,5
65536,32768,11309,3400,7749
5,4,10112,2,5
4,2,11169,2,2
7,9,11367,3,5
65536,32768,11165,3693,7553
5,4,10513,2,5
4,2,10406,2,2
7,9,10430,4,5
65536,32768,12062,3586,7202
5,4,11508,11,5
4,2,10302,2,2
7,9,11320,3,13
65536,32768,10606,3409,7148
5,4,11929,2,5
4,2,10164,3,3
7,9,11368,5,6
65536,32768,11394,3572,7513
5,4,10149,3,7
4,2,10127,2,2
7,9,11253,6,7
65536,32768,12585,3786,7134
5,4,11015,2,5
4,2,10512,2,2
7,9,10470,3,4
65536,32768,10586,3964,6958
5,4,11616,2,14
4,2,11343,2,2
7,9,10258,4,16
65536,32768,11345,3888,7460
5,4,10236,2,5
4,2,10522,2,2
7,9,11328,3,4
65536,32768,11574,5192,7568
5,4,11404,2,7
4,2,10205,2,2
7,9,10315,3,4
65536,32768,10780,3353,7540
5,4,11318,2,5
4,2,10410,2,2
7,9,10389,13,4
65536,32768,11456,3374,7960
5,4,11831,2,5
4,2,10386,11,2
7,9,10261,3,4
65536,32768,10571,3292,7597
5,4,11130,2,4
4,2,11255,2,2
7,9,10990,3,4
65536,32768,11405,3430,7504
5,4,10272,2,5
4,2,11173,2,3
7,9,10058,3,4
65536,32768,11063,3354,7589
5,4,10048,2,5
4,2,10249,2,2
7,9,11329,3,4
65536,32768,11189,3657,8700
5,4,11423,13,16
4,2,10227,2,2
7,9,10319,5,6
65536,32768,11025,3447,7334
5,4,11360,2,6
4,2,10515,3,13
7,9,10176,5,5
65536,32768,10894,4078,6875
5,4,10154,2,5
4,2,10327,2,2
7,9,10186,5,6
65536,32768,10978,3322,7986
5,4,11990,11,5
4,2,11168,12,2
7,9,11430,3,4
65536,32768,10635,3890,6737
5,4,10470,2,5
4,2,10283,2,2
7,9,10851,5,5
65536,32768,11294,4008,7428
5,4,10775,2,5
4,2,11250,2,2
7,9,11486,2,4
65536,32768,10667,3452,7489
5,4,10251,2,14
4,2,10323,2,2
7,9,11051,4,5
65536,32768,11598,3413,7665
5,4,11068,3,6
4,2,10271,2,2
7,9,11291,3,4
65536,32768,11992,4101,7749
5,4,10328,2,21
4,2,10303,2,2
7,9,10292,3,14
65536,32768,11627,3858,6905
5,4,10387,2,5
4,2,10448,2,2
7,9,11370,4,6
65536,32768,11239,5590,7181
5,4,10243,2,5
4,2,11255,2,2
7,9,10575,4,5
65536,32768,11660,3588,7817
5,4,10881,3,6
4,2,10155,2,2
7,9,11492,2,4
65536,32768,11605,3629,7184
5,4,11446,3,14
4,2,10279,2,2
7,9,10478,4,5
65536,32768,11569,3414,7451
5,4,10285,2,5
4,2,10813,2,2
7,9,10352,3,4
65536,32768,12289,3677,7592
5,4,11002,2,5
4,2,11300,12,3
7,9,10194,3,4
65536,32768,11476,3567,7315
5,4,10521,3,5
4,2,11478,2,11
7,9,10263,3,4
65536,32768,11410,3555,7165
5,4,10797,2,5
4,2,10414,1,2
7,9,10403,4,5
65536,32768,11142,3280,8214
5,4,11833,2,5
4,2,11418,2,2
7,9,10147,5,6
65536,32768,11946,4768,6970
5,4,10487,2,5
4,2,10272,2,2
7,9,10317,5,7
65536,32768,12421,3863,7344
5,4,10188,2,5
4,2,10361,2,2
7,9,10230,3,4
65536,32768,11264,3636,7757
5,4,10865,3,15
4,2,10414,11,2
7,9,10377,3,4
65536,32768,12125,3614,7779
5,4,10852,2,5
4,2,11103,3,3
7,9,10421,6,8
65536,32768,11112,3659,7354
5,4,10467,2,5
4,2,10408,2,2
7,9,10332,5,6
65536,32768,10667,3629,7459
5,4,10096,2,5
4,2,10474,2,2
7,9,10051,3,4
65536,32768,10921,3369,7971
5,4,10802,2,5
4,2,10976,2,2
7,9,11547,3,4
65536,32768,10663,3371,8001
5,4,10794,2,6
4,2,11006,2,2
7,9,10931,3,4
65536,32768,12317,4323,6930
5,4,11808,2,5
4,2,10383,2,2
7,9,10300,3,4
65536,32768,12487,3782,7586
5,4,10889,2,5
4,2,10361,2,2
7,9,11400,3,4
65536,32768,10528,3488,7271
5,4,10558,2,6
4,2,10300,2,2
7,9,10316,4,6
65536,32768,11261,3647,7903
5,4,10715,14,7
4,2,10166,2,2
7,9,10278,3,4
65536,32768,11305,3886,7488
5,4,10962,2,5
4,2,10631,2,2
7,9,10405,3,4
65536,32768,10988,3642,7829
5,4,10444,2,5
4,2,10104,2,3
7,9,10419,3,4
65536,32768,12628,3524,7531
5,4,11003,2,6
4,2,10785,2,2
7,9,10167,3,4
65536,32768,10902,4010,11142
5,4,11721,11,5
4,2,10111,2,3
7,9,10275,3,4
65536,32768,11597,3708,7637
5,4,10590,2,5
4,2,12034,2,2
7,9,10390,3,4
65536,32768,10708,3270,7703
5,4,10527,2,5
4,2,10213,2,2
7,9,11335,3,4
65536,32768,10657,3207,7767
5,4,10691,11,6
4,2,11015,2,2
7,9,10333,3,4
65536,32768,10973,3272,7950
5,4,10562,13,7
4,2,10064,2,2
7,9,10422,2,4
65536,32768,10616,3823,7260
5,4,10370,2,5
4,2,10263,3,3
7,9,10844,2,4
65536,32768,11653,3820,7236
5,4,11033,2,5
4,2,11983,2,2
7,9,10286,2,4
65536,32768,10615,3814,7205
5,4,10991,2,5
4,2,10351,2,2
7,9,10219,2,4
65536,32768,11461,3867,7051
5,4,11230,2,14
4,2,10282,2,2
7,9,10785,2,4
65536,32768,11469,3629,7095
5,4,10228,2,5
4,2,10833,2,2
7,9,10311,4,5
65536,32768,12305,3479,7260
5,4,11616,2,5
4,2,10273,2,2
7,9,11358,4,16
65536,32768,10841,3510,7464
5,4,10228,2,4
4,2,11450,2,2
7,9,10366,3,4
65536,32768,10658,3563,8095
5,4,10243,2,5
4,2,10148,2,2
7,9,10320,3,4
65536,32768,10812,3925,7710
5,4,10669,2,5
4,2,11716,2,2
7,9,11800,5,5
65536,32768,11216,3830,7576
5,4,10418,2,6
4,2,10956,2,2
7,9,10557,4,4
65536,32768,12082,3877,7817
5,4,10847,3,15
4,2,10258,2,2
7,9,10815,4,5
65536,32768,11156,3308,9072
5,4,10814,4,15
4,2,11176,2,2
7,9,10924,3,4
65536,32768,10524,3279,10683
5,4,10970,12,6
4,2,10145,3,2
7,9,10235,4,6
65536,32768,11646,3757,7024
5,4,10304,2,5
4,2,10175,2,2
7,9,10937,3,21
65536,32768,11188,3554,7235
5,4,11578,2,5
4,2,10122,3,4
7,9,10908,3,4
65536,32768,10766,3648,7799
5,4,10666,2,14
4,2,10234,2,2
7,9,11952,3,4
65536,32768,11790,3637,7563
5,4,10635,2,5
4,2,10768,2,2
7,9,11194,2,4
65536,32768,11957,3489,7810
5,4,10932,2,6
4,2,10255,2,2
7,9,10427,3,4
65536,32768,11946,5680,7117
5,4,10892,2,5
4,2,11489,2,2
7,9,10502,2,4
65536,32768,10555,3719,6895
5,4,10553,2,5
4,2,10448,2,2
7,9,10431,3,4
65536,32768,12195,4137,6769
5,4,10372,2,5
4,2,10363,2,2
7,9,10291,3,4
65536,32768,10845,3637,7407
5,4,10229,2,4
4,2,10514,3,3
7,9,10220,2,4
65536,32768,11453,3496,7605
5,4,10172,2,5
4,2,11373,2,11
7,9,11246,3,4
65536,32768,12461,3462,7703
5,4,10177,2,5
4,2,10395,2,2
7,9,10370,3,4
65536,32768,12059,3899,6907
5,4,10733,2,5
4,2,10252,2,2
7,9,10511,5,4
65536,32768,11135,3640,7813
5,4,10684,2,5
4,2,11854,2,2
7,9,10431,5,6
65536,32768,12077,3658,6940
5,4,10852,3,7
4,2,11986,2,2
7,9,10119,3,4
65536,32768,10621,3837,7568
5,4,10812,2,4
4,2,10411,2,2
7,9,11390,2,4
65536,32768,11414,3839,6697
5,4,11814,2,14
4,2,10383,2,2
7,9,11364,3,4
65536,32768,10697,3444,6751
5,4,10058,2,14
4,2,11290,2,11
7,9,10282,11,4
65536,32768,10727,3629,7449
5,4,10246,2,14
4,2,11153,2,2
7,9,10193,3,4
65536,32768,10522,3790,7502
5,4,10068,2,5
4,2,10175,2,2
7,9,10835,4,5
65536,32768,10670,3667,7270
5,4,11025,2,5
4,2,10337,2,3
7,9,11837,3,4
65536,32768,11443,3424,7370
5,4,10420,2,4
4,2,11312,2,2
7,9,10150,3,4
65536,32768,12441,3430,7185
5,4,10557,2,14
4,2,11323,3,4
7,9,10956,5,6
65536,32768,11286,3930,8242
5,4,10203,2,5
4,2,10300,2,2
7,9,11131,3,4
65536,32768,10989,3710,7215
5,4,11526,2,5
4,2,10159,3,3
7,9,11393,3,4
65536,32768,12171,3328,6914
5,4,11143,2,5
4,2,10158,2,2
7,9,10325,12,4
65536,32768,12113,4762,7224
5,4,11479,2,5
4,2,10316,2,2
7,9,10074,11,4
65536,32768,11610,5087,7076
5,4,10449,3,6
4,2,10150,2,2
7,9,10227,2,4
65536,32768,11437,4908,7136
5,4,10922,2,14
4,2,10351,2,2
7,9,10236,2,3
65536,32768,12458,3232,6830
5,4,10885,11,5
4,2,10195,2,12
7,9,10339,3,4
65536,32768,11623,3612,7413
5,4,10213,2,5
4,2,11290,2,2
7,9,10354,2,4
65536,32768,11628,3709,7069
5,4,10210,2,5
4,2,10176,2,2
7,9,10458,3,4
65536,32768,11116,3331,7508
5,4,10578,2,5
4,2,10332,2,2
7,9,10360,3,4
65536,32768,10599,3705,7243
5,4,10349,2,5
4,2,10278,2,2
7,9,11054,2,4
65536,32768,11176,3342,8084
5,4,10835,2,5
4,2,10171,2,2
7,9,10933,12,4
65536,32768,11438,3259,7402
5,4,10715,2,5
4,2,10163,2,2
7,9,10101,3,4
65536,32768,11442,3260,7512
5,4,10532,11,5
4,2,10151,3,2
7,9,11375,3,4
65536,32768,11360,3329,8390
5,4,11507,2,15
4,2,10130,2,2
7,9,10210,3,4
65536,32768,11875,3178,8103
5,4,10970,2,14
4,2,11262,2,2
7,9,10646,4,5
65536,32768,11991,3298,8036
5,4,10886,2,5
4,2,11357,2,2
7,9,10323,13,5
65536,32768,11178,3881,7213
5,4,10137,2,5
4,2,10400,4,2
7,9,10221,3,13
65536,32768,12516,3323,7430
5,4,10254,2,5
4,2,10945,5,7
7,9,11929,2,4
65536,32768,11338,3463,7659
5,4,10143,2,5
4,2,11273,2,2
7,9,10456,4,5
65536,32768,11398,3533,9495
5,4,10436,2,5
4,2,10440,2,2
7,9,10340,3,4
65536,32768,10675,3382,7741
5,4,10845,2,5
4,2,10435,3,3
7,9,10202,4,6
65536,32768,10725,3676,7537
5,4,10976,2,5
4,2,10247,2,3
7,9,10169,3,4
65536,32768,11488,3428,7773
5,4,10190,2,48
4,2,10118,2,3
7,9,10178,3,4
65536,32768,11360,3473,8080
5,4,11894,15,5
4,2,12054,2,3
7,9,10891,4,5
65536,32768,12562,3396,7459
5,4,10465,2,5
4,2,10184,2,2
7,9,10969,3,4
65536,32768,11868,3350,7294
5,4,11587,2,5
4,2,10331,11,2
7,9,10168,2,4
65536,32768,11324,3466,7217
5,4,10663,2,5
4,2,10382,2,2
7,9,10210,4,15
65536,32768,11996,3455,7519
5,4,10442,2,5
4,2,10141,3,3
7,9,10875,3,4
65536,32768,12503,3688,7464
5,4,10322,2,5
4,2,10153,4,4
7,9,10921,3,4
65536,32768,11560,3285,7341
5,4,11545,3,16
4,2,10372,12,4
7,9,10715,2,4
65536,32768,11357,3489,7263
5,4,10493,12,5
4,2,10267,2,2
7,9,10656,3,14
65536,32768,11160,3557,7640
5,4,12005,18,17
4,2,11257,12,2
7,9,10827,3,4
65536,32768,11863,4153,7290
5,4,10854,2,5
4,2,10166,2,2
7,9,11397,12,4
65536,32768,10663,3945,7274
5,4,10955,2,5
4,2,10290,2,2
7,9,10388,4,5
65536,32768,12298,3622,6929
5,4,10692,2,5
4,2,10282,2,2
7,9,10255,3,4
65536,32768,11465,4916,7257
5,4,10130,2,6
4,2,10475,2,2
7,9,12036,3,5
65536,32768,12187,4305,7961
5,4,11534,2,15
4,2,10264,2,2
7,9,10205,3,4
65536,32768,10614,3379,6997
5,4,10325,2,5
4,2,10408,2,2
7,9,10459,2,4
65536,32768,11338,4611,6823
5,4,10563,2,5
4,2,11440,2,2
7,9,10333,3,4
65536,32768,10610,3444,7370
5,4,10153,2,5
4,2,10296,3,3
7,9,10557,2,4
65536,32768,11568,3713,7529
5,4,10745,2,5
4,2,10244,2,2
7,9,10378,11,4
65536,32768,10493,3389,7600
5,4,10504,2,6
4,2,10167,2,2
7,9,10278,12,4
65536,32768,10531,3129,8207
5,4,10712,3,6
4,2,10242,13,3
7,9,11840,4,5
65536,32768,10828,3189,7926
5,4,10895,2,5
4,2,10926,2,2
7,9,10986,11,4
65536,32768,11436,3518,8384
5,4,10439,2,5
4,2,11356,2,3
7,9,10058,3,13
65536,32768,11348,3737,7879
5,4,10696,2,5
4,2,10403,4,3
7,9,10533,3,4
65536,32768,11193,3462,8322
5,4,11391,2,6
4,2,10389,2,2
7,9,10754,3,4
65536,32768,11470,3252,7562
5,4,10379,2,5
4,2,10496,3,4
7,9,10138,3,4
65536,32768,10725,3632,8066
5,4,10450,2,6
4,2,10290,2,2
7,9,10600,3,4
65536,32768,11889,3347,7567
5,4,10628,2,6
4,2,10148,2,2
7,9,10118,2,4
65536,32768,12297,3450,7452
5,4,11463,11,5
4,2,10102,2,2
7,9,10347,4,6
65536,32768,11474,3465,7250
5,4,10262,2,5
4,2,10105,2,2
7,9,10982,12,4
65536,32768,11345,5473,8262
5,4,10267,2,5
4,2,11306,2,2
7,9,10195,4,5
65536,32768,10849,3518,7718
5,4,10170,2,6
4,2,10323,4,3
7,9,10200,3,4
65536,32768,11917,3442,7388
5,4,10230,2,13
4,2,10113,4,4
7,9,10124,2,4
65536,32768,11276,5409,7988
5,4,10741,2,5
4,2,10831,11,2
7,9,10136,3,4
65536,32768,10715,3444,7655
5,4,10917,2,6
4,2,10205,1,2
7,9,11122,3,4
65536,32768,10873,3813,7439
5,4,10883,12,5
4,2,10254,2,11
7,9,10186,3,4
65536,32768,10882,3623,7669
5,4,10057,13,6
4,2,10131,2,2
7,9,10288,3,12
65536,32768,11473,3677,7466
5,4,10120,2,6
4,2,10326,2,4
7,9,11181,13,5
65536,32768,11512,3824,7554
5,4,10535,2,13
4,2,10247,13,3
7,9,10170,3,4
65536,32768,10677,3420,7350
5,4,10521,2,5
4,2,11245,2,2
7,9,10980,3,4
65536,32768,10494,3328,8064
5,4,10188,8,15
4,2,10717,2,3
7,9,10409,3,4
65536,32768,11453,3761,7630
5,4,10907,2,15
4,2,10328,2,2
7,9,10034,3,4
65536,32768,10778,3283,7752
5,4,10100,2,5
4,2,10401,3,3
7,9,10136,4,6
65536,32768,11333,3438,8060
5,4,10803,2,5
4,2,10127,2,2
7,9,10129,2,4
65536,32768,10650,3577,7886
5,4,10538,2,5
4,2,11075,2,2
7,9,11627,4,15
65536,32768,10700,3505,8289
5,4,10701,2,5
4,2,11076,12,4
7,9,11999,3,4
65536,32768,10669,4641,8802
5,4,10948,2,5
4,2,10312,2,11
7,9,10294,12,4
65536,32768,12528,3792,7070
5,4,10295,2,5
4,2,10191,2,13
7,9,11029,2,4
65536,32768,11911,4110,7192
5,4,10081,3,6
4,2,10357,2,2
7,9,11159,3,4
65536,32768,11060,3662,7865
5,4,11634,2,6
4,2,10188,2,2
7,9,10546,3,4
65536,32768,11135,3293,7696
5,4,11020,2,5
4,2,11945,2,2
7,9,10430,4,5
65536,32768,12158,3425,6975
5,4,10997,2,5
4,2,10453,6,5
7,9,11870,4,5
65536,32768,11465,3462,7183
5,4,10491,2,5
4,2,10205,2,2
7,9,10304,5,6
65536,32768,11252,3273,7112
5,4,11001,3,6
4,2,10446,2,2
7,9,11361,3,13
65536,32768,11275,3348,7210
5,4,10827,2,14
4,2,10358,2,2
7,9,10229,2,4
65536,32768,10659,3436,7868
5,4,10500,2,5
4,2,10532,11,13
7,9,10681,5,6
65536,32768,11083,7181,10625
5,4,11021,12,6
4,2,10440,2,11
7,9,11031,15,4
65536,32768,10553,3293,6950
5,4,10790,2,6
4,2,10238,2,2
7,9,10344,3,4
65536,32768,11457,3639,7241
5,4,10206,2,5
4,2,10204,2,2
7,9,10323,4,6
65536,32768,11279,3268,7029
5,4,10994,11,5
4,2,10066,2,2
7,9,10372,3,4
65536,32768,11388,3405,7450
5,4,10411,2,5
4,2,10382,2,2
7,9,10080,3,4
65536,32768,11222,3588,7804
5,4,11977,11,5
4,2,11821,2,2
7,9,10290,3,4
65536,32768,12158,3245,7392
5,4,11560,2,14
4,2,10319,2,2
7,9,11411,8,7
65536,32768,11089,3248,7398
5,4,10659,2,5
4,2,10133,2,12
7,9,10099,4,5
65536,32768,12561,3187,7550
5,4,10246,2,5
4,2,10368,2,2
7,9,10244,4,5
65536,32768,11068,3615,7398
5,4,10278,2,5
4,2,10410,2,2
7,9,10633,4,5
65536,32768,11405,3617,7396
5,4,10334,3,7
4,2,10386,2,2
7,9,10583,3,4
65536,32768,10571,3352,7916
5,4,10280,2,5
4,2,10250,11,2
7,9,10455,12,4
65536,32768,10610,3157,7995
5,4,10840,2,14
4,2,10772,2,2
7,9,10185,2,4
65536,32768,12352,3372,9855
5,4,10996,2,5
4,2,10063,2,2
7,9,10618,12,4
65536,32768,11446,3638,7208
5,4,10108,2,5
4,2,11408,2,2
7,9,10519,3,4
65536,32768,10633,3624,7912
5,4,11742,12,5
4,2,10379,3,3
7,9,11102,3,4
65536,32768,12219,3445,8982
5,4,11500,2,5
4,2,10161,11,3
7,9,10184,2,4
65536,32768,11430,3607,7240
5,4,11109,2,5
4,2,11321,2,2
7,9,10113,3,14
65536,32768,11337,3809,7437
5,4,10792,2,5
4,2,11241,2,2
7,9,10266,3,5
65536,32768,11392,3744,7254
5,4,10330,2,15
4,2,10322,2,2
7,9,10226,3,4
65536,32768,11405,3537,7203
5,4,12036,2,5
4,2,10379,2,2
7,9,10203,4,6
65536,32768,12095,3453,7652
5,4,11149,2,5
4,2,10293,2,2
7,9,10439,3,4
65536,32768,11181,3403,7865
5,4,11030,2,5
4,2,11202,2,2
7,9,11231,4,5
65536,32768,11307,4776,7158
5,4,11789,2,5
4,2,10330,2,2
7,9,10834,3,4
65536,32768,10666,3572,7152
5,4,10556,2,4
4,2,10280,1,2
7,9,10336,5,7
65536,32768,11342,3385,7553
5,4,11218,2,5
4,2,11366,2,2
7,9,10352,4,6
65536,32768,10677,3312,7428
5,4,10648,2,6
4,2,10361,2,2
7,9,10379,2,4
65536,32768,12498,3282,7411
5,4,10639,2,4
4,2,10297,2,2
7,9,10390,3,4
65536,32768,11200,3650,7576
5,4,10265,2,5
4,2,10517,2,2
7,9,10691,12,4
65536,32768,11402,3444,7200
5,4,10590,2,16
4,2,10232,2,2
7,9,11103,4,5
65536,32768,11485,3628,7834
5,4,10789,3,6
4,2,10386,2,2
7,9,10595,3,4
65536,32768,11437,3433,7763
5,4,10934,2,5
4,2,11581,13,3
7,9,11048,3,4
65536,32768,11619,3455,7672
5,4,11030,2,5
4,2,11401,2,2
7,9,11161,7,7
65536,32768,12035,3556,7074
5,4,10630,2,5
4,2,11319,2,11
7,9,10219,3,5
65536,32768,11378,3849,7248
5,4,10334,2,5
4,2,10341,2,2
7,9,10414,3,4
65536,32768,12422,3400,7274
5,4,10604,2,5
4,2,10258,2,2
7,9,10927,3,4
65536,32768,11053,3199,7620
5,4,10569,2,5
4,2,10228,5,5
7,9,10863,3,4
65536,32768,12292,3554,7221
5,4,10275,2,6
4,2,11182,11,2
7,9,10282,2,4
65536,32768,12094,3282,7416
5,4,10352,2,5
4,2,10368,2,2
7,9,10400,3,4
65536,32768,11096,3764,7074
5,4,11193,2,5
4,2,11923,4,3
7,9,10408,3,4
65536,32768,10997,3474,7285
5,4,11363,2,5
4,2,11105,3,3
7,9,10206,4,5
65536,32768,12301,3425,7564
5,4,10255,2,5
4,2,10207,10,2
7,9,11076,3,4
65536,32768,11035,3492,6931
5,4,11686,2,6
4,2,10395,2,2
7,9,10194,3,4
65536,32768,11926,3570,7462
5,4,10931,2,6
4,2,11257,1,2
7,9,11258,3,4
65536,32768,10833,5230,7077
5,4,10591,2,6
4,2,10341,2,10
7,9,10157,4,6
65536,32768,11505,4630,6989
5,4,10135,12,5
4,2,10223,2,2
7,9,10088,3,5
65536,32768,10845,4002,7430
5,4,11842,2,5
4,2,11043,2,2
7,9,10330,3,13
65536,32768,11264,3521,7258
5,4,10594,2,5
4,2,10341,2,2
7,9,10280,3,4
65536,32768,12094,3512,7329
5,4,11119,2,5
4,2,10236,2,2
7,9,11332,3,3
65536,32768,11444,3471,7422
5,4,10355,2,14
4,2,10155,2,2
7,9,11225,2,4
65536,32768,12399,3715,7047
5,4,10982,2,14
4,2,10445,3,4
7,9,10286,3,4
65536,32768,11613,4010,7099
5,4,11253,2,5
4,2,10493,10,2
7,9,11192,2,4
65536,32768,12364,3620,7233
5,4,10387,2,5
4,2,11219,2,2
7,9,10450,3,4
65536,32768,10560,3423,7215
5,4,10525,3,6
4,2,10536,2,2
7,9,10181,2,4
65536,32768,11289,3518,7579
5,4,10985,12,5
4,2,10170,2,2
7,9,10439,4,5
65536,32768,11247,3472,7261
5,4,10727,3,6
4,2,10226,2,2
7,9,11943,2,4
65536,32768,11704,6072,7560
5,4,10563,2,5
4,2,10461,2,2
7,9,11930,2,4
65536,32768,10654,4130,6629
5,4,10622,2,5
4,2,10413,2,2
7,9,10337,3,4
65536,32768,10872,4126,6723
5,4,10246,2,5
4,2,10962,2,2
7,9,10363,12,4
65536,32768,11097,3680,7603
5,4,10772,2,5
4,2,11019,2,2
7,9,10523,12,4
65536,32768,11004,3863,7337
5,4,10183,2,14
4,2,10126,2,2
7,9,11341,3,4
65536,32768,12359,3507,8853
5,4,10753,2,15
4,2,11152,2,2
7,9,10206,2,4
65536,32768,11454,3968,6796
5,4,10597,11,5
4,2,10363,2,2
7,9,10104,5,5
65536,32768,10690,3447,7892
5,4,10697,2,5
4,2,10215,2,2
7,9,10287,3,4
65536,32768,10998,3622,7311
5,4,10189,2,5
4,2,10263,3,3
7,9,10203,3,5
65536,32768,12538,4019,7032
5,4,10099,2,5
4,2,10220,3,3
7,9,11279,3,5
65536,32768,11293,3623,7356
5,4,10223,3,5
4,2,11204,3,3
7,9,10843,3,4
65536,32768,12233,4080,8878
5,4,10935,2,5
4,2,10371,2,2
7,9,10468,4,4
65536,32768,11174,5258,7448
5,4,10240,2,5
4,2,10431,2,2
7,9,11199,3,4
65536,32768,11763,3569,7074
5,4,11788,2,5
4,2,10426,2,2
7,9,10341,5,7
65536,32768,10586,3503,6959
5,4,10880,2,5
4,2,10316,2,2
7,9,10389,12,4
65536,32768,11792,3308,7344
5,4,10454,2,5
4,2,10352,11,2
7,9,11128,3,4
65536,32768,11364,3746,7761
5,4,10610,2,5
4,2,10469,2,2
7,9,10143,3,4
65536,32768,11077,4868,7974
5,4,10957,2,5
4,2,10207,2,2
7,9,10148,3,4
65536,32768,10685,3811,7243
5,4,10972,2,5
4,2,10050,2,2
7,9,10795,4,6
65536,32768,11949,4255,7274
5,4,10611,2,5
4,2,10155,2,2
7,9,10126,5,15
65536,32768,10855,3744,7362
5,4,10701,2,5
4,2,10967,2,2
7,9,10951,3,10
65536,32768,11393,4003,7277
5,4,10440,2,5
4,2,10065,2,2
7,9,10177,4,5
65536,32768,10693,3506,7231
5,4,10460,2,5
4,2,10406,3,3
7,9,10831,3,4
65536,32768,11213,3974,7378
5,4,10953,2,6
4,2,10173,2,2
7,9,10279,2,4
65536,32768,11125,3427,7534
5,4,11651,2,5
4,2,11238,2,2
7,9,10456,4,5
65536,32768,12186,3854,6791
5,4,10831,2,6
4,2,10550,2,2
7,9,11141,3,4
65536,32768,11256,3980,6878
5,4,10160,3,6
4,2,10259,2,2
7,9,10045,3,14
65536,32768,10999,5076,8377
5,4,10949,2,5
4,2,10468,2,3
7,9,11048,3,4
65536,32768,10567,3449,7618
5,4,10161,2,5
4,2,10208,2,2
7,9,11229,3,4
65536,32768,11304,3651,7104
5,4,10614,11,5
4,2,10490,2,3
7,9,10352,3,4
65536,32768,10571,3426,7505
5,4,10333,2,5
4,2,10285,2,2
7,9,10935,3,4
65536,32768,10480,3409,8224
5,4,11809,2,13
4,2,10163,2,2
7,9,10845,12,4
65536,32768,11315,3744,7713
5,4,10861,2,5
4,2,11391,2,3
7,9,10907,13,4
65536,32768,12116,3486,8152
5,4,10463,2,5
4,2,10236,2,2
7,9,10220,3,4
65536,32768,11568,3429,7738
5,4,11350,11,5
4,2,10463,2,2
7,9,11263,3,4
65536,32768,10520,3500,9031
5,4,10543,2,5
4,2,10262,2,2
7,9,10129,3,4
65536,32768,10543,3319,7709
5,4,10933,2,5
4,2,10111,12,3
7,9,10713,5,6
65536,32768,11464,3266,7516
5,4,11282,2,4
4,2,10190,14,6
7,9,11617,3,4
65536,32768,11418,3881,7299
5,4,11024,3,15
4,2,10305,2,2
7,9,10304,3,14
65536,32768,10534,3559,7574
5,4,10156,2,5
4,2,10386,2,2
7,9,10701,2,4
65536,32768,12336,3544,7488
5,4,10959,2,5
4,2,10280,2,2
7,9,11520,3,4
65536,32768,10997,4216,7464
5,4,11684,3,6
4,2,10369,2,2
7,9,10456,3,4
65536,32768,11197,4835,7739
5,4,10324,2,5
4,2,10371,11,2
7,9,10239,3,4
65536,32768,10729,3355,7505
5,4,10540,2,5
4,2,10947,3,3
7,9,10330,2,4
65536,32768,10983,3466,7480
5,4,10356,2,5
4,2,11208,2,3
7,9,10273,3,4
65536,32768,12018,3391,10454
5,4,10629,11,5
4,2,11210,2,2
7,9,10936,4,5
65536,32768,11288,3924,7498
5,4,10402,2,5
4,2,11048,2,2
7,9,10121,4,15
65536,32768,10871,3763,7873
5,4,10895,4,8
4,2,11165,14,4
7,9,11565,3,4
65536,32768,11041,4356,7503
5,4,10545,2,6
4,2,10293,5,5
7,9,10942,3,4
65536,32768,12436,3689,7209
5,4,11249,2,5
4,2,10431,2,2
7,9,10353,3,4
65536,32768,10770,4517,7384
5,4,10219,2,5
4,2,10331,2,2
7,9,10313,3,4
65536,32768,11308,3351,7077
5,4,10827,2,5
4,2,10219,2,2
7,9,11119,14,6
65536,32768,11923,3615,7925
5,4,10457,2,5
4,2,11439,2,2
7,9,10304,3,4
65536,32768,12333,3584,7347
5,4,10971,2,4
4,2,11515,2,2
7,9,10969,2,4
65536,32768,12467,3421,6815
5,4,10777,2,5
4,2,11339,11,2
7,9,10418,3,4
65536,32768,10621,4004,6823
5,4,10295,2,5
4,2,10340,2,2
7,9,10289,3,4
65536,32768,11164,3774,6985
5,4,10434,2,5
4,2,10418,2,2
7,9,12033,3,4
65536,32768,10657,3788,6927
5,4,10449,2,5
4,2,10539,2,2
7,9,11042,2,4
65536,32768,11426,3553,7190
5,4,10356,2,5
4,2,10413,2,2
7,9,10073,2,4
65536,32768,10997,3675,7266
5,4,10126,2,5
4,2,11522,2,2
7,9,11037,4,5
65536,32768,12217,3434,7746
5,4,10156,2,5
4,2,11325,2,2
7,9,10051,4,5
65536,32768,11974,3382,7922
5,4,11148,2,5
4,2,11269,11,2
7,9,11282,5,6
65536,32768,12505,4453,7088
5,4,10045,2,5
4,2,10295,2,2
7,9,10351,5,7
65536,32768,12501,3627,6949
5,4,11282,2,5
4,2,10366,2,2
7,9,10429,4,5
65536,32768,11644,3574,7018
5,4,11356,12,5
4,2,11455,2,2
7,9,10162,4,5
65536,32768,10673,4097,6675
5,4,10446,2,5
4,2,10278,2,2
7,9,10265,4,6
65536,32768,12261,3348,7312
5,4,11232,2,14
4,2,11296,2,2
7,9,10174,14,6
65536,32768,11258,3914,7023
5,4,10394,2,5
4,2,10217,11,2
7,9,12052,3,5
65536,32768,12491,3756,7106
5,4,10228,2,5
4,2,10444,1,2
7,9,11328,4,5
65536,32768,10494,3530,7743
5,4,11024,2,16
4,2,11239,2,2
7,9,10393,2,4
65536,32768,11763,3866,7519
5,4,10861,2,4
4,2,10401,2,2
7,9,10410,3,4
65536,32768,11039,3261,8289
5,4,10643,2,5
4,2,10484,11,2
7,9,10512,3,4
65536,32768,11302,3629,7524
5,4,10996,2,5
4,2,10441,2,2
7,9,10407,2,4
65536,32768,10954,3468,7392
5,4,10276,2,6
4,2,10459,2,2
7,9,10080,3,14
65536,32768,11380,3377,7522
5,4,10052,2,15
4,2,10232,2,2
7,9,10375,3,4
65536,32768,11350,3723,7871
5,4,10718,2,6
4,2,11349,2,12
7,9,10876,3,4
65536,32768,11364,3394,7464
5,4,10346,2,5
4,2,10411,2,12
7,9,10642,5,5
65536,32768,11319,3455,7127
5,4,11545,2,5
4,2,11413,2,2
7,9,10909,3,5
65536,32768,10771,4678,8647
5,4,11894,2,5
4,2,10246,2,2
7,9,10443,3,4
65536,32768,10766,3430,7482
5,4,10320,2,5
4,2,10238,3,4
7,9,10264,3,4
65536,32768,11157,3555,7472
5,4,10559,2,5
4,2,10217,2,3
7,9,10098,4,5
65536,32768,11400,3353,7479
5,4,10613,2,5
4,2,10239,3,3
7,9,11116,3,6
65536,32768,11429,3904,7583
5,4,10906,2,14
4,2,10102,2,2
7,9,10469,3,13
65536,32768,11459,3447,7663
5,4,10095,2,5
4,2,10229,11,2
7,9,10767,2,4
65536,32768,12313,3465,7424
5,4,11302,2,5
4,2,10563,2,2
7,9,10607,4,5
65536,32768,11388,3399,7239
5,4,10634,2,5
4,2,10469,2,2
7,9,10616,2,4
65536,32768,11544,4939,7009
5,4,10112,3,5
4,2,10293,3,2
7,9,10214,3,14
65536,32768,10554,3326,7786
5,4,10632,4,7
4,2,11237,3,12
7,9,10714,4,15
65536,32768,10726,3616,7763
5,4,10628,2,5
4,2,10914,2,2
7,9,10935,11,4
65536,32768,11434,3407,7496
5,4,10387,2,5
4,2,10204,2,2
7,9,10880,2,4
65536,32768,11068,5227,8184
5,4,10832,2,5
4,2,10275,2,2
7,9,10191,4,5
65536,32768,11360,3432,7618
5,4,11030,11,5
4,2,11131,2,2
7,9,10218,2,4
65536,32768,11132,3335,7606
5,4,11029,2,6
4,2,11395,11,2
7,9,11366,3,14
65536,32768,12154,4611,7098
5,4,10445,2,5
4,2,10174,2,2
7,9,10402,3,4
65536,32768,11028,3551,7152
5,4,10967,2,5
4,2,10340,3,2
7,9,10303,3,4
65536,32768,11362,3374,7577
5,4,10354,2,5
4,2,10249,12,2
7,9,11421,12,4
65536,32768,11038,6262,7748
5,4,10305,2,5
4,2,10306,2,2
7,9,10494,3,5
65536,32768,11100,3709,6919
5,4,10717,2,5
4,2,10197,2,2
7,9,10397,3,4
65536,32768,11413,3488,8067
5,4,10726,2,5
4,2,10183,11,2
7,9,10165,4,4
65536,32768,12539,3363,7720
5,4,10200,2,5
4,2,10073,4,4
7,9,11160,2,4
65536,32768,11935,3523,7266
5,4,10658,2,5
4,2,10310,2,2
7,9,10256,3,4
65536,32768,11279,3813,8603
5,4,10922,2,5
4,2,11458,2,2
7,9,11939,4,5
65536,32768,11306,3941,6588
5,4,10876,2,5
4,2,10240,1,2
7,9,11282,4,5
65536,32768,11214,3773,6803
5,4,10699,2,5
4,2,10409,2,2
7,9,11804,4,5
65536,32768,11352,3833,7243
5,4,11199,2,5
4,2,10425,1,2
7,9,11054,14,5
65536,32768,11898,4648,7241
5,4,10260,2,5
4,2,10254,2,2
7,9,10324,13,6
65536,32768,11184,3478,7397
5,4,10116,2,5
4,2,11289,2,2
7,9,10124,3,4
65536,32768,10784,3727,7450
5,4,10661,2,5
4,2,11047,1,2
7,9,10301,5,7
65536,32768,11084,3311,7325
5,4,10401,2,5
4,2,10326,2,2
7,9,10276,12,4
65536,32768,10711,3381,7992
5,4,10983,4,6
4,2,10125,2,2
7,9,10330,3,4
65536,32768,12412,6398,8954
5,4,10890,2,5
4,2,10455,2,2
7,9,10183,4,5
65536,32768,11619,3708,7099
5,4,10375,2,5
4,2,10365,2,2
7,9,10127,2,4
65536,32768,11379,3656,6980
5,4,10416,2,5
4,2,10248,2,2
7,9,11119,4,15
65536,32768,11267,3507,6926
5,4,10837,3,7
4,2,10080,2,2
7,9,10260,3,14
65536,32768,12224,4034,7005
5,4,10161,2,5
4,2,10193,3,3
7,9,10900,3,4
65536,32768,11143,3727,7240
5,4,11094,2,5
4,2,10236,3,3
7,9,11099,4,14
65536,32768,10964,3409,8005
5,4,10848,12,5
4,2,10294,2,2
7,9,10212,3,4
65536,32768,11388,3783,7228
5,4,10448,2,5
4,2,11337,12,3
7,9,10985,3,4
65536,32768,11075,3440,7564
5,4,10956,2,5
4,2,10254,3,3
7,9,11194,3,4
65536,32768,11185,3602,7266
5,4,10904,4,16
4,2,10161,2,2
7,9,10482,4,6
65536,32768,12424,3561,6929
5,4,10768,2,5
4,2,10145,2,3
7,9,10070,3,4
65536,32768,11104,3383,7250
5,4,10619,2,5
4,2,10368,4,3
7,9,10363,3,4
65536,32768,12226,3337,7164
5,4,10454,2,5
4,2,11327,3,3
7,9,10404,3,4
65536,32768,11335,3348,7691
5,4,10207,2,5
4,2,11155,2,2
7,9,10102,4,6
65536,32768,11169,3584,7499
5,4,11927,2,5
4,2,10200,10,2
7,9,11172,3,4
65536,32768,11267,3313,7627
5,4,10415,2,5
4,2,11982,2,2
7,9,10449,12,4
65536,32768,10801,3348,7029
5,4,11147,2,5
4,2,11445,2,2
7,9,10153,3,4
65536,32768,12195,3764,7213
5,4,10180,2,5
4,2,10422,2,2
7,9,10056,3,4
65536,32768,11345,3681,7530
5,4,10228,11,5
4,2,10156,2,3
7,9,10346,3,4
65536,32768,12113,3535,7320
5,4,10472,2,6
4,2,11359,2,2
7,9,10313,4,5
65536,32768,11417,3487,7798
5,4,10138,2,5
4,2,10369,2,2
7,9,10496,3,4
65536,32768,11578,3528,7492
5,4,10326,2,5
4,2,10427,2,11
7,9,10932,3,14
65536,32768,10637,3387,7374
5,4,10445,3,7
4,2,10098,2,2
7,9,11038,3,4
65536,32768,11158,4493,8679
5,4,11396,2,5
4,2,10232,2,2
7,9,11392,3,13
65536,32768,10996,3288,8181
5,4,10868,2,5
4,2,11114,2,2
7,9,10333,3,4
65536,32768,12345,3351,7447
5,4,10393,3,7
4,2,10508,2,3
7,9,10291,3,4
65536,32768,11358,3587,7553
5,4,11032,2,5
4,2,11119,2,2
7,9,10241,3,4
65536,32768,11455,3335,7492
5,4,10445,2,5
4,2,10123,2,2
7,9,10296,3,4
65536,32768,11289,3529,7246
5,4,10536,12,5
4,2,10299,2,2
7,9,10864,13,4
65536,32768,10589,3270,7541
5,4,10420,12,5
4,2,11413,2,2
7,9,10923,3,14
65536,32768,11012,3442,7415
5,4,10230,3,9
4,2,10221,2,2
7,9,10281,2,4
65536,32768,11461,3194,7450
5,4,10727,2,6
4,2,10133,2,2
7,9,10471,11,6
65536,32768,11351,3189,7849
5,4,10543,2,5
4,2,10670,2,2
7,9,11194,3,4
65536,32768,11573,3124,7878
5,4,10972,3,6
4,2,10127,2,2
7,9,10302,3,4
65536,32768,10822,3180,7073
5,4,10880,2,5
4,2,10794,2,2
7,9,10841,3,4
65536,32768,11421,3419,7588
5,4,10959,13,6
4,2,10987,2,2
7,9,10272,3,4
65536,32768,10651,3384,7777
5,4,10737,2,5
4,2,10066,2,2
7,9,10950,13,5
65536,32768,11437,3694,8290
5,4,10116,2,5
4,2,11054,3,4
7,9,11423,3,4
65536,32768,10791,3368,7894
5,4,10623,3,7
4,2,10836,2,2
7,9,10303,3,4
65536,32768,10684,3158,7451
5,4,10097,12,5
4,2,10901,2,11
7,9,10370,2,4
65536,32768,11562,3261,7377
5,4,10585,2,5
4,2,10538,3,3
7,9,10285,12,4
65536,32768,11599,3454,7334
5,4,10309,2,5
4,2,10746,2,2
7,9,11314,3,4
65536,32768,11093,3162,9107
5,4,11712,2,4
4,2,11222,2,2
7,9,10615,3,4
65536,32768,11456,3792,7186
5,4,10982,2,5
4,2,10511,2,2
7,9,10949,12,5
65536,32768,12731,3536,8030
5,4,10620,2,4
4,2,10336,4,4
7,9,11241,3,4
65536,32768,11236,3373,7457
5,4,10312,2,5
4,2,10239,4,5
7,9,11098,3,4
65536,32768,12235,3401,7796
5,4,10252,2,5
4,2,10317,12,3
7,9,11193,3,4
65536,32768,11625,3515,7669
5,4,10286,2,5
4,2,10355,3,5
7,9,10389,3,4
65536,32768,11474,3356,7159
5,4,10780,2,5
4,2,10295,3,4
7,9,10851,13,4
65536,32768,11131,3194,7926
5,4,10958,2,5
4,2,10076,2,2
7,9,10627,3,4
65536,32768,10956,3396,7090
5,4,10683,2,5
4,2,10373,3,3
7,9,10984,13,3
65536,32768,10753,3566,8269
5,4,10548,2,5
4,2,10164,3,3
7,9,10101,2,13
65536,32768,11457,3516,10260
5,4,10475,2,5
4,2,11151,5,5
7,9,10234,3,16
65536,32768,10764,3310,7577
5,4,10437,2,5
4,2,10318,2,2
7,9,10947,3,14
65536,32768,10587,3151,8221
5,4,10650,2,14
4,2,10288,12,2
7,9,10071,3,4
65536,32768,11730,3225,8017
5,4,10123,2,5
4,2,10036,11,3
7,9,10233,2,4
65536,32768,10645,3334,7232
5,4,11128,4,7
4,2,10709,2,12
7,9,10069,11,4
65536,32768,12422,3249,7757
5,4,11263,3,5
4,2,12000,13,3
7,9,10997,3,13
65536,32768,11714,3588,8133
5,4,10588,2,5
4,2,10301,2,2
7,9,11884,3,4
65536,32768,11916,6554,11535
5,4,10387,2,5
4,2,10406,2,2
7,9,11347,3,4
65536,32768,10587,3222,6948
5,4,10848,2,5
4,2,10103,2,2
7,9,10352,3,4
65536,32768,11467,3717,6843
5,4,11772,2,5
4,2,11454,2,2
7,9,10191,3,4
65536,32768,10530,3536,7543
5,4,10053,2,5
4,2,10412,3,3
7,9,10451,4,4
65536,32768,11044,3492,7868
5,4,10926,2,14
4,2,10319,2,2
7,9,10246,5,6
65536,32768,11662,3875,8344
5,4,10840,2,5
4,2,10309,2,2
7,9,10916,3,5
65536,32768,10446,3772,7303
5,4,10056,2,5
4,2,10101,2,2
7,9,11184,3,5
65536,32768,11782,3768,6780
5,4,10717,2,6
4,2,11226,2,2
7,9,10174,5,9
65536,32768,11139,3657,7134
5,4,10596,2,5
4,2,10133,2,2
7,9,11042,3,4
65536,32768,11052,3687,7111
5,4,10562,2,5
4,2,11170,2,3
7,9,11316,6,6
65536,32768,11160,3534,7958
5,4,10422,3,5
4,2,10182,2,2
7,9,10191,2,4
65536,32768,11208,3431,7417
5,4,11087,2,6
4,2,10117,2,2
7,9,10375,3,4
65536,32768,11338,3617,7209
5,4,10381,2,5
4,2,10335,4,3
7,9,10291,2,4
65536,32768,11298,3435,8552
5,4,10442,2,5
4,2,10301,3,4
7,9,10195,3,4
65536,32768,11352,3830,8394
5,4,10627,2,5
4,2,10134,3,4
7,9,10237,3,4
65536,32768,10573,3464,7678
5,4,10274,2,5
4,2,10383,3,3
7,9,10982,12,4
65536,32768,11490,3293,11134
5,4,10468,2,5
4,2,10309,5,4
7,9,10290,2,14
65536,32768,11184,3322,8125
5,4,10813,2,5
4,2,10370,3,3
7,9,10329,3,4
65536,32768,10631,3369,7903
5,4,10964,2,5
4,2,10253,2,2
7,9,10912,12,4
65536,32768,10739,3512,8554
5,4,11648,2,5
4,2,11391,2,2
7,9,11201,3,4
65536,32768,12314,3521,7694
5,4,10888,2,5
4,2,10344,3,4
7,9,10305,12,4
65536,32768,11364,3745,7122
5,4,11596,2,5
4,2,10397,2,2
7,9,10226,3,4
65536,32768,12125,3667,7049
5,4,11028,2,5
4,2,10289,2,2
7,9,10333,4,5
65536,32768,11047,3573,8769
5,4,10429,2,5
4,2,11324,2,2
7,9,10434,3,4
65536,32768,10544,3824,8350
5,4,11032,12,5
4,2,10522,2,2
7,9,10371,3,4
65536,32768,11475,3544,7306
5,4,10341,2,5
4,2,11261,2,2
7,9,10050,3,4
65536,32768,11028,3325,7248
5,4,10675,2,5
4,2,11174,3,3
7,9,11323,5,6
65536,32768,12436,3463,6988
5,4,10601,2,5
4,2,10537,2,2
7,9,11230,14,5
65536,32768,11497,3331,7145
5,4,10378,2,5
4,2,11504,2,3
7,9,11251,3,4
65536,32768,11448,3763,6807
5,4,10376,2,5
4,2,10986,11,3
7,9,10263,2,4
65536,32768,10832,3748,6772
5,4,10865,2,5
4,2,10448,2,2
7,9,11126,14,5
65536,32768,11147,3877,7159
5,4,10244,2,5
4,2,11329,2,2
7,9,10389,3,4
65536,32768,11252,3387,7145
5,4,11553,2,5
4,2,11465,3,3
7,9,10503,2,4
65536,32768,11280,3289,9483
5,4,12926,11,17
4,2,10751,2,2
7,9,10764,3,4
65536,32768,11200,3315,10720
5,4,11623,11,5
4,2,10907,2,2
7,9,10581,2,4
65536,32768,11652,3328,6859
5,4,10155,2,5
4,2,10736,2,2
7,9,10197,2,4
65536,32768,10601,3504,6688
5,4,10327,2,5
4,2,10855,2,2
7,9,10898,2,4
65536,32768,10712,4216,7179
5,4,10090,2,5
4,2,10892,2,2
7,9,11365,8,10
65536,32768,10941,3967,8900
5,4,10691,6,11
4,2,11437,2,3
7,9,10104,5,6
65536,32768,11355,4093,12125
5,4,10127,3,7
4,2,10819,11,2
7,9,11663,3,4
65536,32768,11266,3892,7397
5,4,10813,2,5
4,2,11167,2,2
7,9,10275,3,4
65536,32768,10698,3796,7510
5,4,10905,2,5
4,2,11992,3,12
7,9,11322,3,5
65536,32768,11540,3569,7227
5,4,10040,2,14
4,2,10415,3,3
7,9,10160,3,4
65536,32768,11313,3634,7116
5,4,10621,3,6
4,2,11168,3,4
7,9,11000,4,5
65536,32768,11641,3619,7677
5,4,10638,3,6
4,2,10185,2,2
7,9,10392,3,4
65536,32768,10658,3873,7524
5,4,11038,2,5
4,2,10346,2,2
7,9,10450,3,4
65536,32768,11355,4254,7926
5,4,10206,2,6
4,2,10302,2,2
7,9,10228,3,4
65536,32768,12205,3508,7786
5,4,10776,2,5
4,2,10252,2,3
7,9,10511,2,4
65536,32768,11252,3369,8215
5,4,10855,2,5
4,2,10223,2,2
7,9,10411,3,4
65536,32768,10796,3450,8092
5,4,10759,2,5
4,2,10260,3,3
7,9,10198,3,4
65536,32768,12217,3480,7391
5,4,10444,2,5
4,2,10109,3,3
7,9,10196,4,6
65536,32768,11485,3346,7940
5,4,10729,2,5
4,2,11211,2,3
7,9,11350,3,4
65536,32768,10544,3753,8125
5,4,10574,2,5
4,2,10381,2,2
7,9,10375,2,4
65536,32768,12248,3530,7805
5,4,12052,2,5
4,2,10407,2,11
7,9,10297,4,5
65536,32768,10894,3657,8289
5,4,10458,2,4
4,2,10140,2,2
7,9,10365,4,6
65536,32768,11193,3696,7443
5,4,10801,2,5
4,2,10356,11,2
7,9,10283,12,4
65536,32768,10559,3798,7596
5,4,10569,2,5
4,2,11023,2,2
7,9,11053,3,4
65536,32768,11266,3560,7471
5,4,10971,2,6
4,2,10277,3,3
7,9,11212,13,4
65536,32768,10473,3491,7876
5,4,10725,2,5
4,2,10155,6,5
7,9,11019,5,5
65536,32768,11362,3162,7062
5,4,10943,2,5
4,2,10956,4,4
7,9,10939,3,4
65536,32768,11245,3236,7213
5,4,11849,2,5
4,2,10322,2,2
7,9,11071,13,6
65536,32768,12256,3469,6927
5,4,10821,4,7
4,2,11206,2,2
7,9,11369,12,4
65536,32768,11812,3912,7517
5,4,11626,2,5
4,2,10254,2,3
7,9,10237,3,4
65536,32768,11403,3748,7223
5,4,11070,2,5
4,2,10166,2,2
7,9,10211,4,5
65536,32768,11302,3899,6906
5,4,11461,2,5
4,2,10062,2,3
7,9,10560,4,5
65536,32768,11462,4392,8981
5,4,10450,2,5
4,2,10267,2,2
7,9,10117,3,4
65536,32768,10570,4108,7674
5,4,10918,2,5
4,2,10160,2,2
7,9,10306,2,4
65536,32768,10630,3866,7038
5,4,10506,2,5
4,2,10174,2,2
7,9,10124,2,4
65536,32768,10607,3683,7391
5,4,10074,2,5
4,2,10461,2,12
7,9,11103,12,4
65536,32768,12125,3366,8101
5,4,11946,4,7
4,2,10233,2,2
7,9,10959,5,6
65536,32768,10689,3311,7277
5,4,11692,2,5
4,2,10157,2,2
7,9,10157,3,4
65536,32768,10897,3396,7697
5,4,10994,2,5
4,2,10235,2,2
7,9,10247,3,4
65536,32768,11273,3753,8681
5,4,10954,2,14
4,2,10236,2,2
7,9,10308,4,5
65536,32768,11171,3401,7955
5,4,10968,12,5
4,2,10200,7,5
7,9,10347,3,4
65536,32768,11220,3662,7987
5,4,10188,2,5
4,2,11354,2,2
7,9,10129,3,5
65536,32768,11546,4076,9891
5,4,10593,2,5
4,2,10479,2,2
7,9,10153,3,4
65536,32768,10516,3954,7811
5,4,11919,2,5
4,2,10420,3,3
7,9,10265,3,4
65536,32768,11679,5123,7307
5,4,10670,2,5
4,2,10203,2,2
7,9,10396,2,4
65536,32768,10736,4523,7205
5,4,11059,2,5
4,2,10254,2,2
7,9,10263,2,4
65536,32768,10724,3480,7116
5,4,10859,2,5
4,2,10421,2,2
7,9,10363,3,4
65536,32768,11398,3376,7780
5,4,11194,2,5
4,2,10461,2,2
7,9,10266,2,4
65536,32768,11325,3489,7655
5,4,10049,2,5
4,2,11498,2,2
7,9,10184,3,4
65536,32768,11349,3345,8017
5,4,10982,2,14
4,2,10297,2,2
7,9,10375,3,6
65536,32768,11798,3716,7284
5,4,10370,2,5
4,2,11317,2,2
7,9,11184,4,5
65536,32768,11468,3925,7105
5,4,10427,2,5
4,2,11329,2,11
7,9,10323,12,4
65536,32768,12296,3238,7344
5,4,10721,2,5
4,2,11878,2,2
7,9,10331,3,4
65536,32768,10579,3464,7360
5,4,10628,2,5
4,2,10079,2,3
7,9,10394,4,4
65536,32768,11377,3427,7619
5,4,10316,2,5
4,2,10334,3,3
7,9,10123,3,4
65536,32768,11619,3572,7412
5,4,10265,2,5
4,2,10388,2,2
7,9,10325,3,13
65536,32768,11381,3980,9108
5,4,10767,2,5
4,2,10075,2,2
7,9,10893,3,4
65536,32768,10814,3419,7928
5,4,10623,203,6
4,2,10155,2,2
7,9,10288,4,6
65536,32768,11098,3544,8511
5,4,10244,2,5
4,2,11330,2,2
7,9,10175,3,4
65536,32768,12337,3908,6836
5,4,10409,2,5
4,2,10214,2,2
7,9,10749,4,5
65536,32768,10634,3401,7501
5,4,10104,2,5
4,2,10427,2,2
7,9,11323,3,4
65536,32768,11321,3737,7546
5,4,11739,2,6
4,2,10453,2,2
7,9,10108,3,4
65536,32768,11308,3773,7651
5,4,10498,2,5
4,2,12025,13,3
7,9,10690,3,4
65536,32768,11002,3414,7190
5,4,10360,4,7
4,2,10138,3,3
7,9,10627,4,14
65536,32768,12656,6460,18252
5,4,10079,12,7
4,2,11682,2,2
7,9,10289,3,4
65536,32768,10789,3766,10640
5,4,10291,3,5
4,2,10964,3,4
7,9,10828,3,4
65536,32768,11473,3414,7118
5,4,10368,2,5
4,2,10339,11,2
7,9,10724,4,16
65536,32768,11411,3558,7562
5,4,10701,2,5
4,2,10842,3,3
7,9,11056,3,4
65536,32768,12424,3750,6986
5,4,10245,2,5
4,2,10341,2,3
7,9,10993,3,4
65536,32768,11403,3302,7811
5,4,10885,3,5
4,2,11666,3,3
7,9,11888,4,15
65536,32768,10566,3427,7923
5,4,10693,2,5
4,2,11373,2,2
7,9,10364,3,4
65536,32768,10874,5601,7034
5,4,11436,2,5
4,2,10316,2,2
7,9,10156,3,5
65536,32768,10570,3881,7456
5,4,10819,2,6
4,2,11305,2,2
7,9,11379,3,4
65536,32768,10641,3948,7134
5,4,10686,3,5
4,2,10311,2,2
7,9,10369,4,5
65536,32768,11054,3798,7465
5,4,10871,2,5
4,2,11269,2,3
7,9,11371,3,4
65536,32768,12367,3438,7428
5,4,10571,2,5
4,2,11234,2,2
7,9,10342,3,4
65536,32768,10631,3417,7353
5,4,10518,2,5
4,2,11230,2,2
7,9,10268,13,4
65536,32768,11071,3610,7031
5,4,10846,2,5
4,2,10769,2,2
7,9,10434,3,4
65536,32768,11676,3916,7655
5,4,10525,2,5
4,2,10870,2,2
7,9,10442,3,4
65536,32768,12350,3767,7680
5,4,10547,2,5
4,2,10312,2,2
7,9,10866,3,4
65536,32768,10592,3536,7351
5,4,10074,2,5
4,2,10497,10,2
7,9,10047,3,4
65536,32768,11747,3400,7640
5,4,10280,2,5
4,2,10339,2,2
7,9,10235,3,4
65536,32768,11989,3472,7942
5,4,10669,2,5
4,2,10067,2,2
7,9,10404,3,4
65536,32768,11011,3456,7611
5,4,10898,2,5
4,2,10411,2,2
7,9,10188,13,5
65536,32768,11389,3555,7595
5,4,10074,2,14
4,2,10256,2,2
7,9,10955,4,5
65536,32768,11622,3455,7405
5,4,10058,12,5
4,2,10245,2,2
7,9,10936,3,4
65536,32768,10546,3167,8281
5,4,10386,2,5
4,2,10128,2,12
7,9,10693,3,4
65536,32768,11280,3576,8204
5,4,10342,2,5
4,2,10171,11,2
7,9,10514,3,4
65536,32768,11413,4217,8058
5,4,10636,2,5
4,2,10256,4,2
7,9,10210,4,15
65536,32768,11816,3435,8402
5,4,10527,2,6
4,2,10060,8,9
7,9,10962,6,8
65536,32768,10794,3455,8699
5,4,10647,3,6
4,2,10522,2,2
7,9,10114,3,4
65536,32768,10882,3827,7886
5,4,10700,2,6
4,2,10557,2,3
7,9,10776,3,4
65536,32768,12349,3344,7006
5,4,10739,3,6
4,2,10279,2,2
7,9,10762,3,4
65536,32768,11379,3255,7144
5,4,11845,2,5
4,2,10134,2,2
7,9,10317,3,5
65536,32768,11985,3496,7530
5,4,10387,2,5
4,2,10307,2,2
7,9,11171,3,4
65536,32768,11718,3582,7035
5,4,10730,2,5
4,2,10281,2,2
7,9,10370,12,4
65536,32768,12434,3386,7756
5,4,10658,2,5
4,2,10140,2,2
7,9,10583,3,4
65536,32768,12477,3148,7773
5,4,10743,12,6
4,2,10630,3,3
7,9,10493,2,4
65536,32768,10841,3196,7446
5,4,11500,2,14
4,2,11320,11,2
7,9,10941,3,4
65536,32768,11229,3653,6927
5,4,10315,2,5
4,2,10287,2,2
7,9,10422,2,4
65536,32768,10527,3287,8557
5,4,10771,2,5
4,2,11325,2,2
7,9,11378,3,4
65536,32768,11666,3169,9712
5,4,10393,2,6
4,2,10737,4,4
7,9,10930,3,4
65536,32768,12345,7242,17787
5,4,11610,3,6
4,2,11413,4,4
7,9,10470,5,6
65536,32768,11279,7133,17987
5,4,10354,3,7
4,2,11268,3,3
7,9,10615,4,5
65536,32768,11286,3698,8519
5,4,10837,2,5
4,2,10206,3,4
7,9,10871,3,5
65536,32768,12494,5979,15940
5,4,11146,2,14
4,2,11104,3,3
7,9,10197,3,4
65536,32768,10783,3459,7500
5,4,10509,2,5
4,2,10772,2,3
7,9,11222,3,4
65536,32768,10631,3585,8728
5,4,10587,2,5
4,2,10919,3,3
7,9,10303,3,4
65536,32768,11174,3417,7269
5,4,10732,5,10
4,2,10675,2,11
7,9,11317,12,4
65536,32768,12665,3747,9019
5,4,10152,2,5
4,2,11052,4,4
7,9,10283,3,4
65536,32768,10880,3486,7960
5,4,11295,2,5
4,2,10039,2,2
7,9,10939,3,4
65536,32768,11111,3403,7947
5,4,10379,2,15
4,2,11140,2,2
7,9,10787,3,4
65536,32768,11212,3877,7324
5,4,11496,2,5
4,2,10315,1,2
7,9,10206,6,8
65536,32768,11088,3347,7623
5,4,11166,2,5
4,2,10133,2,2
7,9,10057,3,4
65536,32768,10825,3377,7291
5,4,10533,2,5
4,2,11355,2,2
7,9,10081,2,4
65536,32768,12386,5149,7585
5,4,11183,3,6
4,2,11359,3,3
7,9,11383,2,4
65536,32768,10718,4588,7608
5,4,10480,11,5
4,2,10942,2,3
7,9,11318,12,4
65536,32768,11518,3203,7203
5,4,10346,2,5
4,2,10309,2,2
7,9,11335,3,4
65536,32768,11726,3523,9322
5,4,10148,3,9
4,2,11770,2,2
7,9,11786,2,4
65536,32768,10562,3878,7398
5,4,10058,11,5
4,2,10825,2,2
7,9,10119,2,4
65536,32768,10908,3530,7278
5,4,11616,2,5
4,2,10941,12,2
7,9,10816,11,4
65536,32768,10643,3431,7710
5,4,10144,2,5
4,2,11748,2,2
7,9,10191,2,4
65536,32768,10716,3269,10399
5,4,10831,2,5
4,2,10045,2,2
7,9,11160,3,4
65536,32768,11205,3263,10942
5,4,11499,2,14
4,2,10259,3,3
7,9,10413,3,4
65536,32768,10981,3809,8070
5,4,10542,2,5
4,2,10282,3,2
7,9,10184,3,4
65536,32768,12585,3760,7573
5,4,10720,2,5
4,2,11328,11,2
7,9,11348,3,4
65536,32768,10750,4033,7785
5,4,10271,2,5
4,2,10385,2,11
7,9,10874,3,4
65536,32768,11929,3498,6834
5,4,11018,2,5
4,2,10355,2,2
7,9,10431,3,4
65536,32768,12343,4054,6732
5,4,10154,2,5
4,2,10445,2,11
7,9,10365,4,5
65536,32768,12076,3624,6830
5,4,10750,2,5
4,2,10425,2,2
7,9,11968,12,4
65536,32768,11354,3742,6679
5,4,10790,2,5
4,2,11043,11,2
7,9,10346,12,4
65536,32768,11404,4764,6794
5,4,10302,2,5
4,2,10338,2,2
7,9,10311,3,4
65536,32768,10808,3647,6822
5,4,10810,2,5
4,2,11418,2,2
7,9,10245,6,5
65536,32768,11247,3620,7918
5,4,10895,2,5
4,2,10948,2,2
7,9,10350,5,4
65536,32768,10626,3278,7199
5,4,11671,2,5
4,2,11393,2,12
7,9,10499,3,4
65536,32768,12146,3485,7642
5,4,10366,2,5
4,2,10250,3,3
7,9,10490,3,13
65536,32768,11309,3292,6960
5,4,11574,2,5
4,2,10437,2,2
7,9,11391,3,4
65536,32768,11417,3781,7255
5,4,10870,2,14
4,2,10353,2,2
7,9,11123,5,7
65536,32768,12440,3639,6847
5,4,10797,2,5
4,2,10412,2,2
7,9,11309,3,4
65536,32768,11411,3488,7295
5,4,10444,3,5
4,2,10437,2,2
7,9,10942,3,4
65536,32768,11390,3415,7825
5,4,11746,2,5
4,2,11377,2,2
7,9,10976,5,6
65536,32768,11733,3378,8212
5,4,10418,2,13
4,2,10364,2,2
7,9,10319,3,13
65536,32768,10693,3905,6820
5,4,10182,3,5
4,2,10158,2,2
7,9,10246,5,5
65536,32768,11292,3445,7209
5,4,11575,2,5
4,2,11117,4,6
7,9,10137,4,5
65536,32768,11399,3611,6653
5,4,10933,2,5
4,2,11226,2,2
7,9,10239,2,4
65536,32768,12299,3593,6913
5,4,10418,2,5
4,2,10347,3,3
7,9,10259,4,5
65536,32768,11081,3628,7892
5,4,10832,2,5
4,2,11320,2,2
7,9,10304,2,4
65536,32768,12534,4745,6942
5,4,11179,2,6
4,2,10383,2,2
7,9,10235,2,4
65536,32768,12114,3809,6823
5,4,10423,2,5
4,2,11205,2,2
7,9,10347,3,4
65536,32768,11490,4144,7331
5,4,10306,2,5
4,2,11320,2,2
7,9,10053,2,13
65536,32768,11264,3633,6683
5,4,11630,2,13
4,2,10922,1,2
7,9,10049,2,12
65536,32768,10621,3463,6971
5,4,10076,2,5
4,2,11432,2,2
7,9,11310,5,17
65536,32768,11510,3459,7136
5,4,11594,11,5
4,2,10289,1,2
7,9,10305,3,14
65536,32768,11185,3541,6756
5,4,11935,2,5
4,2,10556,2,2
7,9,10253,4,5
65536,32768,11324,3433,7733
5,4,10199,2,5
4,2,11264,2,2
7,9,10169,4,4
65536,32768,11015,3317,7812
5,4,10265,2,14
4,2,10191,2,2
7,9,10198,2,4
65536,32768,11156,3572,7347
5,4,10811,11,5
4,2,11042,2,2
7,9,10105,3,4
65536,32768,11233,3430,7607
5,4,10453,2,15
4,2,10276,2,2
7,9,11847,5,6
65536,32768,11374,3250,7770
5,4,11419,2,5
4,2,11439,2,2
7,9,10768,3,4
65536,32768,11577,3750,7065
5,4,10622,2,5
4,2,10279,3,3
7,9,11889,4,5
65536,32768,12430,3410,7340
5,4,11449,11,5
4,2,11408,2,2
7,9,11414,3,4
65536,32768,11140,3303,7345
5,4,10204,2,5
4,2,10353,2,2
7,9,11318,5,7
65536,32768,10920,3278,7179
5,4,10807,2,5
4,2,11041,2,2
7,9,10210,2,4
65536,32768,11235,3343,7510
5,4,10552,2,5
4,2,10349,2,2
7,9,10455,3,6
65536,32768,11590,3361,7724
5,4,10267,2,5
4,2,10140,4,4
7,9,10715,3,4
65536,32768,11295,4063,8425
5,4,11823,2,5
4,2,10531,2,2
7,9,10227,3,4
65536,32768,10904,3385,7341
5,4,10254,2,5
4,2,10255,3,3
7,9,10898,3,4
65536,32768,11209,3407,7296
5,4,10598,11,5
4,2,11150,11,2
7,9,10091,3,4
65536,32768,12331,4811,8488
5,4,10836,2,5
4,2,10422,2,2
7,9,10948,3,4
65536,32768,11389,3808,6493
5,4,10693,2,5
4,2,10266,2,2
7,9,10092,3,4
65536,32768,11204,4873,8351
5,4,10872,2,5
4,2,10409,2,2
7,9,10374,5,16
65536,32768,10587,3562,7052
5,4,10576,2,4
4,2,10317,2,2
7,9,10175,3,4
65536,32768,11515,3510,7135
5,4,11401,3,10
4,2,11198,4,4
7,9,10189,3,4
65536,32768,11311,4216,7832
5,4,10984,2,5
4,2,10134,2,3
7,9,11033,12,4
65536,32768,10862,3606,7251
5,4,10646,2,5
4,2,10170,12,2
7,9,11272,3,4
65536,32768,11128,3425,7249
5,4,10681,3,7
4,2,10276,2,2
7,9,10143,12,4
65536,32768,10578,3523,8039
5,4,11456,2,14
4,2,11155,3,3
7,9,11856,3,4
65536,32768,11006,3265,7581
5,4,10417,2,5
4,2,10268,4,4
7,9,11144,4,5
65536,32768,12359,3610,7639
5,4,10053,2,5
4,2,10493,3,3
7,9,11411,3,4
65536,32768,10603,3239,7519
5,4,10237,2,6
4,2,10502,2,3
7,9,12021,3,4
65536,32768,10751,3426,8242
5,4,10351,2,5
4,2,11235,6,5
7,9,11202,2,4
65536,32768,11134,6056,7769
5,4,11545,2,5
4,2,10502,2,2
7,9,10330,5,5
65536,32768,12340,3745,6664
5,4,11799,2,5
4,2,10144,2,2
7,9,10180,3,4
65536,32768,11693,3711,6558
5,4,11895,2,5
4,2,10744,2,3
7,9,10211,3,4
65536,32768,11771,4740,6769
5,4,10568,2,5
4,2,10181,2,2
7,9,10323,3,4
65536,32768,12432,3984,7054
5,4,10920,2,5
4,2,11073,2,2
7,9,10321,3,13
65536,32768,10543,3615,7358
5,4,10363,2,5
4,2,10371,2,2
7,9,10354,3,4
65536,32768,10681,3758,7565
5,4,10565,2,5
4,2,10334,11,2
7,9,10388,2,4
65536,32768,11013,3476,7968
5,4,11885,2,5
4,2,11302,11,2
7,9,10210,3,5
65536,32768,11497,3244,7826
5,4,10350,2,14
4,2,10189,3,3
7,9,10429,3,4
65536,32768,11341,6265,7354
5,4,11869,2,5
4,2,11280,2,2
7,9,11105,3,21
65536,32768,11192,3335,7198
5,4,10574,2,5
4,2,10332,2,2
7,9,10782,3,14
65536,32768,10712,3324,6995
5,4,10868,4,7
4,2,10779,2,2
7,9,10551,3,4
65536,32768,11447,3290,7606
5,4,10539,3,17
4,2,11543,2,2
7,9,10240,2,4
65536,32768,12035,3454,7048
5,4,11751,2,5
4,2,10499,2,2
7,9,10328,4,4
65536,32768,11142,3556,7268
5,4,11631,12,5
4,2,10383,2,2
7,9,11239,5,5
65536,32768,11312,3547,7225
5,4,10287,2,5
4,2,10488,2,2
7,9,11230,3,4
65536,32768,11211,3595,7315
5,4,10155,2,5
4,2,10398,2,2
7,9,11296,4,5
65536,32768,11126,4217,8984
5,4,10362,2,5
4,2,10370,2,2
7,9,11401,3,4
65536,32768,11216,3394,7374
5,4,11301,2,5
4,2,10325,2,2
7,9,10326,3,4
65536,32768,11378,5909,7518
5,4,11799,2,5
4,2,10420,2,2
7,9,10380,3,4
65536,32768,10618,3369,6747
5,4,12006,2,5
4,2,10373,2,2
7,9,10532,4,6
65536,32768,11160,3466,7351
5,4,11382,2,6
4,2,10496,2,2
7,9,10106,4,4
65536,32768,11139,3717,6751
5,4,11741,3,7
4,2,10345,2,2
7,9,10228,3,4
65536,32768,12201,3831,7359
5,4,11582,2,5
4,2,11289,2,3
7,9,10309,3,14
65536,32768,10977,3591,7318
5,4,10098,2,14
4,2,10150,2,2
7,9,10238,13,5
65536,32768,12403,3448,7542
5,4,10874,2,6
4,2,10227,2,2
7,9,11417,13,5
65536,32768,11049,3885,7715
5,4,10514,2,5
4,2,10322,2,2
7,9,10367,3,4
65536,32768,11132,4784,7566
5,4,10888,2,5
4,2,10314,2,2
7,9,10293,3,4
65536,32768,11103,3260,7481
5,4,10106,2,5
4,2,10187,2,3
7,9,10343,4,6
65536,32768,11621,3520,7927
5,4,10873,2,5
4,2,11218,11,2
7,9,11347,3,4
65536,32768,11315,3475,7675
5,4,10236,2,22
4,2,10289,3,3
7,9,10196,3,4
65536,32768,11175,3307,7674
5,4,10192,2,5
4,2,11278,2,3
7,9,11304,3,4
65536,32768,12196,3823,7274
5,4,11044,2,5
4,2,10303,12,2
7,9,10238,3,4
65536,32768,11460,5105,8163
5,4,10859,2,14
4,2,11221,2,2
7,9,11222,3,4
65536,32768,12280,3741,6988
5,4,10491,11,5
4,2,10224,2,2
7,9,10370,3,4
65536,32768,11312,3802,7063
5,4,11279,2,4
4,2,10493,2,2
7,9,11132,12,4
65536,32768,11590,3495,7394
5,4,10446,2,5
4,2,10427,2,2
7,9,10933,4,6
65536,32768,11398,3315,7805
5,4,10349,2,15
4,2,11278,2,2
7,9,11175,3,4
65536,32768,10584,3533,7321
5,4,10580,2,4
4,2,11085,2,2
7,9,11367,4,5
65536,32768,10576,3514,7734
5,4,10106,2,5
4,2,10247,2,2
7,9,10313,4,14
65536,32768,11174,3516,8273
5,4,10550,3,7
4,2,11008,3,3
7,9,10990,5,6
65536,32768,11299,4110,11946
5,4,10362,2,5
4,2,10126,2,2
7,9,10094,4,6
65536,32768,12556,3759,8326
5,4,10646,2,5
4,2,10297,2,2
7,9,11010,3,4
65536,32768,10814,4276,7273
5,4,11232,2,14
4,2,11171,2,2
7,9,10314,3,4
65536,32768,11313,3292,7430
5,4,10648,2,5
4,2,10419,12,2
7,9,10961,2,4
65536,32768,11481,3569,7505
5,4,10342,2,15
4,2,10396,2,2
7,9,11950,4,5
65536,32768,10561,3385,7818
5,4,10104,2,6
4,2,10215,2,2
7,9,12013,3,4
65536,32768,11251,3537,7583
5,4,10087,2,4
4,2,10303,3,3
7,9,10896,3,4
65536,32768,11198,3932,7286
5,4,10066,2,5
4,2,10370,2,2
7,9,10275,3,4
65536,32768,12003,4605,7461
5,4,11412,12,5
4,2,10140,3,3
7,9,11181,4,5
65536,32768,11143,3361,7933
5,4,11027,2,5
4,2,10814,2,2
7,9,11293,4,5
65536,32768,12204,4647,6924
5,4,11650,2,5
4,2,10429,2,2
7,9,10277,5,7
65536,32768,11466,3631,7342
5,4,10248,2,5
4,2,10272,2,2
7,9,11065,6,9
65536,32768,11030,3349,7241
5,4,10904,2,5
4,2,10402,2,11
7,9,10237,2,4
65536,32768,12330,3280,7339
5,4,10610,2,5
4,2,11296,2,2
7,9,11295,3,4
65536,32768,12417,3550,6556
5,4,10803,2,5
4,2,10492,2,2
7,9,10892,3,4
65536,32768,11353,3995,6994
5,4,10172,2,5
4,2,11343,2,2
7,9,10333,12,4
65536,32768,11236,3436,6948
5,4,10715,2,14
4,2,11205,3,2
7,9,10225,4,6
65536,32768,10949,3713,7449
5,4,10869,2,5
4,2,10234,2,2
7,9,10938,4,6
65536,32768,12423,3767,6938
5,4,10519,2,5
4,2,10453,2,2
7,9,10258,3,4
65536,32768,12321,3369,7081
5,4,11929,2,5
4,2,10184,11,2
7,9,10334,3,4
65536,32768,11267,3624,7305
5,4,10363,2,5
4,2,10217,3,3
7,9,10348,3,4
65536,32768,11437,3412,7180
5,4,10801,4,6
4,2,10459,2,2
7,9,10231,12,4
65536,32768,11412,3292,7180
5,4,10697,2,5
4,2,10347,2,2
7,9,11499,3,4
65536,32768,11072,6462,7045
5,4,10466,2,5
4,2,10469,2,2
7,9,10279,3,4
65536,32768,11565,3886,6671
5,4,10483,2,5
4,2,10178,2,2
7,9,10367,4,4
65536,32768,10568,3598,7844
5,4,10910,2,5
4,2,11374,2,2
7,9,10249,3,4
65536,32768,11022,3537,7523
5,4,10988,2,5
4,2,10814,2,2
7,9,10441,3,4
65536,32768,11284,3201,7289
5,4,10709,2,5
4,2,10139,2,3
7,9,10171,3,4
65536,32768,11760,3792,7063
5,4,11628,2,5
4,2,10265,2,2
7,9,11027,12,4
65536,32768,10799,3782,7556
5,4,10073,2,5
4,2,10296,2,14
7,9,10999,3,4
65536,32768,11277,3298,9859
5,4,10574,11,5
4,2,10088,2,2
7,9,11025,3,4
65536,32768,11043,3692,7022
5,4,10670,2,5
4,2,10324,2,2
7,9,11806,2,4
65536,32768,11482,3288,7346
5,4,10623,2,5
4,2,10273,2,3
7,9,10072,2,4
65536,32768,12151,6055,7293
5,4,10803,2,5
4,2,10291,2,2
7,9,10058,12,5
65536,32768,10925,4141,7241
5,4,10695,2,5
4,2,11336,2,2
7,9,10354,3,4
65536,32768,11126,3795,6945
5,4,10409,2,5
4,2,10403,2,2
7,9,10186,3,4
65536,32768,11248,3780,7477
5,4,10959,2,5
4,2,10377,2,2
7,9,11127,4,5
65536,32768,11245,3467,7260
5,4,10646,2,5
4,2,11265,2,3
7,9,10117,3,9
65536,32768,11665,3571,7929
5,4,11009,2,5
4,2,11969,2,2
7,9,10302,3,4
65536,32768,10587,3427,7571
5,4,10283,2,5
4,2,10144,2,2
7,9,10308,2,3
65536,32768,12199,3531,8015
5,4,10803,2,5
4,2,10263,2,2
7,9,10391,2,4
65536,32768,12078,3516,7856
5,4,10121,2,5
4,2,11264,11,2
7,9,10330,2,4
65536,32768,11897,3424,7246
5,4,10643,2,5
4,2,10401,2,2
7,9,10197,3,4
65536,32768,11116,3400,7919
5,4,11017,2,5
4,2,10330,4,4
7,9,10077,3,4
65536,32768,10787,3334,7644
5,4,11230,2,5
4,2,10445,2,2
7,9,11035,3,4
65536,32768,11796,3303,8019
5,4,11706,2,4
4,2,10248,2,2
7,9,10842,3,13
65536,32768,11339,3569,7571
5,4,10509,2,4
4,2,10363,6,5
7,9,10577,3,4
65536,32768,11260,3355,7940
5,4,10652,2,5
4,2,10320,2,2
7,9,10321,3,13
65536,32768,11418,3268,7431
5,4,10642,2,5
4,2,11187,11,2
7,9,11306,12,4
65536,32768,11434,3257,7771
5,4,10295,2,5
4,2,10265,2,2
7,9,10898,4,6
65536,32768,11413,3346,7571
5,4,10123,2,5
4,2,11386,4,15
7,9,10777,4,6
65536,32768,10598,3308,7723
5,4,10277,3,6
4,2,11089,2,2
7,9,11870,3,4
65536,32768,11074,6102,7543
5,4,10741,2,5
4,2,10145,3,3
7,9,11341,4,5
65536,32768,11391,3741,6973
5,4,10751,11,5
4,2,10347,3,4
7,9,10483,4,6
65536,32768,12016,3364,7479
5,4,10442,2,6
4,2,10146,3,3
7,9,11101,3,4
65536,32768,11226,5954,7579
5,4,11451,2,6
4,2,11089,11,2
7,9,10475,3,4
65536,32768,10692,3684,7103
5,4,10363,2,16
4,2,12062,2,2
7,9,11282,3,4
65536,32768,10603,3904,6887
5,4,11095,2,4
4,2,10458,2,2
7,9,10378,2,5
65536,32768,10645,3593,6996
5,4,10543,2,14
4,2,10275,11,2
7,9,10452,4,5
65536,32768,11072,3368,7083
5,4,10664,2,14
4,2,11913,2,11
7,9,10856,3,4
65536,32768,11885,3933,10759
5,4,10987,2,4
4,2,10364,2,2
7,9,11109,3,4
65536,32768,11388,3158,7119
5,4,10473,2,5
4,2,11392,2,2
7,9,10189,3,4
65536,32768,10696,3191,7420
5,4,10107,11,5
4,2,10293,2,3
7,9,10353,2,4
65536,32768,10890,3696,6961
5,4,10548,2,5
4,2,10335,2,2
7,9,10375,2,4
65536,32768,11374,4011,7391
5,4,10866,2,15
4,2,10164,3,3
7,9,10353,3,4
65536,32768,12378,3250,7353
5,4,10668,2,6
4,2,10542,2,2
7,9,10377,3,4
65536,32768,11098,4020,8290
5,4,10066,2,4
4,2,10059,2,2
7,9,10409,13,6
65536,32768,10598,4480,8313
5,4,10745,2,5
4,2,10652,2,2
7,9,10280,2,4
65536,32768,11947,3386,7673
5,4,10986,2,5
4,2,10475,2,2
7,9,11385,4,5
65536,32768,11162,3265,7282
5,4,10657,2,5
4,2,10381,2,2
7,9,10194,2,4
65536,32768,11146,5009,8236
5,4,11002,11,5
4,2,10363,11,2
7,9,10276,3,4
65536,32768,11420,3349,7518
5,4,10584,2,5
4,2,10680,2,2
7,9,10077,2,4
65536,32768,11233,3401,7393
5,4,10490,2,5
4,2,10240,1,2
7,9,10428,4,5
65536,32768,12474,3259,7814
5,4,10106,2,5
4,2,10093,2,2
7,9,11319,3,4
65536,32768,11389,4570,8150
5,4,11308,2,5
4,2,10379,2,2
7,9,10328,3,4
65536,32768,11327,3281,7747
5,4,10233,2,6
4,2,11454,2,2
7,9,10089,3,4
65536,32768,10884,3333,7565
5,4,11234,2,5
4,2,11458,2,2
7,9,10425,3,4
65536,32768,11308,5051,6939
5,4,10096,2,5
4,2,11271,2,2
7,9,10813,4,5
65536,32768,10702,3486,7188
5,4,10489,2,5
4,2,10180,2,2
7,9,10480,3,4
65536,32768,11394,3620,7473
5,4,11148,2,5
4,2,10367,2,2
7,9,10212,3,4
65536,32768,10732,3466,7097
5,4,11511,2,5
4,2,10404,2,2
7,9,10675,4,6
65536,32768,11241,3507,7485
5,4,11963,2,5
4,2,10080,2,2
7,9,10105,4,6
65536,32768,10653,4048,7585
5,4,10508,11,6
4,2,10237,2,2
7,9,10418,3,4
65536,32768,11403,4553,8594
5,4,10153,2,5
4,2,10274,2,3
7,9,10087,12,4
65536,32768,11350,3573,7304
5,4,10862,2,5
4,2,10407,2,2
7,9,11361,4,6
65536,32768,11379,3327,7479
5,4,11274,2,5
4,2,10107,2,3
7,9,11082,3,4
65536,32768,11307,3403,7677
5,4,10101,2,5
4,2,11247,3,3
7,9,10279,4,5
65536,32768,12471,4775,7801
5,4,10309,2,5
4,2,10120,2,11
7,9,11223,3,4
65536,32768,11414,5065,6636
5,4,11127,2,15
4,2,10230,2,2
7,9,10269,7,6
65536,32768,11509,3433,6954
5,4,11713,2,5
4,2,10349,2,2
7,9,10195,3,5
65536,32768,10920,3521,6971
5,4,10120,2,5
4,2,10395,2,2
7,9,11055,3,4
65536,32768,11050,3420,7257
5,4,10927,2,5
4,2,11178,2,2
7,9,10362,3,4
65536,32768,10789,3539,7401
5,4,10450,3,6
4,2,10514,3,12
7,9,10286,3,13
65536,32768,11027,3519,7708
5,4,10050,2,5
4,2,10300,2,2
7,9,10789,13,4
65536,32768,12367,3641,7752
5,4,10492,3,5
4,2,10162,2,2
7,9,10195,3,4
65536,32768,11343,5110,7347
5,4,10136,11,6
4,2,10135,2,3
7,9,10795,4,5
65536,32768,11553,4370,7757
5,4,11005,2,5
4,2,11825,11,2
7,9,10943,3,4
65536,32768,10791,3297,7979
5,4,10341,3,7
4,2,10235,2,2
7,9,11707,3,4
65536,32768,11456,3547,10468
5,4,10241,16,5
4,2,10896,2,2
7,9,10979,3,4
65536,32768,12444,3494,7861
5,4,10100,3,7
4,2,10431,11,2
7,9,10870,3,4
65536,32768,10989,3833,9408
5,4,10863,2,4
4,2,10454,2,12
7,9,10299,2,14
65536,32768,11476,3705,7134
5,4,10509,2,5
4,2,10154,3,3
7,9,10684,3,4
65536,32768,10507,3433,7731
5,4,10114,3,16
4,2,10241,3,3
7,9,12002,3,4
65536,32768,10586,3142,7833
5,4,10083,2,5
4,2,10232,2,2
7,9,11007,3,4
65536,32768,12172,4506,7999
5,4,10805,2,5
4,2,10425,2,3
7,9,10596,4,5
65536,32768,10600,3369,7973
5,4,12002,2,5
4,2,10448,4,4
7,9,10696,3,4
65536,32768,11561,4432,8591
5,4,10865,2,15
4,2,11200,2,2
7,9,10242,3,4
65536,32768,11182,3271,7300
5,4,10497,3,6
4,2,11304,2,2
7,9,11270,12,4
65536,32768,11410,4688,7534
5,4,10738,2,5
4,2,10403,2,11
7,9,11970,3,4
65536,32768,11711,3865,6507
5,4,10695,2,5
4,2,11319,12,3
7,9,10076,3,4
65536,32768,11572,3867,6929
5,4,10211,2,5
4,2,10308,2,2
7,9,11041,5,7
65536,32768,11442,3626,7077
5,4,10688,2,5
4,2,10267,2,3
7,9,10365,12,4
65536,32768,12207,3395,7163
5,4,10848,2,5
4,2,10994,2,2
7,9,10279,2,4
65536,32768,10631,3280,7754
5,4,10270,2,6
4,2,10460,2,3
7,9,11052,7,9
65536,32768,10889,3261,7620
5,4,10666,3,16
4,2,10959,2,2
7,9,10160,3,4
65536,32768,11446,3958,6822
5,4,11475,2,5
4,2,10415,2,2
7,9,10048,12,4
65536,32768,11457,3697,8177
5,4,10424,2,5
4,2,11060,2,12
7,9,10882,3,4
65536,32768,11868,4450,6746
5,4,10692,2,5
4,2,10932,2,11
7,9,10352,3,4
65536,32768,12445,3484,7144
5,4,10556,2,5
4,2,10320,2,2
7,9,10385,4,5
65536,32768,11282,4416,7426
5,4,10261,2,5
4,2,10249,2,2
7,9,11336,4,5
65536,32768,11190,3328,7496
5,4,10463,2,5
4,2,10210,2,2
7,9,10107,3,4
65536,32768,11430,3473,7623
5,4,10180,2,5
4,2,11003,2,2
7,9,10301,4,6
65536,32768,12299,4681,7343
5,4,10156,2,6
4,2,10411,2,2
7,9,10366,4,6
65536,32768,11340,3474,7135
5,4,11596,2,20
4,2,11420,2,2
7,9,10329,3,4
65536,32768,11338,3436,7567
5,4,10374,2,14
4,2,10301,2,3
7,9,10207,2,4
65536,32768,11066,3312,7278
5,4,10484,2,5
4,2,10414,2,3
7,9,10517,3,4
65536,32768,11099,3413,7514
5,4,10176,2,5
4,2,10225,11,2
7,9,10760,2,4
65536,32768,11567,4158,8847
5,4,12044,2,5
4,2,10379,2,2
7,9,10655,3,4
65536,32768,10921,3673,7546
5,4,10867,2,5
4,2,10234,2,2
7,9,10149,5,6
65536,32768,12512,3552,7136
5,4,10436,2,4
4,2,10139,2,2
7,9,10355,4,6
65536,32768,11184,4294,7489
5,4,11079,2,5
4,2,10233,2,2
7,9,11058,3,4
65536,32768,11275,5058,7235
5,4,10632,2,5
4,2,10422,3,4
7,9,10685,4,6
65536,32768,11599,3509,7101
5,4,11249,3,15
4,2,10380,2,2
7,9,10158,3,4
65536,32768,11572,3483,7796
5,4,10213,2,6
4,2,10453,2,2
7,9,10246,3,4
65536,32768,11551,3685,6573
5,4,10567,2,5
4,2,10364,2,2
7,9,10301,6,8
65536,32768,12399,4031,6572
5,4,10519,2,5
4,2,10999,2,2
7,9,11277,2,4
65536,32768,11321,3607,7106
5,4,10249,2,5
4,2,10136,2,2
7,9,10317,3,4
65536,32768,10759,3436,7750
5,4,10658,2,5
4,2,10278,2,2
7,9,10111,4,6
65536,32768,11069,3449,7331
5,4,10678,2,5
4,2,10264,3,4
7,9,10352,4,23
65536,32768,10543,3611,8125
5,4,10752,2,5
4,2,10390,2,2
7,9,10927,3,4
65536,32768,11909,4187,8839
5,4,10606,2,5
4,2,11167,2,3
7,9,11247,3,14
65536,32768,11016,3902,7170
5,4,10862,2,5
4,2,11201,2,2
7,9,10271,4,6
65536,32768,11163,3528,6964
5,4,11956,2,5
4,2,10395,2,2
7,9,11249,3,4
65536,32768,11423,3459,7642
5,4,10212,2,5
4,2,10452,2,2
7,9,10058,3,4
65536,32768,10998,3524,7765
5,4,10634,2,5
4,2,11417,2,11
7,9,10410,3,4
65536,32768,11985,3823,7275
5,4,11033,2,5
4,2,10389,2,2
7,9,11227,4,4
65536,32768,11413,3569,6763
5,4,10803,2,5
4,2,10392,2,2
7,9,10092,3,4
65536,32768,11801,3925,7497
5,4,10872,2,5
4,2,10342,2,2
7,9,10465,3,4
65536,32768,11281,6468,7268
5,4,10376,2,5
4,2,10341,12,2
7,9,10410,5,6
65536,32768,10645,3587,8185
5,4,10580,2,5
4,2,10475,2,2
7,9,10329,3,4
65536,32768,11205,3580,7666
5,4,10925,2,5
4,2,11070,2,2
7,9,11424,3,5
65536,32768,10667,6260,7490
5,4,10101,3,6
4,2,10435,2,2
7,9,10236,5,5
65536,32768,11391,3370,7419
5,4,10636,2,5
4,2,10159,2,2
7,9,11288,3,4
65536,32768,10887,3312,7405
5,4,10588,2,15
4,2,10227,2,2
7,9,11401,3,4
65536,32768,11187,3447,7400
5,4,10686,4,17
4,2,10129,2,3
7,9,11953,2,4
65536,32768,11453,5872,7462
5,4,10779,2,5
4,2,10437,2,12
7,9,10078,3,5
65536,32768,11484,4465,7349
5,4,10363,2,5
4,2,10529,2,2
7,9,10219,4,4
65536,32768,12394,3602,6700
5,4,10904,2,5
4,2,11192,2,2
7,9,10415,3,5
65536,32768,10602,3347,7573
5,4,10175,2,5
4,2,10054,2,2
7,9,10095,3,4
65536,32768,11616,3680,7358
5,4,10332,2,5
4,2,10219,6,5
7,9,10194,12,4
65536,32768,10716,3166,7673
5,4,10520,3,6
4,2,10057,2,11
7,9,10929,3,4
65536,32768,10772,3236,7591
5,4,10083,2,5
4,2,10823,12,2
7,9,10216,2,4
65536,32768,10786,3469,7001
5,4,11072,2,5
4,2,11343,2,3
7,9,10503,2,4
65536,32768,10754,3190,7474
5,4,10638,3,16
4,2,11105,2,2
7,9,11273,2,4
65536,32768,11411,3186,10340
5,4,10835,2,15
4,2,10136,2,3
7,9,10099,13,5
65536,32768,11360,3204,7853
5,4,10161,2,5
4,2,10513,2,2
7,9,10977,12,4
65536,32768,11488,3196,7915
5,4,11847,11,4
4,2,10154,2,2
7,9,10101,2,4
65536,32768,10772,3701,7711
5,4,10968,2,5
4,2,11419,3,2
7,9,10932,4,5
65536,32768,11440,4251,7276
5,4,10910,2,5
4,2,10391,2,2
7,9,10101,3,4
65536,32768,10639,3422,11844
5,4,10171,2,5
4,2,10202,3,2
7,9,11233,3,4
65536,32768,11938,4380,10405
5,4,10478,2,5
4,2,11934,2,2
7,9,11045,3,4
65536,32768,10691,3244,6883
5,4,10716,2,5
4,2,10196,2,2
7,9,11370,2,4
65536,32768,11172,3341,9465
5,4,10655,12,5
4,2,10334,2,2
7,9,10220,3,4
65536,32768,12460,3238,10227
5,4,10286,2,5
4,2,10118,2,2
7,9,10117,2,4
65536,32768,10768,3484,6828
5,4,10163,2,14
4,2,11335,2,2
7,9,10967,3,4
65536,32768,11426,3573,7121
5,4,10748,2,5
4,2,10967,2,2
7,9,11070,3,4
65536,32768,10558,3268,7078
5,4,11183,2,5
4,2,11634,2,3
7,9,11317,3,4
65536,32768,10542,3128,7718
5,4,10369,13,7
4,2,10525,2,3
7,9,10748,2,4
65536,32768,11585,3292,8399
5,4,11272,14,5
4,2,10280,3,3
7,9,10126,2,4
65536,32768,10739,3229,7484
5,4,10104,2,5
4,2,10768,2,2
7,9,11141,3,4
65536,32768,10727,3206,7739
5,4,10246,3,6
4,2,10791,2,2
7,9,10570,13,4
65536,32768,11496,3369,7702
5,4,11937,2,5
4,2,10133,2,2
7,9,10255,12,4
65536,32768,10680,3592,7554
5,4,10676,3,6
4,2,11572,2,3
7,9,11193,2,13
65536,32768,11343,3301,10772
5,4,10283,2,5
4,2,10121,2,2
7,9,10076,2,14
65536,32768,10879,3273,7614
5,4,10228,2,7
4,2,11176,3,13
7,9,10861,12,4
65536,32768,10651,3272,7657
5,4,11078,2,5
4,2,10366,2,2
7,9,10318,2,4
65536,32768,11474,3603,8205
5,4,10493,2,5
4,2,10207,4,4
7,9,10544,3,4
65536,32768,10588,3348,11005
5,4,10710,2,5
4,2,10174,3,2
7,9,10174,3,4
65536,32768,10625,3968,7516
5,4,10670,2,5
4,2,10337,3,4
7,9,11477,4,5
65536,32768,11463,3481,7602
5,4,10283,2,5
4,2,10204,3,2
7,9,10887,3,4
65536,32768,11515,3252,8182
5,4,10887,2,5
4,2,10255,3,3
7,9,10929,3,14
65536,32768,11408,6483,7040
5,4,10142,2,5
4,2,11417,2,2
7,9,11234,3,4
65536,32768,11592,3933,7045
5,4,10126,2,5
4,2,10265,2,2
7,9,10435,12,4
65536,32768,11396,4015,6851
5,4,10399,2,5
4,2,10152,3,3
7,9,10246,5,6
65536,32768,11436,3569,7249
5,4,10599,2,5
4,2,10075,2,2
7,9,11360,3,5
65536,32768,11497,4013,7506
5,4,10669,3,7
4,2,10030,2,2
7,9,10538,14,5
65536,32768,10680,4739,7589
5,4,10906,2,5
4,2,11509,2,2
7,9,11363,3,4
65536,32768,11613,3300,6875
5,4,10703,2,5
4,2,10785,2,12
7,9,10927,3,4
65536,32768,10631,3336,6593
5,4,11111,2,14
4,2,10310,10,2
7,9,10227,2,4
65536,32768,10754,3868,6699
5,4,10654,2,6
4,2,10181,2,2
7,9,11388,3,5
65536,32768,11434,3901,6589
5,4,10649,2,5
4,2,10326,2,2
7,9,11213,3,4
65536,32768,11569,3670,6810
5,4,10475,2,5
4,2,10240,2,2
7,9,10418,11,4
65536,32768,12360,4262,7172
5,4,10616,2,5
4,2,10417,3,3
7,9,10310,3,4
65536,32768,11580,4394,7087
5,4,10629,2,5
4,2,10934,2,2
7,9,10288,4,6
65536,32768,11432,3822,6903
5,4,10790,2,5
4,2,10143,2,2
7,9,10395,4,5
65536,32768,11335,3715,7928
5,4,11645,3,6
4,2,10380,2,2
7,9,10265,3,4
65536,32768,10954,4041,7183
5,4,10058,2,5
4,2,11130,2,2
7,9,10968,4,6
65536,32768,11155,5179,7078
5,4,10832,2,5
4,2,10368,2,2
7,9,10277,13,5
65536,32768,10594,3416,7788
5,4,10831,2,5
4,2,10420,2,2
7,9,11341,13,15
65536,32768,11294,3442,7721
5,4,10716,2,5
4,2,10361,2,2
7,9,10378,5,6
65536,32768,12135,4647,6718
5,4,10899,2,5
4,2,11387,2,2
7,9,10285,12,4
65536,32768,10719,4030,7299
5,4,10986,2,5
4,2,10343,2,2
7,9,11903,2,4
65536,32768,11683,3857,6860
5,4,10292,2,5
4,2,10081,2,3
7,9,11505,4,4
65536,32768,10556,3663,7177
5,4,10590,2,5
4,2,11297,2,2
7,9,10476,2,4
65536,32768,11333,3360,7723
5,4,11362,2,5
4,2,11363,2,2
7,9,10116,3,4
65536,32768,11478,3342,7458
5,4,10276,2,5
4,2,10376,2,3
7,9,10465,3,4
65536,32768,12483,3359,7578
5,4,11478,2,5
4,2,10460,3,3
7,9,10208,4,6
65536,32768,11186,3621,7575
5,4,10706,11,5
4,2,10888,2,2
7,9,10269,4,6
65536,32768,12251,4160,7454
5,4,11956,2,5
4,2,11193,2,2
7,9,10973,2,4
65536,32768,11745,3285,8150
5,4,11182,2,5
4,2,10353,11,2
7,9,10132,2,3
65536,32768,11435,3187,7376
5,4,10970,2,14
4,2,11257,2,2
7,9,11343,2,4
65536,32768,11380,3297,8386
5,4,10633,2,5
4,2,10636,2,13
7,9,10399,2,4
65536,32768,11459,3698,6895
5,4,11483,3,7
4,2,11347,2,2
7,9,10964,3,5
65536,32768,12168,3390,7802
5,4,10111,5,9
4,2,10245,2,2
7,9,11110,4,5
65536,32768,10598,3311,7996
5,4,10939,3,7
4,2,10192,11,2
7,9,10284,3,4
65536,32768,10514,3170,7195
5,4,10152,2,5
4,2,10930,12,2
7,9,10237,2,4
65536,32768,11490,3157,9995
5,4,10442,5,8
4,2,10719,11,2
7,9,11959,3,13
65536,32768,11487,3391,7615
5,4,11046,3,6
4,2,10121,2,3
7,9,10085,3,4
65536,32768,11661,3311,7275
5,4,11685,2,5
4,2,11099,11,2
7,9,11838,3,4
65536,32768,10877,3264,7749
5,4,10144,2,5
4,2,10182,2,2
7,9,10968,12,4
65536,32768,11281,3401,7558
5,4,11195,2,5
4,2,10332,12,2
7,9,10098,12,4
65536,32768,12353,3363,7445
5,4,10189,2,5
4,2,10389,2,2
7,9,10931,3,4
65536,32768,11700,3550,7633
5,4,11974,2,4
4,2,11220,2,2
7,9,11305,4,5
65536,32768,11138,6433,6978
5,4,10881,2,5
4,2,10128,2,2
7,9,11038,3,4
65536,32768,10522,3470,7389
5,4,10267,2,15
4,2,10090,2,2
7,9,11399,3,4
65536,32768,10898,3488,7472
5,4,10261,2,5
4,2,10237,2,2
7,9,10316,3,4
65536,32768,11520,3525,7371
5,4,10279,2,16
4,2,11844,4,4
7,9,10265,3,4
65536,32768,11323,3624,7447
5,4,10937,2,5
4,2,10099,3,3
7,9,11382,3,4
65536,32768,11612,3445,7219
5,4,11709,2,5
4,2,11047,2,2
7,9,11354,3,4
65536,32768,11451,4133,6968
5,4,11831,2,5
4,2,10229,2,2
7,9,11399,3,4
65536,32768,10889,3705,7078
5,4,10355,2,5
4,2,10254,3,3
7,9,10365,5,6
65536,32768,12209,4982,7226
5,4,11678,3,5
4,2,10341,2,2
7,9,11383,3,14
65536,32768,10599,3622,6710
5,4,11045,2,6
4,2,10305,2,2
7,9,10335,6,6
65536,32768,11001,3391,7039
5,4,11837,2,14
4,2,10108,2,2
7,9,10436,4,5
65536,32768,11232,3696,8446
5,4,10061,2,5
4,2,10350,2,2
7,9,11081,3,5
65536,32768,11020,3460,7683
5,4,10967,2,5
4,2,10399,2,2
7,9,10178,2,4
65536,32768,11089,4792,7431
5,4,10847,2,5
4,2,11466,1,2
7,9,11876,2,4
65536,32768,10644,4111,6732
5,4,10282,2,5
4,2,10506,2,2
7,9,10198,3,4
65536,32768,11565,5004,6997
5,4,12055,2,5
4,2,10465,1,2
7,9,10128,3,4
65536,32768,11628,3981,6414
5,4,10076,2,5
4,2,10244,2,2
7,9,11378,4,14
65536,32768,11476,3671,7067
5,4,11573,11,5
4,2,11097,11,2
7,9,10292,3,4
65536,32768,11580,3741,7118
5,4,10520,2,5
4,2,11889,2,2
7,9,11365,3,4
65536,32768,11600,3839,6999
5,4,10291,2,5
4,2,10302,11,2
7,9,10236,12,4
65536,32768,10929,3435,7315
5,4,10623,2,5
4,2,10254,3,12
7,9,11956,3,5
65536,32768,11314,3460,7215
5,4,10661,12,5
4,2,10405,2,2
7,9,10240,4,4
65536,32768,10803,3342,7176
5,4,10972,2,5
4,2,11289,11,2
7,9,11046,11,4
65536,32768,11254,4612,7448
5,4,11605,2,5
4,2,10534,2,2
7,9,11027,2,4
65536,32768,10616,4114,6759
5,4,10244,2,5
4,2,10394,2,2
7,9,11040,12,4
65536,32768,11469,3791,6506
5,4,10777,2,5
4,2,10479,2,2
7,9,10942,5,5
65536,32768,11453,3634,6924
5,4,10741,2,14
4,2,10300,2,3
7,9,10147,12,4
65536,32768,11325,3457,8032
5,4,11571,2,5
4,2,11317,2,2
7,9,10104,12,4
65536,32768,11400,3522,7573
5,4,10308,2,5
4,2,10433,2,2
7,9,11439,2,4
65536,32768,12130,3402,6812
5,4,10824,2,5
4,2,10550,2,2
7,9,11375,3,4
65536,32768,11418,3391,7127
5,4,10879,2,5
4,2,11489,2,2
7,9,10475,3,4
65536,32768,11326,3342,7565
5,4,11280,2,5
4,2,10299,2,2
7,9,10341,3,13
65536,32768,11111,3606,7696
5,4,11859,2,5
4,2,10370,2,2
7,9,11419,3,4
65536,32768,11420,3496,7005
5,4,10850,2,5
4,2,10942,2,2
7,9,10099,3,4
65536,32768,11154,3801,7587
5,4,10643,2,5
4,2,10486,2,2
7,9,10191,4,6
65536,32768,11202,4912,7571
5,4,10582,2,5
4,2,10164,4,4
7,9,10272,4,5
65536,32768,11957,3467,7110
5,4,10467,2,5
4,2,10351,2,2
7,9,10313,3,4
65536,32768,12113,3365,7363
5,4,10412,3,7
4,2,10264,2,2
7,9,10093,3,4
65536,32768,11125,3386,7698
5,4,10235,2,5
4,2,10354,3,2
7,9,11003,4,5
65536,32768,10959,3676,7554
5,4,11329,3,6
4,2,10307,2,2
7,9,11246,3,4
65536,32768,11227,3571,7833
5,4,10923,2,14
4,2,10483,2,2
7,9,10246,3,4
65536,32768,10550,3368,7804
5,4,10265,2,5
4,2,10453,2,2
7,9,10540,2,4
65536,32768,10743,3198,8118
5,4,10728,2,5
4,2,10759,2,2
7,9,11675,13,4
65536,32768,11214,3563,10611
5,4,11271,2,5
4,2,10373,2,2
7,9,11162,3,4
65536,32768,10736,3936,7154
5,4,11946,2,5
4,2,10267,2,2
