    Finished dev [unoptimized + debuginfo] target(s) in 0.00s
     Running `target/debug/shortest-path-server`
7,9,10588,43,40
65536,32768,43630,80253,132166
5,4,11020,24,31
4,2,12024,21,22
7,9,10963,45,41
65536,32768,45560,77881,131295
5,4,10865,24,28
4,2,11450,29,21
7,9,11770,34,36
65536,32768,45173,78002,126066
5,4,10478,25,28
4,2,10263,20,21
7,9,10396,35,35
65536,32768,45533,80608,132424
5,4,10893,25,29
4,2,10577,19,21
7,9,11444,34,36
65536,32768,44921,81630,127935
5,4,10078,25,41
4,2,10382,20,22
7,9,11352,61,52
65536,32768,44397,78883,127664
5,4,10241,25,29
4,2,10367,19,21
7,9,10294,34,35
65536,32768,45870,77546,127875
5,4,11094,32,35
4,2,10209,19,21
7,9,11050,63,66
65536,32768,46433,77878,135672
5,4,10195,24,29
4,2,10126,20,21
7,9,10605,35,36
65536,32768,44670,79078,136225
5,4,10944,25,37
4,2,10113,22,23
7,9,10101,37,38
65536,32768,44163,78465,128003
5,4,10452,24,29
4,2,10099,19,21
7,9,10182,38,39
65536,32768,43621,76990,128581
5,4,11068,24,29
4,2,10078,19,21
7,9,11346,34,37
65536,32768,43874,77434,130423
5,4,10748,25,30
4,2,10500,18,20
7,9,10151,35,37
65536,32768,45221,77928,127872
5,4,11979,24,27
4,2,10305,23,23
7,9,10313,52,56
65536,32768,44120,77968,128656
5,4,11036,25,30
4,2,10255,19,21
7,9,10453,42,51
65536,32768,46711,79251,127755
5,4,10944,26,30
4,2,10129,19,21
7,9,10990,35,42
65536,32768,47036,79451,127857
5,4,11010,30,30
4,2,10327,30,32
7,9,10906,37,46
65536,32768,44524,80333,132882
5,4,10401,30,32
4,2,10604,19,21
7,9,10796,54,46
65536,32768,45570,83660,133664
5,4,10669,24,30
4,2,11701,19,21
7,9,10983,35,37
65536,32768,44524,78464,128636
5,4,10288,25,28
4,2,10253,19,21
7,9,11210,49,53
65536,32768,44063,77390,127554
5,4,11979,33,31
4,2,11366,20,23
7,9,11294,34,37
65536,32768,43495,77865,128243
5,4,10718,24,28
4,2,10239,19,21
7,9,10364,34,36
65536,32768,46586,78366,130802
5,4,10096,24,30
4,2,10395,21,23
7,9,11614,35,36
65536,32768,43699,79180,127166
5,4,10730,24,29
4,2,10368,20,21
7,9,10150,35,37
65536,32768,44850,77823,128287
5,4,11697,24,29
4,2,11867,19,21
7,9,10411,35,37
65536,32768,45650,83648,129806
5,4,10291,25,29
4,2,10192,20,22
7,9,10349,35,37
65536,32768,44956,78471,128305
5,4,10714,24,30
4,2,10724,19,21
7,9,11007,49,39
65536,32768,47988,77897,133242
5,4,10535,24,44
4,2,10318,30,30
7,9,10155,38,38
65536,32768,44218,78317,129239
5,4,10212,24,29
4,2,10108,20,21
7,9,10270,34,37
65536,32768,43886,78001,127505
5,4,11012,23,28
4,2,10192,19,21
7,9,10994,35,37
65536,32768,43650,77087,127982
5,4,10277,24,33
4,2,10858,24,26
7,9,10885,55,37
65536,32768,44349,77185,126990
5,4,11327,43,43
4,2,10986,19,22
7,9,10244,35,38
65536,32768,44456,79804,129385
5,4,10943,24,29
4,2,10325,23,38
7,9,10316,79,59
65536,32768,43712,78836,130618
5,4,10392,33,41
4,2,11359,19,21
7,9,10956,34,36
65536,32768,44293,78007,135519
5,4,10718,42,30
4,2,10115,21,22
7,9,10379,56,57
65536,32768,45066,79935,132360
5,4,10689,25,30
4,2,10998,19,21
7,9,10182,82,70
65536,32768,43791,79341,130512
5,4,10469,24,29
4,2,11176,21,22
7,9,10403,75,49
65536,32768,44491,90649,144498
5,4,10992,24,29
4,2,10160,19,21
7,9,10207,37,39
65536,32768,43915,77647,128244
5,4,10711,25,30
4,2,10333,20,21
7,9,11033,35,37
65536,32768,43024,77866,129370
5,4,10722,24,30
4,2,10767,19,21
7,9,10315,35,37
65536,32768,46201,81218,135251
5,4,10948,24,29
4,2,10300,20,21
7,9,10201,35,37
65536,32768,43612,80403,131694
5,4,10153,26,31
4,2,10124,22,29
7,9,10687,34,36
65536,32768,45963,79539,129769
5,4,10173,23,29
4,2,10734,20,22
7,9,10190,35,35
65536,32768,45282,78657,128851
5,4,10533,24,29
4,2,10168,20,22
7,9,10658,45,44
65536,32768,44944,78045,130745
5,4,10465,24,29
4,2,10101,40,34
7,9,10346,35,38
65536,32768,44361,78137,132825
5,4,10972,28,62
4,2,10252,50,37
7,9,10893,34,36
65536,32768,43671,80057,128445
5,4,10864,37,45
4,2,10769,19,22
7,9,11014,37,60
65536,32768,44120,78093,130023
5,4,11010,24,30
4,2,10862,20,22
7,9,10929,37,51
65536,32768,43379,78207,134871
5,4,10984,27,46
4,2,11216,20,22
7,9,10931,36,38
65536,32768,45481,81850,132607
5,4,10209,25,30
4,2,11210,35,24
7,9,11020,36,37
65536,32768,44905,84888,131592
5,4,11010,25,29
4,2,10195,20,21
7,9,10743,45,37
65536,32768,44692,77490,132246
5,4,10981,26,38
4,2,11726,20,21
7,9,11057,35,37
65536,32768,45539,77523,128469
5,4,10461,24,29
4,2,12049,26,24
7,9,10763,35,37
65536,32768,45516,77774,128003
5,4,10723,26,30
4,2,10157,19,21
7,9,10194,34,36
65536,32768,44242,78373,129396
5,4,10564,24,29
4,2,10104,18,21
7,9,11321,35,38
65536,32768,44410,77319,126621
5,4,10397,24,29
4,2,10706,19,21
7,9,10180,34,36
65536,32768,45791,80734,132182
5,4,10984,24,30
4,2,10236,20,21
7,9,10186,35,36
65536,32768,45879,78371,127704
5,4,11572,26,32
4,2,11045,19,21
7,9,11662,37,38
65536,32768,44106,80025,126006
5,4,10593,25,29
4,2,10243,38,49
7,9,10665,51,54
65536,32768,43609,80576,127989
5,4,10829,25,30
4,2,10991,21,22
7,9,11362,34,36
65536,32768,44044,78109,130728
5,4,11711,26,74
4,2,11791,41,42
7,9,10486,47,81
65536,32768,45514,78077,134432
5,4,10944,32,35
4,2,10841,19,21
7,9,10918,35,37
65536,32768,46660,82382,130447
5,4,10636,24,28
4,2,10284,20,21
7,9,11204,58,57
65536,32768,44084,77632,126751
5,4,10951,30,31
4,2,10376,20,21
7,9,10340,35,37
65536,32768,45164,77146,129356
5,4,10484,28,42
4,2,11755,20,22
7,9,11799,52,50
65536,32768,44939,77894,127752
5,4,10564,34,30
4,2,10069,20,22
7,9,10267,36,37
65536,32768,43722,78475,128001
5,4,10503,32,34
4,2,11362,19,21
7,9,10253,55,79
65536,32768,46466,81413,134504
5,4,10656,24,29
4,2,11341,20,21
7,9,10165,35,38
65536,32768,45271,77228,127825
5,4,10389,25,30
4,2,10389,19,21
7,9,10203,35,36
65536,32768,43698,78443,129650
5,4,10371,25,27
4,2,11795,19,21
7,9,10942,35,37
65536,32768,43934,78028,126677
5,4,10277,24,29
4,2,11967,21,22
7,9,11186,65,68
65536,32768,43989,78196,129121
5,4,10729,24,29
4,2,10308,20,21
7,9,10235,34,36
65536,32768,43681,77343,129841
5,4,10547,25,29
4,2,10108,38,38
7,9,10396,33,36
65536,32768,46114,78579,130281
5,4,10631,26,31
4,2,10426,43,67
7,9,10839,35,47
65536,32768,44067,78094,129940
5,4,11062,24,29
4,2,10246,19,21
7,9,10328,48,42
65536,32768,43585,77439,128149
5,4,10809,24,29
4,2,10453,19,21
7,9,10947,50,51
65536,32768,44515,78601,130133
5,4,10196,27,36
4,2,10253,35,36
7,9,10221,35,37
65536,32768,44993,78881,132321
5,4,10798,24,30
4,2,10163,35,35
7,9,10203,35,36
65536,32768,44391,78635,130666
5,4,10327,24,29
4,2,10267,19,20
7,9,11136,35,47
65536,32768,44541,80268,130655
5,4,10975,27,31
4,2,10264,19,21
7,9,10128,34,36
65536,32768,43828,81873,129712
5,4,10107,25,29
4,2,10968,19,21
7,9,10351,34,36
65536,32768,48274,81604,135130
5,4,10098,26,31
4,2,10390,30,22
7,9,10334,43,42
65536,32768,45576,76861,126776
5,4,11761,37,28
4,2,10097,19,21
7,9,10322,35,36
65536,32768,43734,77491,130458
5,4,10570,24,30
4,2,11249,19,22
7,9,10192,34,37
65536,32768,44016,77170,126726
5,4,10730,25,40
4,2,11078,20,22
7,9,10120,35,36
65536,32768,44273,77330,129337
5,4,10416,28,34
4,2,10148,31,23
7,9,10838,35,37
65536,32768,46482,83922,131987
5,4,10491,25,30
4,2,11019,19,21
7,9,10282,47,58
65536,32768,43924,78224,129993
5,4,10129,25,30
4,2,11383,20,32
7,9,11081,35,37
65536,32768,43502,77702,127050
5,4,11763,30,41
4,2,10300,19,42
7,9,10193,39,41
65536,32768,44486,81722,128111
5,4,10750,26,30
4,2,11078,19,21
7,9,10757,48,55
65536,32768,45206,78628,127702
5,4,10222,24,29
4,2,10155,20,22
7,9,10924,35,40
65536,32768,43946,78181,131247
5,4,10478,28,58
4,2,10345,20,21
7,9,10265,35,36
65536,32768,45023,77641,129328
5,4,10809,34,32
4,2,10860,19,21
7,9,10695,35,35
65536,32768,43441,82058,128841
5,4,10687,45,32
4,2,10886,19,21
7,9,10207,47,40
65536,32768,43909,77826,127704
5,4,11146,25,35
4,2,10101,23,21
7,9,11318,35,36
65536,32768,44862,78732,136433
5,4,10543,24,30
4,2,10360,22,22
7,9,10162,38,58
65536,32768,44161,79008,127922
5,4,10666,24,29
4,2,10414,20,21
7,9,10271,41,52
65536,32768,45136,79766,133471
5,4,10839,55,40
4,2,10836,19,21
7,9,10762,34,36
65536,32768,45818,81905,127493
5,4,10201,24,30
4,2,10321,20,30
7,9,10078,35,37
65536,32768,44772,78432,129082
5,4,10307,25,30
4,2,10844,19,20
7,9,10934,34,36
65536,32768,43092,78390,127984
5,4,10743,37,30
4,2,10387,32,30
7,9,10545,35,37
65536,32768,45737,78394,128467
5,4,10897,25,30
4,2,10223,20,22
7,9,11020,39,40
65536,32768,45615,83153,134534
5,4,10456,24,29
4,2,10349,20,21
7,9,10974,42,41
65536,32768,46115,78714,127822
5,4,10947,24,29
4,2,10384,19,21
7,9,11116,35,37
65536,32768,45774,81044,128438
5,4,10335,24,29
4,2,10148,21,22
7,9,10220,35,62
65536,32768,45545,78153,129463
5,4,10655,26,35
4,2,10987,20,21
7,9,11423,35,37
65536,32768,45613,82712,138693
5,4,10650,27,51
4,2,10805,19,22
7,9,10266,35,37
65536,32768,44349,78487,130246
5,4,10327,46,41
4,2,10085,21,22
7,9,10602,34,36
65536,32768,46054,81620,130707
5,4,10169,26,41
4,2,11111,21,28
7,9,11276,53,72
65536,32768,45398,77365,131672
5,4,10925,25,29
4,2,10107,19,21
7,9,10977,37,38
65536,32768,44176,84657,131752
5,4,10616,24,30
4,2,10090,20,22
7,9,10518,74,71
65536,32768,45023,77217,127007
5,4,10680,24,28
4,2,10994,21,22
7,9,11349,36,48
65536,32768,45062,77621,132723
5,4,10221,24,30
4,2,11063,20,22
7,9,10300,34,37
65536,32768,46536,81486,131282
5,4,10786,24,31
4,2,11051,21,22
7,9,10376,37,40
65536,32768,44350,79150,126916
5,4,10483,24,30
4,2,10263,20,22
7,9,10513,36,37
65536,32768,43605,79348,128780
5,4,10165,24,30
4,2,10416,19,21
7,9,10617,34,37
65536,32768,45704,83142,131509
5,4,10933,24,56
4,2,10177,19,21
7,9,10108,35,37
65536,32768,43405,77215,127292
5,4,10819,45,39
4,2,10629,19,21
7,9,10207,35,36
65536,32768,43978,80405,129290
5,4,10739,24,30
4,2,10180,29,28
7,9,10937,80,63
65536,32768,44010,79803,128514
5,4,10942,24,30
4,2,10285,20,21
7,9,10338,35,36
65536,32768,42913,77151,127220
5,4,10624,24,28
4,2,10327,20,23
7,9,10338,95,78
65536,32768,44885,77624,128785
5,4,10353,24,30
4,2,11007,20,21
7,9,10859,35,37
65536,32768,46328,78501,130415
5,4,11057,24,30
4,2,10187,20,22
7,9,11115,50,52
65536,32768,46983,80491,133349
5,4,11153,24,30
4,2,10283,20,21
7,9,11100,35,36
65536,32768,44564,78946,130692
5,4,10470,24,29
4,2,10138,19,21
7,9,10991,52,50
65536,32768,44459,80925,132024
5,4,10507,28,31
4,2,11110,24,24
7,9,10173,98,71
65536,32768,46179,81548,136098
5,4,10547,25,30
4,2,10228,48,48
7,9,10587,56,73
65536,32768,44692,77633,128885
5,4,10587,25,29
4,2,11389,21,21
7,9,10163,35,36
65536,32768,46247,82415,135644
5,4,10548,25,28
4,2,11727,19,21
7,9,10202,34,37
65536,32768,45904,78405,135524
5,4,10322,24,30
4,2,11287,20,21
7,9,10326,35,37
65536,32768,46554,77700,129090
5,4,11294,25,29
4,2,10929,19,21
7,9,11223,68,49
65536,32768,44787,77959,128300
5,4,10816,25,29
4,2,10280,29,26
7,9,11979,35,38
65536,32768,44134,78629,128047
5,4,10887,24,30
4,2,11198,19,21
7,9,10177,46,46
65536,32768,43872,82164,135079
5,4,10931,24,40
4,2,10411,21,23
7,9,10433,35,37
65536,32768,44077,77959,129404
5,4,11041,29,54
4,2,10261,20,22
7,9,10988,35,37
65536,32768,43698,77384,130680
5,4,11209,33,37
4,2,10392,52,37
7,9,10919,37,38
65536,32768,43951,79992,127831
5,4,10481,39,45
4,2,10367,19,21
7,9,10370,34,36
65536,32768,44151,80033,134461
5,4,10235,32,36
4,2,10704,20,22
7,9,10842,35,37
65536,32768,43681,78285,129424
5,4,10210,36,30
4,2,11173,19,21
7,9,11055,36,37
65536,32768,43555,78963,134474
5,4,11067,53,47
4,2,11641,55,42
7,9,11537,35,36
65536,32768,43900,79101,134322
5,4,11902,56,65
4,2,10922,26,36
7,9,10230,34,36
65536,32768,45352,79759,127504
5,4,11506,25,40
4,2,11267,19,21
7,9,10121,36,39
65536,32768,46133,85831,135335
5,4,10994,23,29
4,2,10126,19,21
7,9,10463,56,48
65536,32768,44463,77437,134715
5,4,10594,25,30
4,2,12048,27,26
7,9,10207,35,37
65536,32768,43525,77522,127399
5,4,11053,38,30
4,2,10356,19,20
7,9,11260,50,54
65536,32768,45557,80741,128004
5,4,10276,24,29
4,2,10839,20,22
7,9,10402,35,37
65536,32768,48580,79397,131795
5,4,10252,25,30
4,2,11068,19,21
7,9,10464,34,36
65536,32768,44044,79938,133487
5,4,11458,24,29
4,2,10364,20,21
7,9,10646,36,37
65536,32768,43804,78596,129236
5,4,10121,24,29
4,2,10379,20,21
7,9,10127,35,37
65536,32768,44059,77524,128050
5,4,10377,24,30
4,2,10256,25,27
7,9,10947,48,48
65536,32768,44468,81321,135331
5,4,10696,26,39
4,2,11015,22,21
7,9,10399,38,59
65536,32768,43290,78216,132099
5,4,10389,24,29
4,2,10834,19,20
7,9,10292,35,37
65536,32768,46681,80980,130216
5,4,10759,36,41
4,2,11090,19,21
7,9,10191,78,73
65536,32768,45709,80091,132993
5,4,10527,36,62
4,2,11951,20,21
7,9,10476,73,75
65536,32768,45048,81563,131640
5,4,10290,37,45
4,2,10980,19,21
7,9,10920,34,36
65536,32768,46134,79339,128813
5,4,10855,25,51
4,2,11091,30,22
7,9,10166,50,54
65536,32768,44870,78848,127643
5,4,10976,25,29
4,2,11363,19,20
7,9,10208,46,54
65536,32768,45798,80634,130800
5,4,12035,24,29
4,2,10135,19,21
7,9,10227,36,38
65536,32768,43648,81215,131637
5,4,10257,25,31
4,2,11628,20,22
7,9,10622,34,36
65536,32768,43324,78374,128303
5,4,10284,34,29
4,2,10174,21,23
7,9,10126,33,35
65536,32768,44398,78198,134868
5,4,10364,38,40
4,2,11074,20,41
7,9,11303,38,37
65536,32768,44116,77601,139223
5,4,11624,24,30
4,2,10950,19,21
7,9,10137,34,36
65536,32768,46006,81219,132052
5,4,10598,25,30
4,2,10420,19,21
7,9,10247,34,42
65536,32768,44772,78202,131264
5,4,10385,24,30
4,2,10648,19,21
7,9,11017,34,36
65536,32768,43407,83059,132257
5,4,10217,25,30
4,2,10235,19,22
7,9,10179,35,51
65536,32768,47384,90114,143842
5,4,10962,24,28
4,2,10213,19,21
7,9,10370,36,36
65536,32768,49090,84885,143151
5,4,10796,26,42
4,2,10215,19,21
7,9,10270,36,37
65536,32768,44219,78000,129032
5,4,10860,25,31
4,2,11896,21,22
7,9,11032,35,37
65536,32768,43477,78548,128746
5,4,10901,35,45
4,2,11179,20,22
7,9,10772,34,37
65536,32768,45627,78834,134570
5,4,10455,70,71
4,2,10393,20,22
7,9,10899,35,36
65536,32768,43993,78453,129890
5,4,10136,26,32
4,2,10748,20,22
7,9,10145,37,39
65536,32768,45101,81744,134615
5,4,10583,25,29
4,2,11074,24,42
7,9,11063,35,79
65536,32768,44616,83322,135034
5,4,10462,26,31
4,2,10376,20,21
7,9,10932,36,37
65536,32768,46308,81770,138226
5,4,10741,26,31
4,2,10245,20,26
7,9,11185,35,37
65536,32768,46559,78606,127954
5,4,10249,69,75
4,2,10178,19,21
7,9,10980,36,38
65536,32768,46857,81847,128846
5,4,10440,25,30
4,2,10352,19,21
7,9,11314,36,38
65536,32768,45444,79462,134801
5,4,10968,24,30
4,2,10397,20,22
7,9,11527,50,53
65536,32768,45343,78234,126768
5,4,10594,46,31
4,2,10248,20,21
7,9,10445,39,37
65536,32768,44407,82076,138875
5,4,11015,71,42
4,2,10349,19,21
7,9,10171,35,37
65536,32768,44787,82739,135098
5,4,11917,23,29
4,2,10089,20,22
7,9,11019,36,40
65536,32768,44930,77195,129143
5,4,10800,40,43
4,2,10130,20,21
7,9,10325,35,36
65536,32768,44088,79157,130051
5,4,10106,26,31
4,2,10953,20,21
7,9,10803,35,37
65536,32768,43542,77998,127161
5,4,11489,24,29
4,2,11624,24,25
7,9,10232,36,38
65536,32768,44019,79255,126464
5,4,10867,24,29
4,2,10310,20,21
7,9,12097,43,37
65536,32768,46169,77765,127064
5,4,10855,25,29
4,2,10204,19,21
7,9,10377,34,36
65536,32768,44936,77712,131163
5,4,10193,47,58
4,2,10566,22,26
7,9,10132,34,37
65536,32768,45302,80843,126832
5,4,10949,35,30
4,2,11066,20,22
7,9,11303,35,37
65536,32768,45124,78482,128501
5,4,10648,25,29
4,2,10973,28,21
7,9,10222,36,37
65536,32768,44545,77519,130218
5,4,10118,50,63
4,2,12070,19,21
7,9,11319,52,55
65536,32768,45616,79104,127702
5,4,10922,23,30
4,2,10429,20,21
7,9,10485,48,44
65536,32768,43661,82910,131853
5,4,10953,24,29
4,2,10112,21,22
7,9,10305,54,60
65536,32768,45350,78913,129032
5,4,11065,24,29
4,2,10210,27,31
7,9,10244,35,37
65536,32768,45565,80741,128478
5,4,10536,24,40
4,2,10444,20,21
7,9,10274,38,37
65536,32768,45213,79166,129512
5,4,10181,24,30
4,2,11041,19,21
7,9,10188,42,60
65536,32768,44689,77428,131190
5,4,11630,25,30
4,2,11645,20,31
7,9,11714,55,47
65536,32768,45898,80787,127779
5,4,10557,25,29
4,2,11011,19,22
7,9,10434,35,37
65536,32768,44122,82628,130502
5,4,10506,24,30
4,2,11399,28,31
7,9,11625,50,53
65536,32768,44313,78731,127671
5,4,10264,24,30
4,2,10286,39,22
7,9,10340,34,37
65536,32768,43580,77706,131420
5,4,10183,44,138
4,2,10169,19,22
7,9,10306,34,36
65536,32768,44483,78963,126996
5,4,10899,35,50
4,2,10895,19,21
7,9,10666,35,36
65536,32768,43459,84361,135006
5,4,10692,25,31
4,2,10880,19,30
7,9,10167,53,62
65536,32768,45967,77011,129911
5,4,10902,44,48
4,2,10195,23,28
7,9,10926,34,37
65536,32768,44851,81328,132385
5,4,11122,34,36
4,2,11856,21,22
7,9,11170,34,36
65536,32768,44980,79280,130118
5,4,10134,33,32
4,2,10848,20,21
7,9,10156,39,49
65536,32768,45622,77374,128007
5,4,10974,42,42
4,2,10730,19,21
7,9,11523,34,36
65536,32768,45240,77108,129005
5,4,10530,24,30
4,2,10952,19,21
7,9,10936,33,35
65536,32768,44804,78425,128469
5,4,10386,25,30
4,2,11027,20,23
7,9,10354,44,37
65536,32768,45037,78023,137475
5,4,10095,24,30
4,2,11390,22,22
7,9,10470,38,39
65536,32768,44996,80845,134356
5,4,10205,27,31
4,2,11008,36,35
7,9,10840,49,45
65536,32768,45173,78566,128642
5,4,10171,26,30
4,2,10222,19,21
7,9,11193,35,36
65536,32768,45087,78537,135281
5,4,11768,24,29
4,2,10527,40,34
7,9,10222,80,42
65536,32768,47772,79902,128300
5,4,10694,24,55
4,2,10913,20,21
7,9,11272,35,36
65536,32768,45562,77518,127709
5,4,10818,28,33
4,2,10085,35,23
7,9,10251,35,36
65536,32768,45212,85035,132985
5,4,10198,24,30
4,2,10806,18,20
7,9,11040,34,36
65536,32768,43927,77960,128813
5,4,11040,25,29
4,2,10224,20,22
7,9,10890,34,36
65536,32768,44139,79982,127340
5,4,10328,25,30
4,2,10360,20,22
7,9,11062,40,40
65536,32768,43650,78239,127708
5,4,10965,33,31
4,2,10248,20,21
7,9,10197,41,39
65536,32768,45076,79121,132622
5,4,12069,25,30
4,2,10800,30,22
7,9,10732,34,37
65536,32768,43411,79569,126991
5,4,10324,24,30
4,2,10138,31,22
7,9,10290,35,37
65536,32768,43596,77234,129912
5,4,10080,24,30
4,2,10554,20,21
7,9,11360,34,36
65536,32768,44676,77805,126977
5,4,10221,23,29
4,2,10303,20,22
7,9,10271,48,65
65536,32768,43322,77995,127607
5,4,10367,25,30
4,2,10463,19,22
7,9,10167,49,38
65536,32768,44471,79673,129587
5,4,10222,25,30
4,2,10650,27,31
7,9,10952,35,37
65536,32768,44261,77646,127347
5,4,10741,25,29
4,2,10384,21,30
7,9,10658,35,37
65536,32768,46589,79568,128384
5,4,10388,25,30
4,2,10261,20,22
7,9,10282,41,41
65536,32768,43492,76894,131529
5,4,10638,25,39
4,2,10389,30,41
7,9,10519,34,37
65536,32768,44624,79355,129496
5,4,10260,25,30
4,2,10229,20,22
7,9,10903,34,36
65536,32768,44171,78636,127991
5,4,10261,25,30
4,2,11311,20,21
7,9,10291,46,38
65536,32768,44196,80452,134772
5,4,10437,55,53
4,2,10247,29,32
7,9,10621,33,36
65536,32768,44682,80321,129983
5,4,10902,25,30
4,2,10317,20,22
7,9,11108,35,36
65536,32768,43538,78163,129940
5,4,11438,26,30
4,2,10061,19,21
7,9,10421,55,48
65536,32768,43011,80837,128734
5,4,10974,24,29
4,2,10328,75,53
7,9,10903,48,50
65536,32768,44248,79318,130563
5,4,10542,48,62
4,2,10377,20,21
7,9,11130,35,37
65536,32768,44736,77160,127942
5,4,10609,24,28
4,2,10378,19,21
7,9,10807,34,45
65536,32768,45151,76919,128201
5,4,11154,25,30
4,2,10850,40,34
7,9,11840,34,41
65536,32768,43338,79826,138255
5,4,10523,43,48
4,2,10849,25,25
7,9,11405,61,53
65536,32768,45567,80743,138973
5,4,10201,25,41
4,2,10332,24,23
7,9,11914,54,275
65536,32768,44449,80678,136093
5,4,10143,24,29
4,2,10999,19,22
7,9,10322,38,39
65536,32768,44334,77597,129934
5,4,10355,25,39
4,2,10787,30,32
7,9,10776,35,37
65536,32768,44605,79542,129261
5,4,10733,33,37
4,2,11055,29,34
7,9,11393,39,52
65536,32768,43821,77682,140363
5,4,10242,45,51
4,2,10755,28,32
7,9,10550,35,37
65536,32768,45217,79652,131559
5,4,11441,25,41
4,2,10429,19,21
7,9,10332,51,55
65536,32768,46129,80002,133067
5,4,10996,25,30
4,2,10123,21,22
7,9,11317,35,37
65536,32768,45180,81096,129663
5,4,11013,25,33
4,2,10192,22,25
7,9,12073,36,38
65536,32768,43752,79194,133354
5,4,10949,35,49
4,2,10911,19,21
7,9,10544,54,69
65536,32768,45285,76835,127592
5,4,10239,24,30
4,2,10367,21,21
7,9,10567,55,46
65536,32768,44148,79273,127779
5,4,10689,25,30
4,2,10823,20,21
7,9,11928,44,41
65536,32768,46526,79285,130118
5,4,10558,27,80
4,2,10967,21,23
7,9,10549,46,43
65536,32768,45559,77410,128362
5,4,10397,25,33
4,2,11752,20,22
7,9,10386,52,56
65536,32768,46474,79855,128235
5,4,10447,24,29
4,2,10147,36,27
7,9,11269,40,50
65536,32768,45249,79266,130663
5,4,10839,25,30
4,2,10995,24,31
7,9,10149,35,38
65536,32768,44334,78417,129412
5,4,11039,25,29
4,2,10100,19,21
7,9,10776,35,37
65536,32768,43984,77999,130001
5,4,10253,24,28
4,2,11017,20,29
7,9,10274,34,36
65536,32768,43594,79399,126955
5,4,10892,25,30
4,2,10157,19,22
7,9,10259,35,37
65536,32768,45643,82410,134900
5,4,10443,24,30
4,2,12017,19,21
7,9,10377,59,52
65536,32768,44766,81622,131935
5,4,10483,38,34
4,2,11337,21,21
7,9,10344,55,78
65536,32768,44196,80252,134439
5,4,10379,25,30
4,2,10258,19,21
7,9,10870,36,36
65536,32768,45168,82462,132108
5,4,10246,24,28
4,2,11859,20,21
7,9,11350,34,35
65536,32768,44046,77503,127815
5,4,10775,26,30
4,2,11922,19,21
7,9,11159,34,36
65536,32768,44551,81767,136571
5,4,10845,24,29
4,2,10689,27,24
7,9,11163,35,38
65536,32768,43489,78006,130440
5,4,10792,25,30
4,2,11029,19,21
7,9,11332,40,51
65536,32768,43990,79279,128999
5,4,10548,34,38
4,2,10667,19,21
7,9,11047,35,37
65536,32768,43615,81170,129282
5,4,10291,34,58
4,2,10293,21,22
7,9,10625,34,36
65536,32768,45978,80923,135765
5,4,10945,24,29
4,2,10168,39,51
7,9,10348,34,36
65536,32768,45071,83201,129858
5,4,10427,35,63
4,2,10796,19,21
7,9,11025,36,67
65536,32768,46053,79956,132987
5,4,11118,24,29
4,2,10470,19,21
7,9,10353,40,39
65536,32768,45671,81956,128284
5,4,10488,35,59
4,2,10714,28,26
7,9,10823,34,37
65536,32768,43032,78403,128053
5,4,10530,24,29
4,2,10243,19,21
7,9,10868,35,37
65536,32768,44208,78890,129753
5,4,10597,24,30
4,2,10235,50,22
7,9,10232,43,65
65536,32768,44385,79434,129311
5,4,10923,36,43
4,2,10178,22,22
7,9,10343,34,35
65536,32768,44391,80543,134620
5,4,10911,44,30
4,2,10239,19,21
7,9,10361,55,58
65536,32768,44625,77491,127314
5,4,10627,24,30
4,2,10353,19,21
7,9,10254,37,38
65536,32768,50308,77975,126733
5,4,10131,39,41
4,2,10639,19,21
7,9,12109,38,57
65536,32768,45171,77250,127531
5,4,10494,29,35
4,2,10770,24,24
7,9,11157,35,37
65536,32768,44880,80481,127461
5,4,11101,33,34
4,2,10201,29,31
7,9,11477,35,37
65536,32768,44214,77862,130305
5,4,10786,34,39
4,2,10115,20,21
7,9,10978,36,37
65536,32768,43155,79900,127977
5,4,10200,44,31
4,2,10488,20,21
7,9,10306,70,45
65536,32768,43693,77996,127582
5,4,11006,23,29
4,2,10344,19,21
7,9,11206,35,37
65536,32768,43753,78281,129537
5,4,10342,37,55
4,2,10954,20,21
7,9,11116,42,37
65536,32768,45638,79493,127975
5,4,10999,24,29
4,2,10360,30,33
7,9,10901,35,36
65536,32768,43981,78222,128320
5,4,11042,34,35
4,2,11228,19,21
7,9,10202,35,36
65536,32768,43708,78326,129046
5,4,10730,24,29
4,2,11027,19,21
7,9,10278,35,37
65536,32768,43733,78172,126859
5,4,10551,24,29
4,2,10479,20,22
7,9,10362,34,36
65536,32768,44656,80872,131137
5,4,10908,25,29
4,2,10110,19,32
7,9,10153,36,38
65536,32768,44752,82245,127703
5,4,10544,25,30
4,2,10234,42,40
7,9,11071,35,37
65536,32768,44055,88679,127721
5,4,11019,24,29
4,2,11010,19,21
7,9,10455,35,37
65536,32768,42846,77158,127796
5,4,10888,23,29
4,2,11013,19,21
7,9,10989,34,36
65536,32768,44240,76838,128396
5,4,10160,29,44
4,2,11754,28,31
7,9,10282,35,37
65536,32768,45795,83400,133836
5,4,11062,35,48
4,2,10721,26,24
7,9,10188,68,46
65536,32768,44226,78462,128292
5,4,10622,36,49
4,2,10265,32,37
7,9,10811,35,37
65536,32768,43969,78528,132613
5,4,10502,25,67
4,2,10130,19,21
7,9,11984,35,38
65536,32768,45039,77249,129377
5,4,10241,31,41
4,2,10642,21,25
7,9,10538,47,39
65536,32768,44714,78787,129470
5,4,10524,24,29
4,2,12094,20,22
7,9,10306,34,37
65536,32768,45762,77544,133567
5,4,10239,25,30
4,2,12058,19,21
7,9,10395,37,37
65536,32768,43752,77477,129690
5,4,10721,26,30
4,2,11443,19,21
7,9,11337,35,37
65536,32768,43509,80404,133202
5,4,10872,24,30
4,2,10322,22,23
7,9,10828,34,42
65536,32768,45478,77258,128706
5,4,10753,24,29
4,2,10330,19,21
7,9,10266,36,37
65536,32768,45216,77590,130264
5,4,10393,23,28
4,2,10389,19,21
7,9,10094,86,40
65536,32768,45308,77743,129053
5,4,10690,32,38
4,2,11034,35,24
7,9,11009,34,36
65536,32768,44140,78784,129117
5,4,10886,24,31
4,2,10799,20,21
7,9,11587,35,37
65536,32768,45726,82207,126893
5,4,10752,24,29
4,2,10428,20,21
7,9,10764,36,41
65536,32768,44747,79037,141100
5,4,10964,23,29
4,2,11256,20,21
7,9,11079,37,38
65536,32768,43221,81240,129546
5,4,10913,26,32
4,2,11816,19,21
7,9,11584,37,37
65536,32768,44934,77608,128912
5,4,11006,25,29
4,2,10236,33,29
7,9,11524,35,38
65536,32768,45109,78561,130763
5,4,10275,31,36
4,2,10672,19,21
7,9,10114,36,49
65536,32768,46349,79892,129982
5,4,10525,25,30
4,2,11247,19,21
7,9,11106,38,39
65536,32768,44718,82061,127650
5,4,10984,44,61
4,2,10709,19,30
7,9,10386,35,37
65536,32768,43926,80892,136076
5,4,10920,24,29
4,2,11665,19,21
7,9,10217,34,36
65536,32768,46351,79809,128065
5,4,11051,25,30
4,2,10079,20,22
7,9,10926,39,40
65536,32768,44177,78999,126725
5,4,10777,24,29
4,2,10305,19,22
7,9,10198,35,36
65536,32768,44186,78214,131845
5,4,10679,25,29
4,2,10182,19,21
7,9,10508,71,39
65536,32768,44231,84062,128354
5,4,11910,24,29
4,2,11379,20,21
7,9,10329,38,42
65536,32768,44279,77818,126445
5,4,10301,24,29
4,2,10376,20,22
7,9,10339,35,37
65536,32768,45404,92877,128029
5,4,10769,25,29
4,2,10365,19,21
7,9,10876,47,38
65536,32768,45890,79572,129574
5,4,10871,26,40
4,2,10893,19,21
7,9,10518,35,36
65536,32768,45648,79675,130107
5,4,10855,27,38
4,2,10324,19,22
7,9,10091,42,57
65536,32768,45595,80014,144138
5,4,10309,28,41
4,2,10909,22,22
7,9,10461,35,37
65536,32768,49340,82430,137309
5,4,10479,25,30
4,2,10315,33,24
7,9,10686,35,37
65536,32768,44084,78487,173871
5,4,11825,55,49
4,2,11268,19,21
7,9,10937,57,43
65536,32768,46914,80045,127230
5,4,10534,25,30
4,2,10548,19,21
7,9,10349,35,36
65536,32768,44604,79827,129578
5,4,10109,24,29
4,2,10251,20,21
7,9,10865,65,48
65536,32768,45490,78450,129271
5,4,10380,25,31
4,2,10266,19,21
7,9,11352,35,37
65536,32768,44020,78325,128415
5,4,10425,24,30
4,2,10196,19,21
7,9,11010,35,37
65536,32768,45331,78733,134901
5,4,10094,26,30
4,2,10628,20,21
7,9,10356,37,40
65536,32768,47177,81963,130966
5,4,10997,24,30
4,2,10316,20,22
7,9,11808,34,37
65536,32768,44743,82889,128930
5,4,10896,24,30
4,2,10953,19,21
7,9,10287,35,36
65536,32768,46374,81912,131142
5,4,10733,24,31
4,2,10920,19,21
7,9,10115,60,64
65536,32768,44784,79238,130148
5,4,10544,35,29
4,2,10135,26,24
7,9,10383,35,37
65536,32768,44573,78119,130589
5,4,10871,26,30
4,2,11246,19,21
7,9,10138,39,37
65536,32768,44497,78329,130310
5,4,10330,36,44
4,2,10422,20,21
7,9,10731,35,48
65536,32768,45781,79416,132031
5,4,10886,24,29
4,2,11200,19,21
7,9,10129,34,36
65536,32768,44314,83687,133385
5,4,10837,24,29
4,2,11086,20,22
7,9,10994,51,65
65536,32768,57711,85381,133907
5,4,11089,25,30
4,2,11021,19,22
7,9,10688,40,42
65536,32768,43524,78130,130007
5,4,10157,26,31
4,2,10974,19,21
7,9,10250,55,71
65536,32768,43698,77991,126853
5,4,10723,24,30
4,2,10261,34,41
7,9,10530,36,38
65536,32768,45447,77170,129144
5,4,10290,32,42
4,2,10257,20,21
7,9,10948,36,38
65536,32768,43180,78862,129367
5,4,10985,25,29
4,2,10778,31,31
7,9,10960,35,41
65536,32768,43262,78647,127561
5,4,10109,26,30
4,2,11051,20,36
7,9,10414,55,53
65536,32768,43687,82584,136120
5,4,10873,42,34
4,2,10277,21,23
7,9,12066,55,39
65536,32768,45977,78513,135930
5,4,10347,25,30
4,2,10505,40,32
7,9,10360,62,55
65536,32768,50140,79117,130495
5,4,11037,27,54
4,2,10645,29,22
7,9,10303,36,37
65536,32768,44954,77682,128561
5,4,10726,27,31
4,2,10893,20,22
7,9,11978,36,37
65536,32768,44011,77429,129073
5,4,10246,24,29
4,2,11856,20,22
7,9,11133,48,40
65536,32768,45633,85669,133388
5,4,10432,26,32
4,2,10362,30,23
7,9,10310,35,37
65536,32768,44051,81410,129308
5,4,10921,24,29
4,2,10778,19,21
7,9,10945,34,36
65536,32768,44960,78527,133695
5,4,10581,26,30
4,2,10425,19,21
7,9,10220,55,47
65536,32768,43646,79159,127609
5,4,10727,45,44
4,2,10274,19,21
7,9,10435,35,37
65536,32768,44767,77238,126635
5,4,11069,24,29
4,2,10194,19,25
7,9,10229,35,38
65536,32768,42725,77582,126621
5,4,10968,25,30
4,2,10256,19,21
7,9,10211,35,37
65536,32768,43333,77399,128882
5,4,10186,30,32
4,2,10764,20,21
7,9,10647,35,36
65536,32768,43576,79478,127919
5,4,10972,27,31
4,2,10884,20,22
7,9,10753,44,68
65536,32768,43361,77661,127526
5,4,10087,52,52
4,2,11169,22,33
7,9,10356,35,37
65536,32768,43590,78252,131092
5,4,10760,24,30
4,2,10199,19,21
7,9,10459,35,36
65536,32768,43399,78959,127108
5,4,10547,24,29
4,2,10264,20,22
7,9,10308,34,35
65536,32768,45820,78336,127886
5,4,11054,35,41
4,2,10957,18,21
7,9,11218,35,37
65536,32768,44516,80912,129039
5,4,10669,24,29
4,2,10398,20,22
7,9,11245,74,99
65536,32768,44424,77007,131814
5,4,10942,24,29
4,2,10323,19,21
7,9,10203,34,37
65536,32768,44179,77357,127655
5,4,11017,55,40
4,2,11930,20,22
7,9,11635,58,38
65536,32768,45996,78079,132330
5,4,10155,25,29
4,2,10337,19,21
7,9,10109,49,55
65536,32768,44497,77391,131105
5,4,10747,28,32
4,2,10966,20,22
7,9,10826,34,36
65536,32768,44869,79579,133568
5,4,10794,53,67
4,2,10486,19,21
7,9,10126,35,47
65536,32768,45081,78917,129500
5,4,10173,24,30
4,2,10220,21,23
7,9,11295,49,53
65536,32768,43963,78952,129630
5,4,10854,43,38
4,2,10349,30,35
7,9,10313,34,37
65536,32768,43211,83018,141989
5,4,10225,25,29
4,2,10619,19,21
7,9,11096,35,36
65536,32768,45054,81531,136028
5,4,10734,27,32
4,2,10414,50,33
7,9,11349,34,36
65536,32768,45689,80546,127520
5,4,10098,24,29
4,2,10348,20,21
7,9,11357,40,38
65536,32768,45556,78784,129124
5,4,10096,24,29
4,2,10861,20,21
7,9,11080,35,36
65536,32768,44582,77857,129415
5,4,10563,47,56
4,2,10137,29,27
7,9,10955,34,37
65536,32768,44035,78130,128529
5,4,10321,24,29
4,2,10146,29,27
7,9,11134,35,37
65536,32768,43921,80166,127991
5,4,11003,45,58
4,2,10153,29,21
7,9,10235,36,38
65536,32768,44938,79277,127542
5,4,10452,24,29
4,2,10433,31,21
7,9,10219,35,36
65536,32768,44265,83525,130075
5,4,10731,27,58
4,2,10277,20,21
7,9,10268,47,48
65536,32768,45154,80077,130548
5,4,10451,26,32
4,2,10773,19,21
7,9,12089,35,36
65536,32768,44540,83603,127772
5,4,10842,25,30
4,2,10830,23,32
7,9,10216,35,36
65536,32768,47319,77579,129726
5,4,12011,24,30
4,2,10986,20,23
7,9,10852,34,35
65536,32768,45134,77850,137424
5,4,10568,26,29
4,2,12050,20,21
7,9,10279,35,37
65536,32768,44821,78893,127422
5,4,10093,24,30
4,2,10287,20,22
7,9,10876,44,35
65536,32768,44568,79221,126749
5,4,10944,24,29
4,2,10405,20,21
7,9,10106,59,76
65536,32768,46056,81863,127993
5,4,10738,36,72
4,2,11084,19,21
7,9,11026,34,37
65536,32768,45154,83319,132626
5,4,10722,23,29
4,2,10245,19,21
7,9,10278,37,38
65536,32768,43867,79967,130157
5,4,10661,24,29
4,2,10188,19,21
7,9,11018,35,36
65536,32768,44538,85601,130677
5,4,10664,47,79
4,2,10690,20,22
7,9,10958,50,90
65536,32768,43817,79153,133164
5,4,10156,27,55
4,2,10395,19,21
7,9,10195,35,36
65536,32768,43686,79842,136939
5,4,10723,25,30
4,2,10308,19,21
7,9,11052,36,40
65536,32768,45631,77794,135667
5,4,10576,24,30
4,2,10312,21,22
7,9,10363,34,36
65536,32768,44369,78321,129791
5,4,10148,24,29
4,2,10417,20,21
7,9,10902,38,41
65536,32768,43837,77405,130125
5,4,11019,23,52
4,2,10790,20,21
7,9,10364,34,37
65536,32768,43042,77115,135418
5,4,11003,24,29
4,2,10322,40,45
7,9,12022,51,54
65536,32768,46521,84473,125949
5,4,10772,47,37
4,2,10622,51,51
7,9,10149,47,88
65536,32768,45979,77892,129917
5,4,10359,24,30
4,2,10218,23,31
7,9,10448,44,45
65536,32768,44120,77366,127428
5,4,10612,26,56
4,2,11245,20,21
7,9,10165,43,44
65536,32768,44823,79290,126896
5,4,10424,31,32
4,2,10282,19,21
7,9,10256,35,36
65536,32768,43362,77458,127738
5,4,10921,36,60
4,2,10341,19,21
7,9,10439,36,37
65536,32768,44200,78214,127704
5,4,10588,25,30
4,2,10296,19,21
7,9,10342,35,141
65536,32768,45638,77874,126592
5,4,10088,27,31
4,2,11069,21,21
7,9,10181,35,37
65536,32768,45538,79608,130142
5,4,10961,25,30
4,2,10372,20,22
7,9,10233,36,37
65536,32768,45438,81768,130664
5,4,10952,34,38
4,2,11040,29,21
7,9,10298,34,37
65536,32768,45582,78983,128289
5,4,10400,24,30
4,2,10106,19,21
7,9,11340,50,53
65536,32768,46083,80513,128191
5,4,10579,25,33
4,2,10951,20,21
7,9,11061,36,42
65536,32768,44094,78674,129031
5,4,10394,24,29
4,2,10152,27,53
7,9,11579,37,38
65536,32768,44118,83201,137774
5,4,10683,24,29
4,2,10161,20,21
7,9,11082,35,37
65536,32768,45732,80098,129953
5,4,11888,24,30
4,2,10740,27,27
7,9,10172,34,35
65536,32768,45329,78679,131962
5,4,10355,53,48
4,2,10268,19,21
7,9,11199,38,39
65536,32768,45118,77572,130082
5,4,10766,24,29
4,2,10865,19,21
7,9,10998,77,53
65536,32768,45718,83876,128574
5,4,10618,24,29
4,2,10387,22,22
7,9,10191,53,44
65536,32768,44661,81508,136858
5,4,11020,24,31
4,2,11713,20,21
7,9,11300,75,77
65536,32768,45017,81403,127733
5,4,11263,33,29
4,2,10945,28,31
7,9,10147,35,36
65536,32768,51184,77889,127581
5,4,10536,26,29
4,2,10982,20,21
7,9,11303,37,38
65536,32768,44692,78973,127280
5,4,10520,37,44
4,2,10555,21,33
7,9,10376,34,36
65536,32768,46840,78665,128376
5,4,10355,25,30
4,2,10374,32,33
7,9,10195,35,37
65536,32768,45503,78920,129393
5,4,10965,24,29
4,2,10445,32,23
7,9,10871,54,60
65536,32768,43208,77271,134806
5,4,11087,24,29
4,2,10221,27,27
7,9,10217,35,36
65536,32768,44291,79425,127585
5,4,10405,34,38
4,2,10312,20,22
7,9,10364,40,37
65536,32768,44742,78542,127962
5,4,10390,23,30
4,2,10865,30,33
7,9,10256,35,36
65536,32768,46101,83251,129571
5,4,10187,24,30
4,2,10460,20,21
7,9,10274,37,38
65536,32768,44442,79092,132190
5,4,10201,25,31
4,2,10519,33,35
7,9,10558,39,41
65536,32768,44517,81430,130601
5,4,10146,25,29
4,2,10928,19,22
7,9,10925,53,58
65536,32768,44908,81874,133241
5,4,10541,24,30
4,2,10298,20,22
7,9,10739,35,37
65536,32768,45771,80115,128437
5,4,10463,35,34
4,2,10857,23,32
7,9,11064,35,37
65536,32768,45269,82159,137706
5,4,10168,58,51
4,2,11010,28,32
7,9,10612,34,37
65536,32768,43624,77875,128205
5,4,10415,34,50
4,2,10239,33,35
7,9,10219,36,40
65536,32768,44657,79022,136594
5,4,10460,28,33
4,2,10922,43,55
7,9,10427,67,38
65536,32768,46325,79773,129595
5,4,10332,25,29
4,2,11014,19,21
7,9,10271,35,37
65536,32768,45146,80214,135009
5,4,10099,24,30
4,2,11385,20,22
7,9,10095,35,37
65536,32768,45317,78033,128671
5,4,10363,24,29
4,2,10354,20,21
7,9,11910,34,37
65536,32768,45367,77813,126891
5,4,10375,26,29
4,2,11114,18,21
7,9,10607,36,37
65536,32768,44714,77930,129103
5,4,10431,24,30
4,2,10154,20,21
7,9,10093,34,38
65536,32768,45219,78211,128690
5,4,10292,24,29
4,2,10233,20,21
7,9,10905,52,40
65536,32768,43513,77929,127925
5,4,10511,24,29
4,2,10121,19,21
7,9,11763,35,36
65536,32768,45286,81559,137076
5,4,10222,65,77
4,2,11041,39,42
7,9,10878,36,38
65536,32768,45820,85014,129915
5,4,10601,24,30
4,2,10814,20,21
7,9,11294,35,36
65536,32768,43707,79236,126688
5,4,10641,25,31
4,2,10863,19,22
7,9,10243,36,38
65536,32768,45148,79132,142179
5,4,10941,36,43
4,2,10600,21,22
7,9,11197,36,37
65536,32768,44004,79507,134886
5,4,11013,25,29
4,2,10148,42,23
7,9,10425,35,37
65536,32768,46116,78065,127263
5,4,10095,25,32
4,2,10773,19,21
7,9,10667,50,51
65536,32768,44406,78075,128552
5,4,10630,25,30
4,2,10342,21,22
7,9,10977,44,50
65536,32768,44232,77166,127992
5,4,10105,35,30
4,2,11216,42,33
7,9,10189,35,38
65536,32768,44861,80476,131433
5,4,10523,24,39
4,2,11616,19,21
7,9,10461,35,37
65536,32768,45578,80546,136029
5,4,10433,25,30
4,2,10861,19,21
7,9,10319,35,37
65536,32768,43087,79048,135107
5,4,10253,24,29
4,2,10338,20,21
7,9,10201,34,37
65536,32768,43474,77951,128500
5,4,10757,37,62
4,2,10331,19,21
7,9,10211,39,54
65536,32768,44287,78048,133772
5,4,10706,25,29
4,2,10140,23,32
7,9,10609,66,36
65536,32768,44641,80444,133685
5,4,10396,24,28
4,2,11134,38,41
7,9,10153,35,36
65536,32768,43977,78321,129740
5,4,11310,29,41
4,2,10188,20,21
7,9,11608,43,39
65536,32768,44292,81429,134120
5,4,10977,35,38
4,2,12033,19,21
7,9,10507,36,38
65536,32768,44938,81183,134170
5,4,10421,24,30
4,2,11710,19,25
7,9,11961,35,36
65536,32768,44230,77891,129706
5,4,10931,25,29
4,2,10245,19,22
7,9,10391,57,40
65536,32768,47581,77973,130680
5,4,11441,25,29
4,2,10704,19,31
7,9,11769,35,36
65536,32768,44426,77730,127870
5,4,10944,37,49
4,2,10279,20,21
7,9,11145,82,53
65536,32768,45270,80094,129074
5,4,10339,23,29
4,2,11943,19,21
7,9,11148,59,55
65536,32768,43380,78497,130942
5,4,10485,25,29
4,2,10266,30,32
7,9,10811,34,37
65536,32768,44034,77745,128032
5,4,10452,25,40
4,2,11310,19,21
7,9,11363,36,38
65536,32768,45207,77920,128338
5,4,10401,33,29
4,2,10259,41,52
7,9,12064,34,37
65536,32768,44513,76742,132827
5,4,10565,24,29
4,2,10360,34,32
7,9,11098,36,38
65536,32768,45857,77504,126966
5,4,10171,25,30
4,2,10267,19,21
7,9,10212,51,38
65536,32768,43108,77853,131652
5,4,10474,24,29
4,2,10269,18,21
7,9,11083,35,37
65536,32768,43926,78221,129027
5,4,11213,25,30
4,2,10273,20,21
7,9,11309,40,86
65536,32768,43867,79885,127675
5,4,10882,24,28
4,2,10254,20,22
7,9,11199,49,52
65536,32768,44172,77705,130681
5,4,10513,37,46
4,2,10356,20,21
7,9,11069,34,36
65536,32768,43966,77486,128274
5,4,10513,25,31
4,2,10332,19,21
7,9,11995,35,37
65536,32768,44344,78240,127277
5,4,11355,59,42
4,2,10150,19,21
7,9,10912,61,74
65536,32768,44894,78221,135010
5,4,10850,24,29
4,2,10596,27,27
7,9,10184,35,36
65536,32768,45141,77880,130818
5,4,10570,26,35
4,2,10194,19,21
7,9,10347,35,38
65536,32768,44023,78902,132320
5,4,11873,25,30
4,2,10519,19,21
7,9,10217,35,36
65536,32768,44901,78016,127516
5,4,10453,25,29
4,2,10395,19,22
7,9,11658,34,37
65536,32768,46048,78567,127911
5,4,10106,25,30
4,2,10465,22,31
7,9,11049,50,61
65536,32768,44370,77925,129219
5,4,10661,23,29
4,2,10969,20,22
7,9,10363,35,36
65536,32768,44071,80684,138130
5,4,10986,34,41
4,2,11224,19,21
7,9,12076,35,37
65536,32768,44550,78977,127567
5,4,11062,25,32
4,2,10106,20,20
7,9,10227,45,46
65536,32768,44803,77085,128760
5,4,10529,25,29
4,2,11044,20,22
7,9,10574,34,36
65536,32768,44756,79518,128529
5,4,10939,24,30
4,2,10200,19,22
7,9,11378,35,37
65536,32768,43512,79448,127343
5,4,10332,37,41
4,2,10288,30,30
7,9,10273,35,36
65536,32768,45207,77859,131280
5,4,11005,26,35
4,2,10289,33,47
7,9,11846,35,36
65536,32768,44317,79149,127691
5,4,10566,24,30
4,2,10450,20,21
7,9,11033,35,37
65536,32768,43639,78353,128095
5,4,10961,24,29
4,2,10334,19,21
7,9,11134,35,47
65536,32768,44374,77863,129379
5,4,10688,35,43
4,2,10857,20,22
7,9,11847,35,37
65536,32768,44686,77435,127981
5,4,11261,24,49
4,2,10311,21,22
7,9,10990,47,38
65536,32768,47987,77173,128836
5,4,10566,23,30
4,2,10114,20,21
7,9,11017,35,37
65536,32768,44166,81192,128839
5,4,10601,26,31
4,2,10255,21,22
7,9,11583,36,45
65536,32768,45406,78758,128872
5,4,11012,25,30
4,2,10295,19,22
7,9,10432,35,37
65536,32768,44015,78211,128303
5,4,10131,23,29
4,2,10469,19,21
7,9,11072,36,37
65536,32768,43342,77308,133980
5,4,10886,24,29
4,2,10416,24,27
7,9,10335,72,66
65536,32768,44235,79684,131237
5,4,11042,23,29
4,2,10859,29,31
7,9,10114,38,37
65536,32768,45915,79102,129305
5,4,10383,25,30
4,2,10360,30,42
7,9,10142,35,40
65536,32768,43796,77381,132067
5,4,11200,46,41
4,2,12061,30,22
7,9,10985,34,36
65536,32768,46196,76717,128230
5,4,10892,36,42
4,2,10984,19,21
7,9,10289,35,37
65536,32768,43312,78797,133119
5,4,10403,24,29
4,2,10336,26,24
7,9,11278,37,43
65536,32768,46335,77760,127586
5,4,10746,24,29
4,2,10344,20,21
7,9,10419,35,37
65536,32768,43686,77268,128545
5,4,10413,24,29
4,2,11046,19,21
7,9,10351,35,37
65536,32768,43617,77700,128698
5,4,10126,25,30
4,2,10818,19,21
7,9,11349,35,37
65536,32768,45629,78154,131927
5,4,10921,24,30
4,2,10325,19,21
7,9,10381,36,37
65536,32768,44628,78162,128944
5,4,11674,40,45
4,2,10678,29,32
7,9,11139,37,48
65536,32768,44500,80562,128283
5,4,10921,24,30
4,2,10192,24,24
7,9,10852,35,44
65536,32768,44127,77663,128292
5,4,10344,25,32
4,2,10414,19,21
7,9,10332,57,59
65536,32768,44150,78710,127241
5,4,10424,24,32
4,2,10399,23,23
7,9,10395,45,44
65536,32768,44800,77477,129456
5,4,11697,24,30
4,2,10308,20,21
7,9,11925,34,36
65536,32768,45481,77840,127109
5,4,10263,35,36
4,2,10887,20,23
7,9,10976,35,45
65536,32768,45419,78606,130800
5,4,10537,25,29
4,2,10275,20,21
7,9,11354,34,38
65536,32768,47216,80825,135506
5,4,10534,25,29
4,2,11166,20,22
7,9,11086,38,54
65536,32768,43747,79326,133616
5,4,10461,59,41
4,2,10229,42,33
7,9,10268,82,55
65536,32768,46297,79693,130461
5,4,10711,25,31
4,2,10397,21,21
7,9,10237,36,37
65536,32768,45076,79845,128880
5,4,10683,37,45
4,2,11765,19,21
7,9,11149,33,36
65536,32768,44828,78006,129783
5,4,10908,24,40
4,2,10112,19,21
7,9,10328,37,37
65536,32768,44415,78479,127500
5,4,10538,41,54
4,2,10196,19,21
7,9,10490,35,37
65536,32768,43918,79339,128938
5,4,10835,37,40
4,2,11210,19,20
7,9,10172,35,36
65536,32768,44573,78366,127810
5,4,10614,24,30
4,2,10071,21,27
7,9,11657,34,36
65536,32768,46727,83132,137523
5,4,10641,24,30
4,2,10161,20,22
7,9,10188,49,53
65536,32768,45305,80962,130866
5,4,10739,25,30
4,2,10368,19,21
7,9,10208,48,40
65536,32768,44620,80998,128118
5,4,10210,24,30
4,2,10156,24,25
7,9,10107,36,61
65536,32768,45616,78430,128896
5,4,10805,24,30
4,2,10316,19,21
7,9,11360,34,37
65536,32768,43424,78293,128742
5,4,10977,23,29
4,2,10214,18,21
7,9,10217,37,36
65536,32768,44152,77379,128077
5,4,10382,25,30
4,2,10574,19,23
7,9,10511,35,37
65536,32768,45320,79041,132217
5,4,10487,24,29
4,2,10187,19,21
7,9,10220,35,37
65536,32768,43752,77848,187237
5,4,10981,24,29
4,2,10917,21,23
7,9,10897,34,76
65536,32768,43777,80244,127612
5,4,10315,25,30
4,2,10358,21,21
7,9,10413,37,38
65536,32768,44302,77500,135824
5,4,10202,27,32
4,2,10127,27,32
7,9,11090,35,37
65536,32768,45820,79536,131353
5,4,10855,24,29
4,2,10111,20,32
7,9,10220,36,38
65536,32768,43306,79244,131512
5,4,10350,36,52
4,2,10812,31,24
7,9,10981,54,54
65536,32768,45353,81537,129702
5,4,11019,35,43
4,2,10328,19,21
7,9,11272,35,37
65536,32768,43313,79658,132784
5,4,10703,39,51
4,2,10953,20,21
7,9,10979,35,37
65536,32768,43869,79735,134067
5,4,10092,46,45
4,2,10085,30,29
7,9,10914,39,38
65536,32768,43217,78291,128646
5,4,10689,39,52
4,2,11697,30,22
7,9,10462,35,36
65536,32768,44650,83490,131672
5,4,10124,45,57
4,2,11471,20,21
7,9,10760,34,37
65536,32768,44995,77576,130159
5,4,10263,35,31
4,2,11931,19,21
7,9,10250,36,37
65536,32768,44024,77710,129218
5,4,10626,56,64
4,2,11256,29,22
7,9,10158,35,38
65536,32768,43987,78350,128673
5,4,11044,25,30
4,2,10232,29,31
7,9,10886,44,46
65536,32768,46961,81827,135110
5,4,10678,25,30
4,2,10213,19,21
7,9,10701,66,72
65536,32768,45386,93608,130759
5,4,10919,24,29
4,2,11420,20,21
7,9,11297,34,36
65536,32768,46855,79766,127119
5,4,10944,34,65
4,2,11884,32,33
7,9,10732,34,35
65536,32768,43632,78689,127717
5,4,11010,24,29
4,2,12008,20,21
7,9,10300,44,39
65536,32768,45749,77953,132019
5,4,10372,25,31
4,2,10122,20,21
7,9,10494,35,37
65536,32768,43914,81415,136681
5,4,10843,39,41
4,2,10688,21,22
7,9,10962,34,36
65536,32768,45544,78992,133077
5,4,10220,25,30
4,2,10324,20,21
7,9,10329,34,36
65536,32768,43573,77462,134524
5,4,10851,24,29
4,2,10229,21,22
7,9,10701,34,36
65536,32768,44033,77421,131519
5,4,10297,25,31
4,2,10394,19,21
7,9,12157,38,40
65536,32768,46759,81732,135175
5,4,10653,23,29
4,2,10417,22,22
7,9,11287,69,86
65536,32768,44625,82039,130095
5,4,10293,34,58
4,2,10275,45,35
7,9,11078,35,37
65536,32768,45597,81846,132834
5,4,10900,25,30
4,2,10219,21,22
7,9,10304,55,47
65536,32768,44410,79081,128669
5,4,10458,25,30
4,2,10250,20,22
7,9,10269,35,36
65536,32768,45453,79933,132412
5,4,10436,29,34
4,2,11079,19,22
7,9,10245,37,39
65536,32768,44605,79893,129260
5,4,10943,24,29
4,2,10124,20,30
7,9,11246,42,41
65536,32768,44298,78270,128869
5,4,10811,24,29
4,2,10926,19,21
7,9,11065,34,37
65536,32768,44337,78576,135593
5,4,10353,25,29
4,2,11089,18,21
7,9,11963,35,36
65536,32768,47375,82623,136583
5,4,10457,24,29
4,2,10790,20,22
7,9,10326,64,50
65536,32768,44533,78572,131042
5,4,10447,26,31
4,2,10111,38,46
7,9,10647,35,37
65536,32768,44224,79120,129561
5,4,10924,40,39
4,2,10854,20,21
7,9,10177,34,37
65536,32768,45666,79976,131018
5,4,10188,25,30
4,2,10927,24,24
7,9,10941,39,39
65536,32768,43584,79131,135114
5,4,10727,25,29
4,2,10910,19,22
7,9,10256,35,36
65536,32768,44681,78035,127521
5,4,11079,24,30
4,2,10255,21,23
7,9,11208,35,35
65536,32768,46423,81018,129313
5,4,10773,23,29
4,2,10863,19,21
7,9,11042,35,38
65536,32768,44991,79262,129824
5,4,10316,26,31
4,2,10204,27,27
7,9,11504,36,38
65536,32768,46148,83469,129629
5,4,10673,39,54
4,2,10916,20,22
7,9,10772,34,44
65536,32768,43796,78514,130289
5,4,10830,25,29
4,2,10119,23,22
7,9,10284,35,38
65536,32768,46255,83073,133099
5,4,11025,38,60
4,2,10132,20,22
7,9,11047,35,37
65536,32768,45221,80417,130149
5,4,10461,25,30
4,2,11058,20,24
7,9,10202,34,36
65536,32768,44131,77482,127831
5,4,10656,27,34
4,2,10132,20,31
7,9,10957,69,53
65536,32768,46289,83122,136649
5,4,10298,25,39
4,2,10250,27,31
7,9,10827,35,37
65536,32768,44623,78288,130606
5,4,10607,25,41
4,2,10416,20,21
7,9,10999,45,41
65536,32768,44215,78650,128801
5,4,10567,23,29
4,2,10152,20,22
7,9,10121,37,49
65536,32768,45128,84038,134565
5,4,10173,25,71
4,2,10282,19,21
7,9,11095,34,36
65536,32768,45905,83094,128595
5,4,10402,26,39
4,2,10893,22,24
7,9,10903,37,38
65536,32768,43517,78137,129236
5,4,10488,25,30
4,2,10327,19,21
7,9,10283,35,37
65536,32768,43646,78817,138306
5,4,10400,25,30
4,2,10082,20,21
7,9,11947,36,39
65536,32768,44036,77444,127724
5,4,10297,28,31
4,2,10260,20,22
7,9,10249,39,38
65536,32768,46117,79354,129680
5,4,10446,44,65
4,2,10939,21,21
7,9,10609,35,37
65536,32768,44709,77907,128278
5,4,10363,26,30
4,2,10976,53,35
7,9,10716,37,39
65536,32768,44936,83706,137790
5,4,10598,28,32
4,2,10966,20,22
7,9,10315,38,38
65536,32768,44203,82374,128993
5,4,10135,28,32
4,2,10976,22,22
7,9,10667,35,37
65536,32768,44468,80283,132080
5,4,10939,24,30
4,2,10297,20,22
7,9,10227,35,37
65536,32768,45238,77499,127856
5,4,10789,43,62
4,2,10080,20,22
7,9,10387,35,36
65536,32768,44508,79763,130125
5,4,10999,25,29
4,2,10116,31,48
7,9,10884,49,59
65536,32768,46238,77954,132863
5,4,10129,28,34
4,2,10136,19,21
7,9,10164,36,36
65536,32768,44165,77235,135297
5,4,10293,24,29
4,2,10888,20,22
7,9,10391,35,40
65536,32768,43572,77864,126637
5,4,10544,24,29
4,2,11210,19,21
7,9,12074,34,37
65536,32768,43620,77699,128028
5,4,11507,24,30
4,2,11729,44,38
7,9,10139,36,46
65536,32768,44138,77285,126159
5,4,10456,25,30
4,2,10761,19,31
7,9,10995,35,37
65536,32768,44250,78432,128832
5,4,10625,26,38
4,2,10182,20,22
7,9,11462,77,78
65536,32768,46615,83890,137571
5,4,10596,25,30
4,2,11970,20,31
7,9,10189,35,36
65536,32768,44207,77410,131774
5,4,11433,37,49
4,2,10820,19,31
7,9,10288,34,36
65536,32768,44859,77837,127589
5,4,10676,24,29
4,2,11137,21,23
7,9,10961,47,45
65536,32768,44276,81466,128765
5,4,10164,24,30
4,2,10317,20,22
7,9,10112,34,36
65536,32768,44035,78835,128016
5,4,10780,34,71
4,2,10213,21,22
7,9,10198,36,37
65536,32768,44227,78577,127424
5,4,10978,27,31
4,2,11848,23,23
7,9,11688,63,68
65536,32768,43897,78505,136467
5,4,10269,25,33
4,2,11634,19,21
7,9,10229,35,37
65536,32768,44744,81303,127914
5,4,10288,25,35
4,2,10362,22,27
7,9,10208,72,55
65536,32768,45579,81735,132579
5,4,10169,25,29
4,2,10835,41,63
7,9,11906,34,36
65536,32768,44089,80200,135063
5,4,11062,25,30
4,2,10494,18,20
7,9,11122,34,36
65536,32768,44439,77015,126536
5,4,10279,24,30
4,2,10528,26,25
7,9,10831,34,37
65536,32768,43955,77667,126831
5,4,10149,25,29
4,2,10105,19,21
7,9,10207,34,36
65536,32768,44699,79982,126402
5,4,10389,24,30
4,2,10218,39,43
7,9,10119,94,42
65536,32768,45050,79375,126960
5,4,10433,24,29
4,2,10156,19,22
7,9,12002,35,36
65536,32768,44212,77638,127481
5,4,10347,24,29
4,2,10176,40,22
7,9,10123,34,36
65536,32768,43266,77409,128039
5,4,10296,24,29
4,2,10130,21,32
7,9,10146,36,37
65536,32768,43378,77908,135299
5,4,11049,24,29
4,2,12011,20,20
7,9,11317,38,39
65536,32768,43490,77943,127513
5,4,10289,25,29
4,2,10244,19,21
7,9,10357,35,37
65536,32768,46427,78398,127260
5,4,10311,24,29
4,2,11782,41,44
7,9,10175,35,36
65536,32768,43244,77398,128520
5,4,10200,35,30
4,2,10756,19,21
7,9,10134,36,37
65536,32768,43970,81665,130301
5,4,10210,24,29
4,2,10116,22,23
7,9,10257,35,36
65536,32768,44810,77869,128940
5,4,11039,32,32
4,2,10480,19,21
7,9,10477,35,37
65536,32768,44913,83524,129582
5,4,10100,33,28
4,2,10325,31,35
7,9,10948,36,38
65536,32768,45070,80001,128147
5,4,10671,38,31
4,2,10365,19,21
7,9,10235,33,36
65536,32768,43650,77506,126624
5,4,10595,24,29
4,2,10323,20,25
7,9,10234,35,37
65536,32768,42976,77741,126761
5,4,10260,24,29
4,2,10117,20,21
7,9,10177,38,38
65536,32768,43707,78987,132496
5,4,10080,24,30
4,2,10230,20,21
7,9,10164,35,37
65536,32768,43713,77409,126701
5,4,10663,25,30
4,2,10691,18,21
7,9,10277,35,45
65536,32768,43626,79498,126927
5,4,10404,25,30
4,2,11430,19,21
7,9,10967,36,38
65536,32768,45347,79790,127401
5,4,10948,24,29
4,2,10332,19,21
7,9,10341,35,37
65536,32768,46372,80015,131154
5,4,10646,34,38
4,2,10885,26,26
7,9,10991,34,36
65536,32768,45608,78591,127656
5,4,10186,24,29
4,2,10198,19,21
7,9,11064,51,53
65536,32768,44730,77722,127810
5,4,10390,34,35
4,2,10982,20,21
7,9,10175,37,38
65536,32768,47637,81443,136702
5,4,10856,24,29
4,2,10184,18,22
7,9,11090,41,50
65536,32768,45696,77350,127977
5,4,10699,24,30
4,2,10872,24,22
7,9,12061,35,37
65536,32768,45611,79527,127364
5,4,10356,24,30
4,2,10385,38,23
7,9,10965,38,38
65536,32768,43995,78721,131171
5,4,10870,24,29
4,2,10356,19,21
7,9,11108,35,40
65536,32768,44231,78016,128033
5,4,10895,24,29
4,2,10543,30,36
7,9,10958,35,37
65536,32768,45297,77768,131746
5,4,10141,25,30
4,2,10161,20,21
7,9,11100,35,37
65536,32768,44582,82042,131327
5,4,10846,24,29
4,2,10994,34,23
7,9,10476,35,36
65536,32768,44991,78263,129786
5,4,11098,24,30
4,2,10251,24,23
7,9,12021,35,37
65536,32768,44823,78023,132895
5,4,10601,24,29
4,2,11224,28,31
7,9,10779,51,57
65536,32768,44395,79540,132004
5,4,10213,24,29
4,2,11065,19,21
7,9,12001,35,36
65536,32768,45065,78209,136851
5,4,10602,49,99
4,2,10995,19,21
7,9,10171,34,36
65536,32768,44128,77790,127457
5,4,10255,46,41
4,2,10367,28,31
7,9,10790,55,54
65536,32768,44593,78927,131325
5,4,10276,25,30
4,2,10165,20,21
7,9,12057,62,58
65536,32768,45990,81281,135954
5,4,10617,24,30
4,2,11161,18,21
7,9,10982,75,49
65536,32768,45450,78074,125802
5,4,10741,24,29
4,2,10906,19,21
7,9,11176,35,37
65536,32768,45146,81409,131281
5,4,10118,25,29
4,2,10354,43,56
7,9,11863,35,37
65536,32768,48970,88151,131070
5,4,10104,24,29
4,2,10108,19,21
7,9,10376,35,37
65536,32768,42969,78276,133981
5,4,10196,27,30
4,2,10333,19,21
7,9,10163,50,50
65536,32768,43293,77250,135943
5,4,10403,25,29
4,2,10149,19,21
7,9,10096,35,38
65536,32768,43836,84691,131474
5,4,10451,34,36
4,2,10177,37,36
7,9,10540,34,35
65536,32768,44126,79958,132849
5,4,10695,24,28
4,2,11835,23,22
7,9,11354,34,36
65536,32768,43965,77314,127530
5,4,10789,29,32
4,2,10931,19,31
7,9,10945,64,37
65536,32768,44401,78575,129997
5,4,10144,28,32
4,2,11284,20,25
7,9,10563,37,38
65536,32768,43737,79228,127354
5,4,10449,25,29
4,2,10183,19,21
7,9,11335,35,36
65536,32768,44553,77783,127679
5,4,10869,25,29
4,2,10821,18,21
7,9,10199,37,38
65536,32768,43289,77099,129075
5,4,10128,26,33
4,2,10974,21,21
7,9,10169,34,36
65536,32768,43710,76877,130734
5,4,10359,24,30
4,2,10375,21,21
7,9,10871,45,37
65536,32768,44934,77453,126533
5,4,10677,24,29
4,2,11077,19,21
7,9,10108,35,37
65536,32768,44315,78971,130194
5,4,10967,25,29
4,2,11288,37,33
7,9,11574,34,37
65536,32768,46456,83538,127741
5,4,10115,24,28
4,2,10262,22,22
7,9,10225,35,36
65536,32768,43692,77573,127506
5,4,10148,24,29
4,2,10120,20,22
7,9,10377,36,37
65536,32768,46889,84203,138248
5,4,10565,36,43
4,2,11089,19,21
7,9,10218,38,40
65536,32768,45308,77952,127022
5,4,10971,38,40
4,2,10233,29,45
7,9,10337,36,37
65536,32768,44004,77758,126631
5,4,10395,28,36
4,2,10171,20,23
7,9,10188,52,59
65536,32768,43429,77584,130242
5,4,10883,24,30
4,2,10893,24,24
7,9,11250,58,37
65536,32768,44426,78745,127408
5,4,11059,25,29
4,2,10978,19,21
7,9,10214,35,37
65536,32768,43854,77847,127676
5,4,10588,24,29
4,2,11405,41,40
7,9,10323,47,66
65536,32768,44512,77932,128296
5,4,10717,50,62
4,2,10870,19,20
7,9,10819,36,42
65536,32768,44072,77716,133299
5,4,10959,25,30
4,2,11051,25,26
7,9,11229,38,37
65536,32768,45128,80631,128818
5,4,10096,24,30
4,2,11219,30,33
7,9,10978,34,36
65536,32768,44256,80105,130809
5,4,10640,25,30
4,2,10672,19,21
7,9,10507,36,37
65536,32768,45808,84048,134870
5,4,11548,26,43
4,2,11470,50,22
7,9,11155,35,37
65536,32768,44187,79918,129790
5,4,10428,25,30
4,2,11072,44,50
7,9,10168,35,37
65536,32768,44470,77673,127442
5,4,10737,24,29
4,2,10231,20,21
7,9,10354,36,38
65536,32768,43592,77815,130063
5,4,10098,24,29
4,2,10366,26,22
7,9,10168,49,40
65536,32768,44780,77948,128491
5,4,10405,24,28
4,2,10885,22,21
7,9,10387,34,40
65536,32768,47451,78700,127364
5,4,10141,27,33
4,2,10294,56,52
7,9,10329,59,67
65536,32768,43774,78198,128875
5,4,10530,25,30
4,2,10319,19,21
7,9,11055,35,50
65536,32768,45174,79089,128589
5,4,10791,43,30
4,2,10882,20,22
7,9,10916,34,36
65536,32768,44497,77826,129641
5,4,11557,26,30
4,2,11154,20,22
7,9,10115,36,38
65536,32768,43891,78691,128710
5,4,10832,25,30
4,2,10297,43,54
7,9,11129,35,37
65536,32768,47823,79343,129447
5,4,10461,25,30
4,2,10363,34,38
7,9,10948,35,36
65536,32768,44520,76727,127584
5,4,10352,25,30
4,2,10298,24,34
7,9,10795,37,43
65536,32768,44205,78303,129550
5,4,10883,26,30
4,2,10214,19,21
7,9,11348,56,58
65536,32768,45111,77833,129193
5,4,11069,25,31
4,2,10608,19,21
7,9,10893,35,37
65536,32768,45315,79455,128373
5,4,10517,24,29
4,2,10199,41,23
7,9,10350,36,36
65536,32768,43275,77704,127684
5,4,10845,24,29
4,2,10340,24,23
7,9,11081,34,36
65536,32768,45050,79232,131599
5,4,10526,39,57
4,2,10194,20,21
7,9,11058,36,36
65536,32768,44330,82102,136566
5,4,10438,24,30
4,2,10793,20,21
7,9,11046,35,38
65536,32768,44660,77686,132285
5,4,10434,24,35
4,2,10959,19,21
7,9,10317,35,47
65536,32768,43789,81257,135245
5,4,10501,34,29
4,2,11586,20,22
7,9,10207,34,37
65536,32768,43936,77675,127301
5,4,10990,24,29
4,2,11164,20,22
7,9,11006,41,44
65536,32768,45565,76191,132110
5,4,10309,25,30
4,2,10157,19,21
7,9,10430,35,37
65536,32768,45787,81165,134589
5,4,10289,25,30
4,2,10188,28,21
7,9,10830,33,36
65536,32768,47795,81165,137346
5,4,11668,36,44
4,2,10334,20,21
7,9,11061,34,37
65536,32768,45168,79311,127733
5,4,10919,24,29
4,2,10238,20,21
7,9,10260,37,37
65536,32768,45116,78222,128469
5,4,10184,25,29
4,2,10446,18,21
7,9,10120,45,59
65536,32768,43505,77624,127538
5,4,10640,24,30
4,2,10154,19,21
7,9,11063,52,54
65536,32768,47239,78003,142001
5,4,11008,24,29
4,2,10355,20,21
7,9,11219,34,37
65536,32768,45393,78555,129722
5,4,11473,24,30
4,2,11301,25,26
7,9,10988,35,36
65536,32768,46484,78669,131750
5,4,10983,29,31
4,2,10837,18,20
7,9,10257,48,38
65536,32768,44444,81797,132368
5,4,11061,25,30
4,2,11230,19,21
7,9,10996,34,37
65536,32768,46322,80406,128654
5,4,10537,24,29
4,2,11120,20,22
7,9,10254,35,38
65536,32768,43519,79809,128252
5,4,10968,24,30
4,2,10370,26,42
7,9,10257,57,47
65536,32768,45812,78462,128341
5,4,10664,55,43
4,2,10984,20,21
7,9,10354,34,36
65536,32768,43634,78252,127973
5,4,10163,24,30
4,2,10645,19,21
7,9,10909,34,35
65536,32768,43863,76953,129017
5,4,10854,24,30
4,2,10365,22,22
7,9,10955,34,36
65536,32768,45380,78959,130677
5,4,10110,24,29
4,2,10161,19,21
7,9,10371,53,75
65536,32768,46258,78373,129617
5,4,10712,31,39
4,2,11051,18,20
7,9,10337,36,38
65536,32768,43516,81349,137240
5,4,10611,36,42
4,2,10557,19,21
7,9,10377,53,70
65536,32768,44553,80048,128798
5,4,11711,24,29
4,2,11302,20,21
7,9,10190,35,37
65536,32768,45493,77983,130935
5,4,11035,26,31
4,2,11907,19,21
7,9,11983,35,36
65536,32768,43459,79259,127321
5,4,10581,25,31
4,2,10322,28,31
7,9,10404,62,40
65536,32768,45456,80721,129816
5,4,10827,24,30
4,2,10229,19,21
7,9,10354,34,37
65536,32768,44635,84440,130404
5,4,10196,24,30
4,2,11294,19,21
7,9,10358,44,42
65536,32768,44806,78471,130128
5,4,11014,30,32
4,2,11226,20,21
7,9,10964,35,36
65536,32768,45504,78709,127767
5,4,10985,25,29
4,2,10106,20,44
7,9,10938,36,36
65536,32768,46850,78290,136770
5,4,10395,25,29
4,2,10353,26,25
7,9,10555,56,55
65536,32768,44151,77808,127059
5,4,10833,24,30
4,2,11159,19,22
7,9,11291,52,93
65536,32768,45025,78632,129001
5,4,10213,24,28
4,2,10106,19,21
7,9,10290,35,36
65536,32768,45043,81536,133866
5,4,10741,25,30
4,2,10512,19,21
7,9,11058,36,39
65536,32768,44154,79296,131734
5,4,10779,36,40
4,2,10876,47,31
7,9,11064,34,36
65536,32768,46546,79491,129780
5,4,10354,24,30
4,2,10174,20,21
7,9,10910,36,38
65536,32768,45351,90576,132112
5,4,10374,43,39
4,2,10917,20,21
7,9,11772,34,36
65536,32768,45301,80491,128563
5,4,11001,25,30
4,2,10260,28,40
7,9,10958,44,51
65536,32768,43715,77854,127544
5,4,10961,25,29
4,2,10264,19,20
7,9,11017,34,41
65536,32768,45339,77575,128396
5,4,10484,24,29
4,2,10631,20,21
7,9,11154,34,36
65536,32768,44300,77018,126913
5,4,11007,37,39
4,2,10767,27,28
7,9,10731,36,36
65536,32768,45631,78290,128502
5,4,11562,25,29
4,2,10253,20,22
7,9,11012,35,37
65536,32768,43825,80911,129599
5,4,10532,25,29
4,2,10534,19,32
7,9,11055,35,36
65536,32768,46026,80849,127949
5,4,11885,25,30
4,2,10712,20,22
7,9,10137,36,37
65536,32768,45429,78284,128998
5,4,11998,37,44
4,2,10621,20,22
7,9,10423,36,37
65536,32768,43858,78239,130485
5,4,10241,40,40
4,2,10091,44,64
7,9,10967,36,37
65536,32768,44024,79236,133073
5,4,11612,35,43
4,2,11005,21,23
7,9,10811,36,38
65536,32768,46019,78262,131194
5,4,11229,25,29
4,2,11324,19,21
7,9,10241,35,37
65536,32768,43143,78021,127484
5,4,10548,24,29
4,2,11299,20,22
7,9,10885,44,36
65536,32768,44822,79801,131867
5,4,10346,45,30
4,2,10280,28,29
7,9,10322,56,57
65536,32768,44733,77460,127149
5,4,10511,24,30
4,2,10374,32,48
7,9,10308,35,46
65536,32768,44975,77788,130626
5,4,10436,25,30
4,2,10977,19,20
7,9,10609,35,37
65536,32768,43277,77789,126939
5,4,10833,51,36
4,2,10873,18,21
7,9,11467,37,38
65536,32768,44017,78871,127552
5,4,10844,24,29
4,2,10418,19,21
7,9,10096,50,73
65536,32768,44922,81486,130277
5,4,10307,36,49
4,2,11439,30,31
7,9,11869,34,36
65536,32768,46694,85744,174873
5,4,10688,25,29
4,2,10103,21,21
7,9,10671,35,37
65536,32768,44632,80630,132204
5,4,10113,26,30
4,2,10654,19,21
7,9,10363,36,63
65536,32768,44490,80069,134470
5,4,10681,24,30
4,2,10328,22,25
7,9,10214,35,47
65536,32768,43971,79419,128267
5,4,10803,25,34
4,2,11388,21,22
7,9,10290,39,40
65536,32768,44646,77485,129072
5,4,10717,23,29
4,2,11156,19,21
7,9,10318,34,37
65536,32768,44215,77130,134294
5,4,10963,25,30
4,2,10270,35,38
7,9,10590,55,57
65536,32768,44641,80729,130851
5,4,10769,25,31
4,2,10808,29,31
7,9,11234,35,38
65536,32768,45126,81130,131887
5,4,10214,24,30
4,2,10173,20,21
7,9,11966,35,37
65536,32768,44898,83138,127615
5,4,10731,25,31
4,2,11063,26,30
7,9,11153,35,37
65536,32768,44893,78621,127874
5,4,10676,24,34
4,2,10187,20,21
7,9,10202,35,37
65536,32768,43059,81704,139274
5,4,11067,37,43
4,2,11602,28,32
7,9,10119,35,37
65536,32768,43875,78222,128828
5,4,10506,24,28
4,2,11879,28,32
7,9,11877,35,37
65536,32768,43617,78368,128021
5,4,10269,24,30
4,2,10105,41,41
7,9,10924,42,37
65536,32768,44592,78832,129723
5,4,10904,27,29
4,2,10166,20,21
7,9,10210,40,41
65536,32768,47256,78351,131940
5,4,10779,25,29
4,2,10246,39,52
7,9,11015,34,35
65536,32768,44730,78538,128373
5,4,10253,25,30
4,2,10268,31,32
7,9,11434,36,37
65536,32768,43888,77823,127347
5,4,11582,24,29
4,2,10435,19,29
7,9,11149,35,36
65536,32768,45918,78976,131138
5,4,10530,38,52
4,2,11671,19,21
7,9,10621,35,36
65536,32768,43615,77900,127656
5,4,10241,29,30
4,2,10267,44,33
7,9,10100,59,66
65536,32768,45910,83071,133033
5,4,10952,50,51
4,2,10231,20,21
7,9,10849,34,44
65536,32768,44089,78135,135049
5,4,10252,24,29
4,2,10377,20,21
7,9,10206,35,37
65536,32768,43990,77129,127188
5,4,10215,23,28
4,2,10226,19,22
7,9,10141,47,47
65536,32768,43277,77402,132179
5,4,10369,37,54
4,2,10992,29,31
7,9,11055,34,36
65536,32768,43226,84508,132301
5,4,10843,26,32
4,2,10195,19,20
7,9,10099,34,36
65536,32768,47064,81989,132420
5,4,10348,24,30
4,2,10093,19,21
7,9,10384,35,36
65536,32768,43298,77617,128520
5,4,10562,25,29
4,2,10844,19,21
7,9,11181,35,37
65536,32768,44125,77182,126570
5,4,10898,33,38
4,2,10193,19,21
7,9,10381,35,37
65536,32768,46271,81766,135739
5,4,10756,25,31
4,2,11013,19,21
7,9,10902,35,36
65536,32768,45949,82777,130510
5,4,11565,55,42
4,2,11670,28,32
7,9,10327,35,36
65536,32768,43403,78429,130679
5,4,11213,24,30
4,2,10394,22,33
7,9,11562,35,37
65536,32768,45211,79065,130166
5,4,10435,34,40
4,2,10996,19,21
7,9,10995,35,37
65536,32768,45197,81135,127831
5,4,10229,25,29
4,2,10937,21,22
7,9,10895,39,48
65536,32768,44565,78108,131389
5,4,10677,25,49
4,2,11247,20,22
7,9,11256,36,37
65536,32768,43453,79912,130128
5,4,11662,24,29
4,2,10241,19,21
7,9,10299,34,36
65536,32768,45163,79466,131683
5,4,10709,24,29
4,2,10448,21,23
7,9,11328,35,36
65536,32768,43272,78875,129816
5,4,10090,29,34
4,2,10153,19,21
7,9,10990,36,37
65536,32768,46980,78859,129408
5,4,10245,23,30
4,2,10340,19,21
7,9,12034,34,36
65536,32768,44242,79255,130490
5,4,11952,24,29
4,2,11005,20,21
7,9,10940,78,93
65536,32768,44760,78068,129488
5,4,10506,23,29
4,2,11037,29,32
7,9,10539,44,35
65536,32768,44639,78631,129621
5,4,10431,31,30
4,2,10359,19,21
7,9,10191,35,37
65536,32768,51207,82951,133468
5,4,10855,56,48
4,2,11000,20,23
7,9,11283,35,35
65536,32768,45942,81637,133383
5,4,11703,27,31
4,2,10242,20,22
7,9,11056,36,37
65536,32768,44678,79641,127927
5,4,10858,26,30
4,2,10892,19,21
7,9,11093,35,36
65536,32768,46117,81107,133642
5,4,10189,37,44
4,2,10370,20,21
7,9,10172,54,66
65536,32768,43628,77250,126873
5,4,10732,24,29
4,2,10522,49,33
7,9,11035,37,38
65536,32768,45544,77515,133638
5,4,10790,28,33
4,2,10973,42,32
7,9,10181,34,36
65536,32768,46263,84557,131577
5,4,10922,27,32
4,2,10296,28,31
7,9,10923,37,37
65536,32768,44834,77230,129070
5,4,12072,25,31
4,2,11071,19,20
7,9,11026,45,37
65536,32768,44527,77835,128069
5,4,10555,25,30
4,2,10301,20,22
7,9,10301,75,73
65536,32768,44325,79118,130137
5,4,10150,27,30
4,2,10726,19,21
7,9,12095,35,37
65536,32768,44920,85428,128991
5,4,10214,24,30
4,2,10762,20,22
7,9,10223,34,36
65536,32768,45826,83313,129795
5,4,10187,25,30
4,2,10309,19,21
7,9,10281,35,37
65536,32768,43850,78175,131831
5,4,11085,49,43
4,2,10543,24,54
7,9,10347,38,38
65536,32768,43724,78517,128701
5,4,10809,24,30
4,2,11016,37,35
7,9,10624,36,37
65536,32768,48591,78194,131771
5,4,10438,37,41
4,2,10916,23,31
7,9,10691,34,36
65536,32768,44742,77789,127126
5,4,11372,25,29
4,2,10275,19,21
7,9,11933,35,36
65536,32768,44283,79279,131642
5,4,10608,24,30
4,2,11048,33,22
7,9,10460,34,35
65536,32768,44132,79418,128056
5,4,10323,35,31
4,2,12066,19,21
7,9,10328,69,71
65536,32768,44292,77819,128503
5,4,10799,31,34
4,2,11185,19,24
7,9,10117,35,37
65536,32768,44955,79579,127985
5,4,10681,25,29
4,2,10485,18,21
7,9,10368,36,37
65536,32768,43777,81705,129972
5,4,11052,24,29
4,2,10199,40,55
7,9,10338,52,54
65536,32768,44152,78338,127663
5,4,10441,25,29
4,2,10214,19,20
7,9,11312,60,38
65536,32768,44054,77911,127221
5,4,10797,33,36
4,2,10600,29,31
7,9,10378,35,38
65536,32768,45006,79627,131339
5,4,10789,24,30
4,2,10331,40,21
7,9,11138,39,44
65536,32768,43300,80083,131473
5,4,10574,23,29
4,2,10817,19,21
7,9,10787,34,37
65536,32768,43111,78788,127146
5,4,10445,28,33
4,2,10757,23,32
7,9,10423,34,40
65536,32768,44665,77818,127765
5,4,10212,26,30
4,2,11047,19,21
7,9,10214,35,47
65536,32768,45273,77882,128776
5,4,10323,24,30
4,2,10414,20,21
7,9,11070,36,38
65536,32768,46135,78075,132445
5,4,10636,25,29
4,2,10403,32,31
7,9,11564,35,37
65536,32768,44595,79824,135950
5,4,10464,32,49
4,2,10930,22,33
7,9,10589,82,84
65536,32768,44774,77944,126443
5,4,10596,24,31
4,2,11200,20,21
7,9,10283,52,70
65536,32768,44325,77847,131444
5,4,10541,36,51
4,2,10165,29,32
7,9,10219,34,37
65536,32768,43913,77782,129563
5,4,10185,24,40
4,2,11195,21,23
7,9,10685,53,70
65536,32768,45332,82175,128230
5,4,10136,25,29
4,2,10873,23,22
7,9,11950,34,36
65536,32768,44318,79250,135058
5,4,10343,28,32
4,2,10307,20,21
7,9,10341,41,41
65536,32768,45441,89143,127964
5,4,10916,24,30
4,2,10277,23,25
7,9,10690,35,37
65536,32768,43900,78507,129228
5,4,11054,24,29
4,2,10106,18,20
7,9,10362,37,37
65536,32768,45828,82253,137934
5,4,10442,25,30
4,2,10323,20,22
7,9,10133,36,37
65536,32768,47477,80886,126125
5,4,10190,41,47
4,2,10800,27,31
7,9,10869,35,36
65536,32768,44659,78659,131732
5,4,11773,24,32
4,2,11165,26,42
7,9,10294,34,36
65536,32768,44182,79441,131588
5,4,11284,25,31
4,2,11287,20,22
7,9,11559,51,53
65536,32768,43451,77334,132886
5,4,10622,25,30
4,2,11703,35,53
7,9,10288,45,59
65536,32768,45531,81709,131824
5,4,10251,24,30
4,2,10163,20,22
7,9,10282,57,50
65536,32768,46274,83466,135086
5,4,10256,25,28
4,2,12007,19,21
7,9,11241,34,36
65536,32768,44932,78641,130904
5,4,10232,25,30
4,2,10328,20,21
7,9,10516,35,37
65536,32768,44449,77904,131428
5,4,10658,24,30
4,2,10237,19,21
7,9,10214,56,47
65536,32768,43920,82624,134297
5,4,10709,24,29
4,2,10104,20,27
7,9,10551,49,52
65536,32768,46838,80929,135698
5,4,10294,24,30
4,2,11347,26,25
7,9,11001,36,37
65536,32768,45457,81408,131874
5,4,10414,33,37
4,2,10272,21,22
7,9,10797,35,36
65536,32768,43994,79412,167346
5,4,10291,30,35
4,2,10556,32,41
7,9,10838,34,37
65536,32768,43560,78107,130594
5,4,10447,24,29
4,2,10350,21,22
7,9,10854,36,37
65536,32768,44243,77114,127551
5,4,10590,32,32
4,2,10518,30,33
7,9,10717,35,37
65536,32768,45137,79191,131640
5,4,10465,24,30
4,2,10333,20,22
7,9,10673,34,36
65536,32768,44399,77198,129672
5,4,10084,36,45
4,2,10602,20,22
7,9,10637,36,37
65536,32768,45128,81739,135320
5,4,10980,44,59
4,2,10929,20,21
7,9,10413,34,37
65536,32768,43758,77752,127022
5,4,10428,26,31
4,2,10355,19,30
7,9,10452,35,42
65536,32768,45720,84275,138944
5,4,10384,25,30
4,2,10310,19,22
7,9,11197,36,38
65536,32768,46837,81203,136556
5,4,10251,37,31
4,2,11097,19,21
7,9,10213,49,47
65536,32768,43625,78508,130881
5,4,11881,27,31
4,2,11312,31,33
7,9,11804,54,80
65536,32768,43906,78678,132143
5,4,11304,25,30
4,2,10993,20,21
7,9,10242,35,37
65536,32768,43745,85104,134357
5,4,10380,50,41
4,2,10901,21,22
7,9,11032,35,37
65536,32768,46026,82419,138789
5,4,10057,24,29
4,2,10781,19,21
7,9,10277,44,37
65536,32768,44368,80016,129195
5,4,10666,24,30
4,2,10989,25,24
7,9,10123,64,37
65536,32768,43755,77382,127248
5,4,11064,25,29
4,2,10114,19,21
7,9,11083,37,40
65536,32768,45475,80705,143387
5,4,10659,26,31
4,2,10964,66,55
7,9,10951,35,37
65536,32768,43597,77794,132480
5,4,10516,27,32
4,2,10894,20,21
7,9,11069,36,37
65536,32768,44769,80902,129276
5,4,10423,56,66
4,2,10771,32,35
7,9,10525,71,56
65536,32768,45583,77985,127080
5,4,10928,27,43
4,2,10346,19,21
7,9,10132,37,71
65536,32768,46577,79618,130918
5,4,11338,24,30
4,2,11690,19,22
7,9,10828,37,47
65536,32768,46017,79860,129201
5,4,10471,25,29
4,2,10146,19,21
7,9,10178,58,48
65536,32768,44880,77621,128138
5,4,10457,24,30
4,2,10139,20,21
7,9,10786,35,44
65536,32768,44035,77677,129072
5,4,10686,25,30
4,2,10124,19,32
7,9,10331,36,37
65536,32768,45171,77651,130009
5,4,10166,32,32
4,2,10711,20,21
7,9,10316,36,37
65536,32768,45469,78173,130786
5,4,11914,25,30
4,2,11039,20,21
7,9,11030,34,36
65536,32768,46773,78768,130928
5,4,10794,25,30
4,2,10330,19,20
7,9,11859,35,84
65536,32768,44138,78279,127736
5,4,10597,35,42
4,2,10135,18,21
7,9,11186,55,37
65536,32768,45331,83073,127785
5,4,10178,24,29
4,2,10179,20,21
7,9,10236,36,37
65536,32768,43521,78020,130945
5,4,10508,24,30
4,2,10790,19,21
7,9,10266,38,37
65536,32768,44526,77723,127259
5,4,10378,28,33
4,2,10408,20,21
7,9,11101,34,37
65536,32768,42772,76512,126850
5,4,10300,24,30
4,2,11228,20,21
7,9,10288,35,37
65536,32768,44021,81115,133022
5,4,10145,25,30
4,2,12036,34,33
7,9,10432,44,44
65536,32768,45157,78163,133838
5,4,10270,25,30
4,2,10372,28,30
7,9,10672,44,37
65536,32768,43388,78741,130158
5,4,10966,25,30
4,2,11139,19,21
7,9,10264,35,65
65536,32768,43186,77734,129359
5,4,10761,25,30
4,2,10358,19,21
7,9,10275,35,36
65536,32768,43191,77965,126717
5,4,10947,40,31
4,2,10359,20,21
7,9,10137,35,36
65536,32768,44169,77478,128686
5,4,10257,23,28
4,2,10852,39,54
7,9,10821,35,36
65536,32768,43864,79908,128666
5,4,11891,24,30
4,2,10309,34,35
7,9,10611,40,48
65536,32768,43890,81313,132525
5,4,10951,30,35
4,2,11021,19,21
7,9,10183,35,37
65536,32768,43623,77710,126738
5,4,10180,25,31
4,2,10650,18,48
7,9,11081,35,36
65536,32768,44223,77922,128335
5,4,10702,34,30
4,2,10317,23,24
7,9,10164,35,37
65536,32768,44537,78262,127979
5,4,10271,24,29
4,2,10138,41,33
7,9,10277,53,54
65536,32768,44899,77861,128674
5,4,11059,24,29
4,2,10812,20,22
7,9,11232,36,38
65536,32768,44273,78229,128863
5,4,10092,42,41
4,2,10961,19,21
7,9,10137,35,37
65536,32768,46659,78618,132110
5,4,10450,51,30
4,2,10961,18,20
7,9,10174,37,38
65536,32768,44029,78559,129647
5,4,10429,25,29
4,2,11013,19,21
7,9,10348,35,36
65536,32768,45531,79347,133459
5,4,10926,26,30
4,2,10224,19,21
7,9,10264,45,38
65536,32768,44522,78299,129464
5,4,10918,35,41
4,2,10305,19,21
7,9,10336,46,68
65536,32768,44774,82796,132381
5,4,10924,25,30
4,2,10278,19,21
7,9,10152,35,38
65536,32768,43646,80410,130486
5,4,10716,25,30
4,2,10140,19,21
7,9,11926,35,37
65536,32768,45252,77464,128009
5,4,10541,43,29
4,2,10318,19,21
7,9,11224,43,36
65536,32768,44862,78462,128839
5,4,10951,25,31
4,2,11130,19,21
7,9,11261,71,84
65536,32768,46044,78506,129953
5,4,10782,25,29
4,2,10930,19,21
7,9,10885,35,36
65536,32768,44826,78590,132364
5,4,11176,25,33
4,2,11104,19,21
7,9,10263,35,79
65536,32768,44044,78576,130058
5,4,10283,25,31
4,2,10987,31,33
7,9,10699,39,39
65536,32768,44688,79772,129919
5,4,10113,24,30
4,2,10156,29,44
7,9,11126,73,38
65536,32768,45289,79505,126708
5,4,10962,29,31
4,2,10921,20,21
7,9,11956,34,37
65536,32768,43583,79064,128997
5,4,10329,57,62
4,2,11013,30,22
7,9,10679,39,42
65536,32768,45190,80367,127827
5,4,10548,34,36
4,2,11919,20,21
7,9,11223,36,38
65536,32768,44310,80119,135649
5,4,10635,26,30
4,2,10308,26,24
7,9,11083,34,37
65536,32768,44226,78078,129339
5,4,10982,24,29
4,2,11037,20,22
7,9,11328,47,44
65536,32768,44259,83155,128635
5,4,10394,25,29
4,2,10353,20,22
7,9,10243,34,36
65536,32768,44905,82089,136772
5,4,10961,26,29
4,2,10144,19,22
7,9,11026,34,37
65536,32768,43982,79655,132444
5,4,10899,25,49
4,2,11064,19,21
7,9,10215,39,38
65536,32768,43970,78550,131190
5,4,10346,25,30
4,2,10327,42,42
7,9,10210,35,37
65536,32768,43304,78436,127698
5,4,10410,24,29
4,2,10247,20,21
7,9,10258,34,36
65536,32768,43796,79743,137906
5,4,10886,25,29
4,2,11076,19,21
7,9,11226,36,36
65536,32768,43163,78529,128071
5,4,10267,24,29
4,2,10120,19,21
7,9,10269,37,38
65536,32768,45611,78471,129747
5,4,10204,25,29
4,2,10748,20,33
7,9,11744,35,37
65536,32768,44028,78766,131334
5,4,10783,25,29
4,2,10196,19,21
7,9,10143,35,37
65536,32768,43260,79703,128022
5,4,10908,23,49
4,2,10097,20,22
7,9,10389,36,37
65536,32768,45825,78887,132790
5,4,10339,24,29
4,2,10406,20,21
7,9,10239,35,38
65536,32768,44823,79305,130697
5,4,10879,24,30
4,2,10737,18,21
7,9,10888,38,37
65536,32768,45738,83672,136081
5,4,11004,38,42
4,2,10379,25,25
7,9,11030,51,62
65536,32768,45173,77616,128729
5,4,10690,28,31
4,2,10210,21,22
7,9,10244,49,67
65536,32768,45387,79496,128936
5,4,10492,24,29
4,2,10512,22,23
7,9,10550,35,36
65536,32768,44825,80178,132007
5,4,10545,26,57
4,2,10247,21,23
7,9,10236,35,37
65536,32768,44195,79469,127256
5,4,10689,24,33
4,2,10312,19,21
7,9,10257,34,37
65536,32768,43289,77170,127277
5,4,10627,24,29
4,2,10306,19,22
7,9,10218,35,37
65536,32768,44213,79509,128177
5,4,10357,24,30
4,2,11312,21,23
7,9,11575,35,37
65536,32768,43753,81161,135821
5,4,10541,25,34
4,2,10975,20,57
7,9,10644,44,38
65536,32768,44973,80240,127412
5,4,10715,25,30
4,2,10277,21,22
7,9,10972,37,39
65536,32768,43929,80020,128362
5,4,10829,24,29
4,2,10730,19,21
7,9,11021,38,36
65536,32768,43768,78508,127752
5,4,10304,25,31
4,2,10893,19,21
7,9,10992,60,39
65536,32768,44606,79185,132571
5,4,10202,24,29
4,2,11006,19,21
7,9,11005,51,63
65536,32768,44489,79160,132179
5,4,10943,25,29
4,2,10333,20,22
7,9,10605,66,61
65536,32768,43982,79991,128510
5,4,10893,24,29
4,2,11319,20,21
7,9,11079,37,41
65536,32768,46672,78407,128719
5,4,10902,31,42
4,2,11625,21,23
7,9,10771,34,36
65536,32768,44176,77235,126652
5,4,11006,25,30
4,2,11354,30,30
7,9,12029,35,36
65536,32768,44779,79998,130879
5,4,10451,55,40
4,2,10541,37,49
7,9,11914,35,37
65536,32768,45754,78752,134289
5,4,11077,35,40
4,2,10992,19,21
7,9,10992,35,38
65536,32768,44597,77632,129550
5,4,10952,27,30
4,2,11034,22,23
7,9,11470,37,38
65536,32768,44122,78452,128381
5,4,10407,25,30
4,2,10236,20,21
7,9,10128,39,40
65536,32768,44901,78814,130233
5,4,10514,26,30
4,2,10355,45,25
7,9,10932,35,37
65536,32768,44498,81451,129421
5,4,10619,28,31
4,2,10951,19,21
7,9,10157,35,41
65536,32768,45960,82613,135507
5,4,10282,25,29
4,2,11208,19,21
7,9,10831,45,56
65536,32768,46205,79680,127233
5,4,10837,44,30
4,2,11685,19,21
7,9,10102,35,36
65536,32768,44485,81468,131934
5,4,10455,23,29
4,2,10862,19,28
7,9,10214,35,37
65536,32768,43616,78249,128204
5,4,10972,34,29
4,2,10200,21,21
7,9,10241,39,37
65536,32768,43679,79538,130909
5,4,10087,47,52
4,2,10265,28,32
7,9,10998,35,37
65536,32768,46853,78199,130639
5,4,10570,24,29
4,2,10605,20,22
7,9,10186,35,36
65536,32768,45691,77951,127872
5,4,10226,34,39
4,2,10941,19,22
7,9,11774,35,38
65536,32768,43578,77224,129306
5,4,10913,25,30
4,2,11192,19,22
7,9,11277,36,37
65536,32768,43938,79236,131949
5,4,10933,41,32
4,2,10876,21,23
7,9,11364,52,50
65536,32768,46194,82180,129563
5,4,10792,24,29
4,2,10898,20,21
7,9,11281,35,37
65536,32768,44434,78257,129935
5,4,10631,25,30
4,2,10689,118,38
7,9,11017,36,37
65536,32768,44440,79162,130120
5,4,10786,24,30
4,2,10130,20,23
7,9,10953,36,38
65536,32768,45664,77864,132365
5,4,10501,26,30
4,2,10916,62,34
7,9,11738,34,36
65536,32768,45038,77117,128073
5,4,10472,24,29
4,2,11138,20,22
7,9,10593,88,85
65536,32768,45952,79833,127836
5,4,11520,39,46
4,2,11280,18,21
7,9,10721,75,56
65536,32768,45910,83136,133523
5,4,10733,26,31
4,2,10894,20,21
7,9,10151,35,37
65536,32768,44523,78595,129286
5,4,10155,24,41
4,2,11956,19,21
7,9,11324,36,37
65536,32768,45722,77296,128391
5,4,10710,24,31
4,2,10927,19,21
7,9,10278,35,36
65536,32768,44819,79568,131328
5,4,10630,36,43
4,2,10173,31,38
7,9,10975,37,37
65536,32768,46510,79621,163800
5,4,10498,26,31
4,2,11023,32,23
7,9,11773,34,36
65536,32768,44524,78083,128371
5,4,10084,24,29
4,2,10161,19,23
7,9,10238,35,37
65536,32768,44708,80358,130779
5,4,11054,42,45
4,2,10768,38,38
7,9,11627,55,42
65536,32768,46400,84315,127910
5,4,10093,25,30
4,2,10962,19,21
7,9,11007,34,36
65536,32768,43343,78583,128101
5,4,10379,24,29
4,2,10246,31,24
7,9,10746,34,37
65536,32768,44455,77332,127927
5,4,10846,24,29
4,2,11051,19,21
7,9,11816,50,53
65536,32768,44863,77990,129216
5,4,11974,24,29
4,2,10938,19,20
7,9,10190,35,37
65536,32768,44266,78068,127861
5,4,11550,24,29
4,2,10372,20,21
7,9,10238,34,35
65536,32768,45880,77156,129388
5,4,10383,24,30
4,2,11093,20,21
7,9,11193,69,49
65536,32768,43237,78231,128985
5,4,10901,25,29
4,2,10300,19,21
7,9,11787,34,37
65536,32768,46355,80455,132691
5,4,10404,25,30
4,2,10116,19,21
7,9,10337,36,38
65536,32768,44334,78243,128115
5,4,10928,27,31
4,2,10374,19,21
7,9,10295,35,37
65536,32768,44823,77648,128436
5,4,10379,24,28
4,2,10740,20,21
7,9,10327,35,51
65536,32768,45671,78979,129961
5,4,10735,46,54
4,2,11130,21,62
7,9,11320,38,39
65536,32768,43496,78502,128735
5,4,10195,26,30
4,2,11452,20,21
7,9,10278,38,39
65536,32768,45059,84780,134705
5,4,10669,25,30
4,2,10168,32,23
7,9,10649,46,68
65536,32768,47468,79486,132170
5,4,10864,24,29
4,2,10826,19,21
7,9,11335,35,37
65536,32768,45392,83070,133654
5,4,10453,24,29
4,2,11237,31,41
7,9,11171,35,36
65536,32768,44071,78678,130176
5,4,10507,24,29
4,2,10260,19,21
7,9,10285,55,60
65536,32768,44706,78863,129762
5,4,11938,27,31
4,2,11326,20,22
7,9,11013,35,36
65536,32768,44509,79092,126955
5,4,10419,24,29
4,2,10773,19,21
7,9,10948,35,37
65536,32768,47570,82535,139012
5,4,10949,26,41
4,2,11062,21,23
7,9,11323,34,36
65536,32768,43635,78547,130218
5,4,10364,34,30
4,2,10321,41,33
7,9,11884,35,37
65536,32768,44211,78014,131906
5,4,10535,24,31
4,2,10225,19,21
7,9,10991,36,38
65536,32768,44188,79067,129409
5,4,10582,51,29
4,2,11406,21,23
7,9,11718,54,61
65536,32768,44676,81061,131135
5,4,10207,25,30
4,2,11071,20,22
7,9,10526,35,36
65536,32768,44193,76887,131974
5,4,11373,25,30
4,2,10234,20,21
7,9,10998,48,52
65536,32768,43621,77350,127709
5,4,10912,26,30
4,2,11740,20,20
7,9,10302,36,37
65536,32768,45821,90628,138930
5,4,10525,25,30
4,2,10176,22,22
7,9,10774,36,38
65536,32768,43873,78106,134100
5,4,10479,26,48
4,2,10270,22,47
7,9,11180,35,37
65536,32768,45044,77014,127166
5,4,10149,37,55
4,2,11346,19,21
7,9,11051,35,36
65536,32768,45054,79233,134554
5,4,11039,44,50
4,2,10206,20,21
7,9,10986,35,36
65536,32768,43240,77287,126542
5,4,10766,36,41
4,2,11125,19,21
7,9,12026,35,36
65536,32768,46821,82633,126995
5,4,10977,25,29
4,2,10171,19,21
7,9,10915,37,37
65536,32768,44177,77981,129173
5,4,10103,47,63
4,2,10729,29,32
7,9,11023,34,37
65536,32768,45848,80080,133667
5,4,10306,24,29
4,2,11082,19,21
7,9,11066,34,36
65536,32768,43897,77740,127868
5,4,10910,25,30
4,2,10329,19,21
7,9,11304,60,55
65536,32768,44332,80219,129760
5,4,10488,24,30
4,2,10282,37,35
7,9,10946,34,36
65536,32768,44775,84305,131370
5,4,10938,24,30
4,2,10164,20,23
7,9,11000,63,56
65536,32768,44548,77574,133514
5,4,10359,35,41
4,2,10342,20,22
7,9,11064,35,36
65536,32768,44666,79602,132022
5,4,10133,33,30
4,2,11033,20,22
7,9,10122,47,49
65536,32768,45013,84484,142895
5,4,10284,26,31
4,2,11344,21,22
7,9,10354,46,58
65536,32768,48902,83288,137464
5,4,10978,25,30
4,2,10766,20,21
7,9,10798,37,52
65536,32768,46268,79373,136562
5,4,10799,36,33
4,2,12690,33,34
7,9,10192,42,51
65536,32768,45199,82669,131862
5,4,10739,37,43
4,2,10784,20,21
7,9,11061,35,39
65536,32768,49886,84506,133908
5,4,10719,25,29
4,2,10897,19,31
7,9,10293,53,57
65536,32768,44752,84719,134943
5,4,10358,37,45
4,2,10972,19,22
7,9,10227,45,37
65536,32768,46084,86189,130056
5,4,11214,28,33
4,2,10684,23,39
7,9,11888,46,57
65536,32768,45635,80143,142548
5,4,10227,26,30
4,2,10200,38,40
7,9,10825,38,37
65536,32768,44407,80170,134102
5,4,11683,24,31
4,2,11151,35,47
7,9,10491,35,45
65536,32768,45652,82306,143877
5,4,10195,37,40
4,2,10585,30,37
7,9,10109,52,56
65536,32768,44270,80981,135536
5,4,10426,26,30
4,2,10478,39,22
7,9,10232,35,37
65536,32768,45444,82364,129075
5,4,10101,24,53
4,2,10255,30,34
7,9,10900,35,36
65536,32768,50503,82255,133860
5,4,10118,46,30
4,2,10126,19,21
7,9,11318,38,39
65536,32768,47898,82125,135483
5,4,10312,36,46
4,2,10774,38,32
7,9,10773,49,54
65536,32768,45057,78579,132302
5,4,11757,25,43
4,2,10781,21,22
7,9,10377,49,50
65536,32768,45021,80827,128773
5,4,10825,25,34
4,2,10624,19,34
7,9,10172,35,36
65536,32768,47090,86394,138837
5,4,10328,24,30
4,2,10224,37,36
7,9,11119,35,38
65536,32768,49319,84533,132418
5,4,10779,27,34
4,2,11620,21,22
7,9,12084,52,57
65536,32768,45562,90012,133261
5,4,11072,25,30
4,2,10457,32,25
7,9,11628,49,40
65536,32768,44402,81097,142236
5,4,10434,27,31
4,2,10235,19,21
7,9,10839,36,38
65536,32768,45542,81259,137619
5,4,10424,26,31
4,2,11073,20,22
7,9,11961,37,38
65536,32768,44694,82481,152800
5,4,10696,35,30
4,2,11062,19,21
7,9,10992,35,55
65536,32768,45271,79149,130111
5,4,10990,23,29
4,2,10970,19,22
7,9,10165,50,52
65536,32768,43623,79725,140120
5,4,10858,25,34
4,2,10138,19,21
7,9,10444,43,44
65536,32768,43806,80514,134592
5,4,10276,30,38
4,2,10104,20,25
7,9,10624,56,55
65536,32768,44672,82972,131516
5,4,10987,28,31
4,2,10754,19,20
7,9,13726,36,36
65536,32768,44245,79771,128624
5,4,10498,25,29
4,2,11058,20,21
7,9,10330,35,37
65536,32768,44300,83140,127588
5,4,10629,26,31
4,2,10690,19,21
7,9,10115,34,48
65536,32768,44548,77605,127950
5,4,10645,24,30
4,2,10160,43,40
7,9,10932,39,38
65536,32768,48048,79150,128422
5,4,11007,27,31
4,2,10086,31,35
7,9,10792,35,37
65536,32768,43932,77894,130660
5,4,10578,24,29
4,2,11095,20,21
7,9,10126,57,36
65536,32768,44042,80034,133880
5,4,10076,24,30
4,2,10262,21,21
7,9,10243,36,37
65536,32768,45333,80532,133228
5,4,10607,25,30
4,2,10191,48,86
7,9,10736,34,36
65536,32768,44345,78602,129578
5,4,10110,25,34
4,2,10940,19,30
7,9,10148,42,48
65536,32768,48466,79960,130775
5,4,10563,25,29
4,2,10149,20,22
